{"C:\\Users\\niban\\OneDrive\\Desktop\\residence-app-backend\\src\\server.js": {"path":"C:\\Users\\niban\\OneDrive\\Desktop\\residence-app-backend\\src\\server.js","statementMap":{"0":{"start":{"line":1,"column":0},"end":{"line":1,"column":79}},"1":{"start":{"line":2,"column":16},"end":{"line":2,"column":34}},"2":{"start":{"line":3,"column":13},"end":{"line":3,"column":28}},"3":{"start":{"line":4,"column":15},"end":{"line":4,"column":32}},"4":{"start":{"line":5,"column":22},"end":{"line":5,"column":55}},"5":{"start":{"line":6,"column":18},"end":{"line":6,"column":47}},"6":{"start":{"line":9,"column":15},"end":{"line":9,"column":46}},"7":{"start":{"line":10,"column":17},"end":{"line":10,"column":45}},"8":{"start":{"line":13,"column":21},"end":{"line":13,"column":57}},"9":{"start":{"line":14,"column":27},"end":{"line":14,"column":69}},"10":{"start":{"line":15,"column":25},"end":{"line":15,"column":61}},"11":{"start":{"line":16,"column":15},"end":{"line":16,"column":40}},"12":{"start":{"line":19,"column":19},"end":{"line":19,"column":43}},"13":{"start":{"line":20,"column":23},"end":{"line":20,"column":52}},"14":{"start":{"line":21,"column":21},"end":{"line":21,"column":48}},"15":{"start":{"line":22,"column":21},"end":{"line":22,"column":48}},"16":{"start":{"line":23,"column":22},"end":{"line":23,"column":50}},"17":{"start":{"line":24,"column":19},"end":{"line":24,"column":44}},"18":{"start":{"line":25,"column":20},"end":{"line":25,"column":46}},"19":{"start":{"line":26,"column":24},"end":{"line":26,"column":54}},"20":{"start":{"line":27,"column":19},"end":{"line":27,"column":44}},"21":{"start":{"line":28,"column":27},"end":{"line":28,"column":60}},"22":{"start":{"line":29,"column":19},"end":{"line":29,"column":44}},"23":{"start":{"line":30,"column":24},"end":{"line":30,"column":54}},"24":{"start":{"line":31,"column":21},"end":{"line":31,"column":48}},"25":{"start":{"line":32,"column":27},"end":{"line":32,"column":60}},"26":{"start":{"line":35,"column":12},"end":{"line":35,"column":21}},"27":{"start":{"line":39,"column":0},"end":{"line":39,"column":18}},"28":{"start":{"line":42,"column":16},"end":{"line":46,"column":2}},"29":{"start":{"line":47,"column":0},"end":{"line":47,"column":26}},"30":{"start":{"line":50,"column":0},"end":{"line":54,"column":4}},"31":{"start":{"line":58,"column":0},"end":{"line":58,"column":41}},"32":{"start":{"line":61,"column":0},"end":{"line":61,"column":63}},"33":{"start":{"line":64,"column":0},"end":{"line":64,"column":25}},"34":{"start":{"line":67,"column":0},"end":{"line":67,"column":26}},"35":{"start":{"line":70,"column":0},"end":{"line":70,"column":28}},"36":{"start":{"line":73,"column":0},"end":{"line":91,"column":3}},"37":{"start":{"line":74,"column":2},"end":{"line":90,"column":3}},"38":{"start":{"line":75,"column":4},"end":{"line":83,"column":7}},"39":{"start":{"line":85,"column":4},"end":{"line":89,"column":7}},"40":{"start":{"line":94,"column":0},"end":{"line":94,"column":36}},"41":{"start":{"line":95,"column":0},"end":{"line":95,"column":45}},"42":{"start":{"line":96,"column":0},"end":{"line":96,"column":41}},"43":{"start":{"line":97,"column":0},"end":{"line":97,"column":41}},"44":{"start":{"line":98,"column":0},"end":{"line":98,"column":43}},"45":{"start":{"line":99,"column":0},"end":{"line":99,"column":37}},"46":{"start":{"line":100,"column":0},"end":{"line":100,"column":39}},"47":{"start":{"line":101,"column":0},"end":{"line":101,"column":47}},"48":{"start":{"line":102,"column":0},"end":{"line":102,"column":37}},"49":{"start":{"line":103,"column":0},"end":{"line":103,"column":53}},"50":{"start":{"line":104,"column":0},"end":{"line":104,"column":37}},"51":{"start":{"line":105,"column":0},"end":{"line":105,"column":47}},"52":{"start":{"line":106,"column":0},"end":{"line":106,"column":41}},"53":{"start":{"line":107,"column":0},"end":{"line":107,"column":53}},"54":{"start":{"line":110,"column":0},"end":{"line":117,"column":3}},"55":{"start":{"line":111,"column":2},"end":{"line":116,"column":5}},"56":{"start":{"line":120,"column":0},"end":{"line":120,"column":22}},"57":{"start":{"line":123,"column":0},"end":{"line":142,"column":1}},"58":{"start":{"line":124,"column":2},"end":{"line":124,"column":21}},"59":{"start":{"line":126,"column":15},"end":{"line":126,"column":26}},"60":{"start":{"line":127,"column":17},"end":{"line":132,"column":4}},"61":{"start":{"line":128,"column":4},"end":{"line":128,"column":52}},"62":{"start":{"line":129,"column":4},"end":{"line":129,"column":53}},"63":{"start":{"line":130,"column":4},"end":{"line":130,"column":58}},"64":{"start":{"line":131,"column":4},"end":{"line":131,"column":70}},"65":{"start":{"line":134,"column":2},"end":{"line":141,"column":5}},"66":{"start":{"line":135,"column":4},"end":{"line":135,"column":65}},"67":{"start":{"line":136,"column":4},"end":{"line":140,"column":7}},"68":{"start":{"line":137,"column":6},"end":{"line":137,"column":35}},"69":{"start":{"line":138,"column":6},"end":{"line":138,"column":28}},"70":{"start":{"line":139,"column":6},"end":{"line":139,"column":22}},"71":{"start":{"line":144,"column":0},"end":{"line":144,"column":21}}},"fnMap":{"0":{"name":"(anonymous_0)","decl":{"start":{"line":73,"column":26},"end":{"line":73,"column":27}},"loc":{"start":{"line":73,"column":46},"end":{"line":91,"column":1}},"line":73},"1":{"name":"(anonymous_1)","decl":{"start":{"line":110,"column":8},"end":{"line":110,"column":9}},"loc":{"start":{"line":110,"column":22},"end":{"line":117,"column":1}},"line":110},"2":{"name":"(anonymous_2)","decl":{"start":{"line":127,"column":34},"end":{"line":127,"column":35}},"loc":{"start":{"line":127,"column":40},"end":{"line":132,"column":3}},"line":127},"3":{"name":"(anonymous_3)","decl":{"start":{"line":134,"column":24},"end":{"line":134,"column":25}},"loc":{"start":{"line":134,"column":30},"end":{"line":141,"column":3}},"line":134},"4":{"name":"(anonymous_4)","decl":{"start":{"line":136,"column":17},"end":{"line":136,"column":18}},"loc":{"start":{"line":136,"column":23},"end":{"line":140,"column":5}},"line":136}},"branchMap":{"0":{"loc":{"start":{"line":81,"column":16},"end":{"line":81,"column":36}},"type":"binary-expr","locations":[{"start":{"line":81,"column":16},"end":{"line":81,"column":28}},{"start":{"line":81,"column":32},"end":{"line":81,"column":36}}],"line":81},"1":{"loc":{"start":{"line":123,"column":0},"end":{"line":142,"column":1}},"type":"if","locations":[{"start":{"line":123,"column":0},"end":{"line":142,"column":1}},{"start":{},"end":{}}],"line":123}},"s":{"0":1,"1":1,"2":1,"3":1,"4":1,"5":1,"6":1,"7":1,"8":1,"9":1,"10":1,"11":1,"12":1,"13":1,"14":1,"15":1,"16":1,"17":1,"18":1,"19":1,"20":1,"21":1,"22":1,"23":1,"24":1,"25":1,"26":1,"27":1,"28":1,"29":1,"30":1,"31":1,"32":1,"33":1,"34":1,"35":1,"36":1,"37":1,"38":1,"39":0,"40":1,"41":1,"42":1,"43":1,"44":1,"45":1,"46":1,"47":1,"48":1,"49":1,"50":1,"51":1,"52":1,"53":1,"54":1,"55":1,"56":1,"57":1,"58":0,"59":0,"60":0,"61":0,"62":0,"63":0,"64":0,"65":0,"66":0,"67":0,"68":0,"69":0,"70":0,"71":1},"f":{"0":1,"1":1,"2":0,"3":0,"4":0},"b":{"0":[1,0],"1":[0,1]},"_coverageSchema":"1a1c01bbd47fc00a2c39e90264f33305004495a9","hash":"64dca6e5c10ab369768ad8e9e64800410e9035ae"}
,"C:\\Users\\niban\\OneDrive\\Desktop\\residence-app-backend\\src\\config\\constants.js": {"path":"C:\\Users\\niban\\OneDrive\\Desktop\\residence-app-backend\\src\\config\\constants.js","statementMap":{"0":{"start":{"line":2,"column":14},"end":{"line":6,"column":1}},"1":{"start":{"line":9,"column":20},"end":{"line":19,"column":1}},"2":{"start":{"line":22,"column":24},"end":{"line":27,"column":1}},"3":{"start":{"line":30,"column":27},"end":{"line":40,"column":1}},"4":{"start":{"line":42,"column":0},"end":{"line":47,"column":2}}},"fnMap":{},"branchMap":{},"s":{"0":1,"1":1,"2":1,"3":1,"4":1},"f":{},"b":{},"_coverageSchema":"1a1c01bbd47fc00a2c39e90264f33305004495a9","hash":"a48b5d435673a41174d498ac8df1c3e487ddd15b"}
,"C:\\Users\\niban\\OneDrive\\Desktop\\residence-app-backend\\src\\config\\database.js": {"path":"C:\\Users\\niban\\OneDrive\\Desktop\\residence-app-backend\\src\\config\\database.js","statementMap":{"0":{"start":{"line":1,"column":17},"end":{"line":1,"column":36}},"1":{"start":{"line":2,"column":15},"end":{"line":2,"column":39}},"2":{"start":{"line":3,"column":15},"end":{"line":3,"column":41}},"3":{"start":{"line":7,"column":4},"end":{"line":34,"column":5}},"4":{"start":{"line":8,"column":6},"end":{"line":8,"column":49}},"5":{"start":{"line":10,"column":6},"end":{"line":14,"column":9}},"6":{"start":{"line":16,"column":6},"end":{"line":16,"column":54}},"7":{"start":{"line":19,"column":6},"end":{"line":19,"column":33}},"8":{"start":{"line":21,"column":6},"end":{"line":21,"column":33}},"9":{"start":{"line":24,"column":6},"end":{"line":24,"column":66}},"10":{"start":{"line":27,"column":6},"end":{"line":33,"column":7}},"11":{"start":{"line":28,"column":8},"end":{"line":28,"column":24}},"12":{"start":{"line":30,"column":8},"end":{"line":30,"column":60}},"13":{"start":{"line":31,"column":8},"end":{"line":31,"column":64}},"14":{"start":{"line":31,"column":37},"end":{"line":31,"column":62}},"15":{"start":{"line":32,"column":8},"end":{"line":32,"column":30}},"16":{"start":{"line":38,"column":17},"end":{"line":38,"column":36}},"17":{"start":{"line":40,"column":4},"end":{"line":42,"column":7}},"18":{"start":{"line":41,"column":6},"end":{"line":41,"column":41}},"19":{"start":{"line":44,"column":4},"end":{"line":46,"column":7}},"20":{"start":{"line":45,"column":6},"end":{"line":45,"column":44}},"21":{"start":{"line":48,"column":4},"end":{"line":50,"column":7}},"22":{"start":{"line":49,"column":6},"end":{"line":49,"column":45}},"23":{"start":{"line":52,"column":4},"end":{"line":54,"column":7}},"24":{"start":{"line":53,"column":6},"end":{"line":53,"column":43}},"25":{"start":{"line":58,"column":4},"end":{"line":64,"column":5}},"26":{"start":{"line":59,"column":6},"end":{"line":59,"column":34}},"27":{"start":{"line":60,"column":6},"end":{"line":60,"column":44}},"28":{"start":{"line":62,"column":6},"end":{"line":62,"column":63}},"29":{"start":{"line":63,"column":6},"end":{"line":63,"column":18}},"30":{"start":{"line":68,"column":0},"end":{"line":68,"column":32}}},"fnMap":{"0":{"name":"(anonymous_0)","decl":{"start":{"line":6,"column":2},"end":{"line":6,"column":3}},"loc":{"start":{"line":6,"column":18},"end":{"line":35,"column":3}},"line":6},"1":{"name":"(anonymous_1)","decl":{"start":{"line":31,"column":26},"end":{"line":31,"column":27}},"loc":{"start":{"line":31,"column":37},"end":{"line":31,"column":62}},"line":31},"2":{"name":"(anonymous_2)","decl":{"start":{"line":37,"column":2},"end":{"line":37,"column":3}},"loc":{"start":{"line":37,"column":24},"end":{"line":55,"column":3}},"line":37},"3":{"name":"(anonymous_3)","decl":{"start":{"line":40,"column":25},"end":{"line":40,"column":26}},"loc":{"start":{"line":40,"column":31},"end":{"line":42,"column":5}},"line":40},"4":{"name":"(anonymous_4)","decl":{"start":{"line":44,"column":21},"end":{"line":44,"column":22}},"loc":{"start":{"line":44,"column":30},"end":{"line":46,"column":5}},"line":44},"5":{"name":"(anonymous_5)","decl":{"start":{"line":48,"column":28},"end":{"line":48,"column":29}},"loc":{"start":{"line":48,"column":34},"end":{"line":50,"column":5}},"line":48},"6":{"name":"(anonymous_6)","decl":{"start":{"line":52,"column":27},"end":{"line":52,"column":28}},"loc":{"start":{"line":52,"column":33},"end":{"line":54,"column":5}},"line":52},"7":{"name":"(anonymous_7)","decl":{"start":{"line":57,"column":2},"end":{"line":57,"column":3}},"loc":{"start":{"line":57,"column":21},"end":{"line":65,"column":3}},"line":57}},"branchMap":{"0":{"loc":{"start":{"line":27,"column":6},"end":{"line":33,"column":7}},"type":"if","locations":[{"start":{"line":27,"column":6},"end":{"line":33,"column":7}},{"start":{"line":29,"column":13},"end":{"line":33,"column":7}}],"line":27}},"s":{"0":0,"1":0,"2":0,"3":0,"4":0,"5":0,"6":0,"7":0,"8":0,"9":0,"10":0,"11":0,"12":0,"13":0,"14":0,"15":0,"16":0,"17":0,"18":0,"19":0,"20":0,"21":0,"22":0,"23":0,"24":0,"25":0,"26":0,"27":0,"28":0,"29":0,"30":0},"f":{"0":0,"1":0,"2":0,"3":0,"4":0,"5":0,"6":0,"7":0},"b":{"0":[0,0]}}
,"C:\\Users\\niban\\OneDrive\\Desktop\\residence-app-backend\\src\\config\\environment.js": {"path":"C:\\Users\\niban\\OneDrive\\Desktop\\residence-app-backend\\src\\config\\environment.js","statementMap":{"0":{"start":{"line":1,"column":15},"end":{"line":1,"column":32}},"1":{"start":{"line":2,"column":13},"end":{"line":2,"column":28}},"2":{"start":{"line":5,"column":0},"end":{"line":5,"column":60}},"3":{"start":{"line":8,"column":24},"end":{"line":15,"column":1}},"4":{"start":{"line":18,"column":0},"end":{"line":22,"column":3}},"5":{"start":{"line":19,"column":2},"end":{"line":21,"column":3}},"6":{"start":{"line":20,"column":4},"end":{"line":20,"column":99}},"7":{"start":{"line":25,"column":19},"end":{"line":25,"column":49}},"8":{"start":{"line":26,"column":0},"end":{"line":28,"column":1}},"9":{"start":{"line":27,"column":2},"end":{"line":27,"column":99}},"10":{"start":{"line":30,"column":0},"end":{"line":49,"column":2}}},"fnMap":{"0":{"name":"(anonymous_0)","decl":{"start":{"line":18,"column":24},"end":{"line":18,"column":25}},"loc":{"start":{"line":18,"column":34},"end":{"line":22,"column":1}},"line":18}},"branchMap":{"0":{"loc":{"start":{"line":19,"column":2},"end":{"line":21,"column":3}},"type":"if","locations":[{"start":{"line":19,"column":2},"end":{"line":21,"column":3}},{"start":{},"end":{}}],"line":19},"1":{"loc":{"start":{"line":26,"column":0},"end":{"line":28,"column":1}},"type":"if","locations":[{"start":{"line":26,"column":0},"end":{"line":28,"column":1}},{"start":{},"end":{}}],"line":26},"2":{"loc":{"start":{"line":26,"column":4},"end":{"line":26,"column":61}},"type":"binary-expr","locations":[{"start":{"line":26,"column":4},"end":{"line":26,"column":21}},{"start":{"line":26,"column":25},"end":{"line":26,"column":39}},{"start":{"line":26,"column":43},"end":{"line":26,"column":61}}],"line":26},"3":{"loc":{"start":{"line":31,"column":11},"end":{"line":31,"column":48}},"type":"binary-expr","locations":[{"start":{"line":31,"column":11},"end":{"line":31,"column":31}},{"start":{"line":31,"column":35},"end":{"line":31,"column":48}}],"line":31},"4":{"loc":{"start":{"line":36,"column":17},"end":{"line":36,"column":66}},"type":"binary-expr","locations":[{"start":{"line":36,"column":17},"end":{"line":36,"column":60}},{"start":{"line":36,"column":64},"end":{"line":36,"column":66}}],"line":36},"5":{"loc":{"start":{"line":41,"column":13},"end":{"line":41,"column":44}},"type":"binary-expr","locations":[{"start":{"line":41,"column":13},"end":{"line":41,"column":35}},{"start":{"line":41,"column":39},"end":{"line":41,"column":44}}],"line":41},"6":{"loc":{"start":{"line":42,"column":20},"end":{"line":42,"column":58}},"type":"binary-expr","locations":[{"start":{"line":42,"column":20},"end":{"line":42,"column":50}},{"start":{"line":42,"column":54},"end":{"line":42,"column":58}}],"line":42},"7":{"loc":{"start":{"line":48,"column":12},"end":{"line":48,"column":43}},"type":"binary-expr","locations":[{"start":{"line":48,"column":12},"end":{"line":48,"column":33}},{"start":{"line":48,"column":37},"end":{"line":48,"column":43}}],"line":48}},"s":{"0":1,"1":1,"2":1,"3":1,"4":1,"5":6,"6":0,"7":1,"8":1,"9":0,"10":1},"f":{"0":6},"b":{"0":[0,6],"1":[0,1],"2":[1,1,1],"3":[1,0],"4":[1,1],"5":[1,0],"6":[1,0],"7":[1,0]},"_coverageSchema":"1a1c01bbd47fc00a2c39e90264f33305004495a9","hash":"eed87ede818cb00ac70bc8e23bcc5f8d75033a20"}
,"C:\\Users\\niban\\OneDrive\\Desktop\\residence-app-backend\\src\\controllers\\announcementController.js": {"path":"C:\\Users\\niban\\OneDrive\\Desktop\\residence-app-backend\\src\\controllers\\announcementController.js","statementMap":{"0":{"start":{"line":1,"column":21},"end":{"line":1,"column":54}},"1":{"start":{"line":2,"column":24},"end":{"line":2,"column":61}},"2":{"start":{"line":3,"column":43},"end":{"line":3,"column":69}},"3":{"start":{"line":4,"column":15},"end":{"line":4,"column":41}},"4":{"start":{"line":9,"column":4},"end":{"line":34,"column":5}},"5":{"start":{"line":10,"column":23},"end":{"line":10,"column":40}},"6":{"start":{"line":11,"column":45},"end":{"line":11,"column":54}},"7":{"start":{"line":13,"column":20},"end":{"line":13,"column":32}},"8":{"start":{"line":14,"column":6},"end":{"line":14,"column":34}},"9":{"start":{"line":14,"column":16},"end":{"line":14,"column":34}},"10":{"start":{"line":16,"column":28},"end":{"line":21,"column":32}},"11":{"start":{"line":23,"column":20},"end":{"line":23,"column":60}},"12":{"start":{"line":25,"column":6},"end":{"line":31,"column":8}},"13":{"start":{"line":33,"column":6},"end":{"line":33,"column":18}},"14":{"start":{"line":39,"column":4},"end":{"line":59,"column":5}},"15":{"start":{"line":40,"column":33},"end":{"line":40,"column":43}},"16":{"start":{"line":42,"column":27},"end":{"line":44,"column":37}},"17":{"start":{"line":46,"column":6},"end":{"line":48,"column":7}},"18":{"start":{"line":47,"column":8},"end":{"line":47,"column":59}},"19":{"start":{"line":50,"column":6},"end":{"line":56,"column":8}},"20":{"start":{"line":58,"column":6},"end":{"line":58,"column":18}},"21":{"start":{"line":64,"column":4},"end":{"line":96,"column":5}},"22":{"start":{"line":65,"column":65},"end":{"line":65,"column":73}},"23":{"start":{"line":67,"column":6},"end":{"line":69,"column":7}},"24":{"start":{"line":68,"column":8},"end":{"line":68,"column":68}},"25":{"start":{"line":71,"column":27},"end":{"line":81,"column":8}},"26":{"start":{"line":83,"column":6},"end":{"line":83,"column":32}},"27":{"start":{"line":85,"column":6},"end":{"line":85,"column":52}},"28":{"start":{"line":87,"column":6},"end":{"line":93,"column":8}},"29":{"start":{"line":95,"column":6},"end":{"line":95,"column":18}},"30":{"start":{"line":101,"column":4},"end":{"line":133,"column":5}},"31":{"start":{"line":102,"column":33},"end":{"line":102,"column":43}},"32":{"start":{"line":103,"column":65},"end":{"line":103,"column":73}},"33":{"start":{"line":105,"column":22},"end":{"line":105,"column":24}},"34":{"start":{"line":106,"column":6},"end":{"line":106,"column":39}},"35":{"start":{"line":106,"column":17},"end":{"line":106,"column":39}},"36":{"start":{"line":107,"column":6},"end":{"line":107,"column":45}},"37":{"start":{"line":107,"column":19},"end":{"line":107,"column":45}},"38":{"start":{"line":108,"column":6},"end":{"line":108,"column":36}},"39":{"start":{"line":108,"column":16},"end":{"line":108,"column":36}},"40":{"start":{"line":109,"column":6},"end":{"line":109,"column":66}},"41":{"start":{"line":109,"column":26},"end":{"line":109,"column":66}},"42":{"start":{"line":110,"column":6},"end":{"line":110,"column":48}},"43":{"start":{"line":110,"column":20},"end":{"line":110,"column":48}},"44":{"start":{"line":112,"column":27},"end":{"line":116,"column":7}},"45":{"start":{"line":118,"column":6},"end":{"line":120,"column":7}},"46":{"start":{"line":119,"column":8},"end":{"line":119,"column":59}},"47":{"start":{"line":122,"column":6},"end":{"line":122,"column":61}},"48":{"start":{"line":124,"column":6},"end":{"line":130,"column":8}},"49":{"start":{"line":132,"column":6},"end":{"line":132,"column":18}},"50":{"start":{"line":138,"column":4},"end":{"line":158,"column":5}},"51":{"start":{"line":139,"column":33},"end":{"line":139,"column":43}},"52":{"start":{"line":141,"column":27},"end":{"line":141,"column":79}},"53":{"start":{"line":143,"column":6},"end":{"line":145,"column":7}},"54":{"start":{"line":144,"column":8},"end":{"line":144,"column":59}},"55":{"start":{"line":147,"column":6},"end":{"line":147,"column":61}},"56":{"start":{"line":149,"column":6},"end":{"line":155,"column":8}},"57":{"start":{"line":157,"column":6},"end":{"line":157,"column":18}},"58":{"start":{"line":163,"column":4},"end":{"line":186,"column":5}},"59":{"start":{"line":164,"column":33},"end":{"line":164,"column":43}},"60":{"start":{"line":165,"column":21},"end":{"line":165,"column":33}},"61":{"start":{"line":167,"column":27},"end":{"line":171,"column":7}},"62":{"start":{"line":173,"column":6},"end":{"line":175,"column":7}},"63":{"start":{"line":174,"column":8},"end":{"line":174,"column":59}},"64":{"start":{"line":177,"column":6},"end":{"line":183,"column":8}},"65":{"start":{"line":185,"column":6},"end":{"line":185,"column":18}},"66":{"start":{"line":191,"column":4},"end":{"line":228,"column":5}},"67":{"start":{"line":192,"column":33},"end":{"line":192,"column":43}},"68":{"start":{"line":193,"column":23},"end":{"line":193,"column":31}},"69":{"start":{"line":195,"column":6},"end":{"line":197,"column":7}},"70":{"start":{"line":196,"column":8},"end":{"line":196,"column":68}},"71":{"start":{"line":199,"column":27},"end":{"line":211,"column":41}},"72":{"start":{"line":213,"column":6},"end":{"line":215,"column":7}},"73":{"start":{"line":214,"column":8},"end":{"line":214,"column":59}},"74":{"start":{"line":217,"column":6},"end":{"line":217,"column":70}},"75":{"start":{"line":219,"column":6},"end":{"line":225,"column":8}},"76":{"start":{"line":227,"column":6},"end":{"line":227,"column":18}},"77":{"start":{"line":233,"column":4},"end":{"line":256,"column":5}},"78":{"start":{"line":234,"column":33},"end":{"line":234,"column":43}},"79":{"start":{"line":235,"column":21},"end":{"line":235,"column":33}},"80":{"start":{"line":237,"column":27},"end":{"line":241,"column":7}},"81":{"start":{"line":243,"column":6},"end":{"line":245,"column":7}},"82":{"start":{"line":244,"column":8},"end":{"line":244,"column":59}},"83":{"start":{"line":247,"column":6},"end":{"line":253,"column":8}},"84":{"start":{"line":255,"column":6},"end":{"line":255,"column":18}},"85":{"start":{"line":260,"column":0},"end":{"line":260,"column":46}}},"fnMap":{"0":{"name":"(anonymous_0)","decl":{"start":{"line":8,"column":2},"end":{"line":8,"column":3}},"loc":{"start":{"line":8,"column":44},"end":{"line":35,"column":3}},"line":8},"1":{"name":"(anonymous_1)","decl":{"start":{"line":38,"column":2},"end":{"line":38,"column":3}},"loc":{"start":{"line":38,"column":44},"end":{"line":60,"column":3}},"line":38},"2":{"name":"(anonymous_2)","decl":{"start":{"line":63,"column":2},"end":{"line":63,"column":3}},"loc":{"start":{"line":63,"column":43},"end":{"line":97,"column":3}},"line":63},"3":{"name":"(anonymous_3)","decl":{"start":{"line":100,"column":2},"end":{"line":100,"column":3}},"loc":{"start":{"line":100,"column":43},"end":{"line":134,"column":3}},"line":100},"4":{"name":"(anonymous_4)","decl":{"start":{"line":137,"column":2},"end":{"line":137,"column":3}},"loc":{"start":{"line":137,"column":43},"end":{"line":159,"column":3}},"line":137},"5":{"name":"(anonymous_5)","decl":{"start":{"line":162,"column":2},"end":{"line":162,"column":3}},"loc":{"start":{"line":162,"column":37},"end":{"line":187,"column":3}},"line":162},"6":{"name":"(anonymous_6)","decl":{"start":{"line":190,"column":2},"end":{"line":190,"column":3}},"loc":{"start":{"line":190,"column":35},"end":{"line":229,"column":3}},"line":190},"7":{"name":"(anonymous_7)","decl":{"start":{"line":232,"column":2},"end":{"line":232,"column":3}},"loc":{"start":{"line":232,"column":41},"end":{"line":257,"column":3}},"line":232}},"branchMap":{"0":{"loc":{"start":{"line":11,"column":20},"end":{"line":11,"column":28}},"type":"default-arg","locations":[{"start":{"line":11,"column":27},"end":{"line":11,"column":28}}],"line":11},"1":{"loc":{"start":{"line":11,"column":30},"end":{"line":11,"column":40}},"type":"default-arg","locations":[{"start":{"line":11,"column":38},"end":{"line":11,"column":40}}],"line":11},"2":{"loc":{"start":{"line":14,"column":6},"end":{"line":14,"column":34}},"type":"if","locations":[{"start":{"line":14,"column":6},"end":{"line":14,"column":34}},{"start":{},"end":{}}],"line":14},"3":{"loc":{"start":{"line":46,"column":6},"end":{"line":48,"column":7}},"type":"if","locations":[{"start":{"line":46,"column":6},"end":{"line":48,"column":7}},{"start":{},"end":{}}],"line":46},"4":{"loc":{"start":{"line":67,"column":6},"end":{"line":69,"column":7}},"type":"if","locations":[{"start":{"line":67,"column":6},"end":{"line":69,"column":7}},{"start":{},"end":{}}],"line":67},"5":{"loc":{"start":{"line":67,"column":10},"end":{"line":67,"column":37}},"type":"binary-expr","locations":[{"start":{"line":67,"column":10},"end":{"line":67,"column":16}},{"start":{"line":67,"column":20},"end":{"line":67,"column":28}},{"start":{"line":67,"column":32},"end":{"line":67,"column":37}}],"line":67},"6":{"loc":{"start":{"line":76,"column":24},"end":{"line":76,"column":47}},"type":"binary-expr","locations":[{"start":{"line":76,"column":24},"end":{"line":76,"column":38}},{"start":{"line":76,"column":42},"end":{"line":76,"column":47}}],"line":76},"7":{"loc":{"start":{"line":77,"column":18},"end":{"line":77,"column":38}},"type":"binary-expr","locations":[{"start":{"line":77,"column":18},"end":{"line":77,"column":26}},{"start":{"line":77,"column":30},"end":{"line":77,"column":38}}],"line":77},"8":{"loc":{"start":{"line":106,"column":6},"end":{"line":106,"column":39}},"type":"if","locations":[{"start":{"line":106,"column":6},"end":{"line":106,"column":39}},{"start":{},"end":{}}],"line":106},"9":{"loc":{"start":{"line":107,"column":6},"end":{"line":107,"column":45}},"type":"if","locations":[{"start":{"line":107,"column":6},"end":{"line":107,"column":45}},{"start":{},"end":{}}],"line":107},"10":{"loc":{"start":{"line":108,"column":6},"end":{"line":108,"column":36}},"type":"if","locations":[{"start":{"line":108,"column":6},"end":{"line":108,"column":36}},{"start":{},"end":{}}],"line":108},"11":{"loc":{"start":{"line":109,"column":6},"end":{"line":109,"column":66}},"type":"if","locations":[{"start":{"line":109,"column":6},"end":{"line":109,"column":66}},{"start":{},"end":{}}],"line":109},"12":{"loc":{"start":{"line":110,"column":6},"end":{"line":110,"column":48}},"type":"if","locations":[{"start":{"line":110,"column":6},"end":{"line":110,"column":48}},{"start":{},"end":{}}],"line":110},"13":{"loc":{"start":{"line":118,"column":6},"end":{"line":120,"column":7}},"type":"if","locations":[{"start":{"line":118,"column":6},"end":{"line":120,"column":7}},{"start":{},"end":{}}],"line":118},"14":{"loc":{"start":{"line":143,"column":6},"end":{"line":145,"column":7}},"type":"if","locations":[{"start":{"line":143,"column":6},"end":{"line":145,"column":7}},{"start":{},"end":{}}],"line":143},"15":{"loc":{"start":{"line":173,"column":6},"end":{"line":175,"column":7}},"type":"if","locations":[{"start":{"line":173,"column":6},"end":{"line":175,"column":7}},{"start":{},"end":{}}],"line":173},"16":{"loc":{"start":{"line":195,"column":6},"end":{"line":197,"column":7}},"type":"if","locations":[{"start":{"line":195,"column":6},"end":{"line":197,"column":7}},{"start":{},"end":{}}],"line":195},"17":{"loc":{"start":{"line":213,"column":6},"end":{"line":215,"column":7}},"type":"if","locations":[{"start":{"line":213,"column":6},"end":{"line":215,"column":7}},{"start":{},"end":{}}],"line":213},"18":{"loc":{"start":{"line":243,"column":6},"end":{"line":245,"column":7}},"type":"if","locations":[{"start":{"line":243,"column":6},"end":{"line":245,"column":7}},{"start":{},"end":{}}],"line":243},"19":{"loc":{"start":{"line":250,"column":19},"end":{"line":250,"column":69}},"type":"cond-expr","locations":[{"start":{"line":250,"column":40},"end":{"line":250,"column":65}},{"start":{"line":250,"column":68},"end":{"line":250,"column":69}}],"line":250}},"s":{"0":1,"1":1,"2":1,"3":1,"4":0,"5":0,"6":0,"7":0,"8":0,"9":0,"10":0,"11":0,"12":0,"13":0,"14":0,"15":0,"16":0,"17":0,"18":0,"19":0,"20":0,"21":0,"22":0,"23":0,"24":0,"25":0,"26":0,"27":0,"28":0,"29":0,"30":0,"31":0,"32":0,"33":0,"34":0,"35":0,"36":0,"37":0,"38":0,"39":0,"40":0,"41":0,"42":0,"43":0,"44":0,"45":0,"46":0,"47":0,"48":0,"49":0,"50":0,"51":0,"52":0,"53":0,"54":0,"55":0,"56":0,"57":0,"58":0,"59":0,"60":0,"61":0,"62":0,"63":0,"64":0,"65":0,"66":0,"67":0,"68":0,"69":0,"70":0,"71":0,"72":0,"73":0,"74":0,"75":0,"76":0,"77":0,"78":0,"79":0,"80":0,"81":0,"82":0,"83":0,"84":0,"85":1},"f":{"0":0,"1":0,"2":0,"3":0,"4":0,"5":0,"6":0,"7":0},"b":{"0":[0],"1":[0],"2":[0,0],"3":[0,0],"4":[0,0],"5":[0,0,0],"6":[0,0],"7":[0,0],"8":[0,0],"9":[0,0],"10":[0,0],"11":[0,0],"12":[0,0],"13":[0,0],"14":[0,0],"15":[0,0],"16":[0,0],"17":[0,0],"18":[0,0],"19":[0,0]},"_coverageSchema":"1a1c01bbd47fc00a2c39e90264f33305004495a9","hash":"fec1a69ad268873155eef81a30a3fd407c06969a"}
,"C:\\Users\\niban\\OneDrive\\Desktop\\residence-app-backend\\src\\controllers\\apartmentController.js": {"path":"C:\\Users\\niban\\OneDrive\\Desktop\\residence-app-backend\\src\\controllers\\apartmentController.js","statementMap":{"0":{"start":{"line":1,"column":18},"end":{"line":1,"column":48}},"1":{"start":{"line":2,"column":24},"end":{"line":2,"column":61}},"2":{"start":{"line":3,"column":43},"end":{"line":3,"column":69}},"3":{"start":{"line":4,"column":15},"end":{"line":4,"column":41}},"4":{"start":{"line":9,"column":4},"end":{"line":34,"column":5}},"5":{"start":{"line":10,"column":23},"end":{"line":10,"column":40}},"6":{"start":{"line":11,"column":47},"end":{"line":11,"column":56}},"7":{"start":{"line":13,"column":20},"end":{"line":13,"column":32}},"8":{"start":{"line":14,"column":6},"end":{"line":14,"column":40}},"9":{"start":{"line":14,"column":18},"end":{"line":14,"column":40}},"10":{"start":{"line":16,"column":25},"end":{"line":21,"column":38}},"11":{"start":{"line":23,"column":20},"end":{"line":23,"column":57}},"12":{"start":{"line":25,"column":6},"end":{"line":31,"column":8}},"13":{"start":{"line":33,"column":6},"end":{"line":33,"column":18}},"14":{"start":{"line":39,"column":4},"end":{"line":59,"column":5}},"15":{"start":{"line":40,"column":30},"end":{"line":40,"column":40}},"16":{"start":{"line":42,"column":24},"end":{"line":44,"column":45}},"17":{"start":{"line":46,"column":6},"end":{"line":48,"column":7}},"18":{"start":{"line":47,"column":8},"end":{"line":47,"column":59}},"19":{"start":{"line":50,"column":6},"end":{"line":56,"column":8}},"20":{"start":{"line":58,"column":6},"end":{"line":58,"column":18}},"21":{"start":{"line":64,"column":4},"end":{"line":96,"column":5}},"22":{"start":{"line":65,"column":81},"end":{"line":65,"column":89}},"23":{"start":{"line":67,"column":6},"end":{"line":69,"column":7}},"24":{"start":{"line":68,"column":8},"end":{"line":68,"column":68}},"25":{"start":{"line":71,"column":24},"end":{"line":81,"column":8}},"26":{"start":{"line":83,"column":6},"end":{"line":83,"column":29}},"27":{"start":{"line":85,"column":6},"end":{"line":85,"column":68}},"28":{"start":{"line":87,"column":6},"end":{"line":93,"column":8}},"29":{"start":{"line":95,"column":6},"end":{"line":95,"column":18}},"30":{"start":{"line":101,"column":4},"end":{"line":126,"column":5}},"31":{"start":{"line":102,"column":30},"end":{"line":102,"column":40}},"32":{"start":{"line":103,"column":22},"end":{"line":103,"column":30}},"33":{"start":{"line":105,"column":24},"end":{"line":109,"column":7}},"34":{"start":{"line":111,"column":6},"end":{"line":113,"column":7}},"35":{"start":{"line":112,"column":8},"end":{"line":112,"column":59}},"36":{"start":{"line":115,"column":6},"end":{"line":115,"column":55}},"37":{"start":{"line":117,"column":6},"end":{"line":123,"column":8}},"38":{"start":{"line":125,"column":6},"end":{"line":125,"column":18}},"39":{"start":{"line":131,"column":4},"end":{"line":151,"column":5}},"40":{"start":{"line":132,"column":30},"end":{"line":132,"column":40}},"41":{"start":{"line":134,"column":24},"end":{"line":134,"column":70}},"42":{"start":{"line":136,"column":6},"end":{"line":138,"column":7}},"43":{"start":{"line":137,"column":8},"end":{"line":137,"column":59}},"44":{"start":{"line":140,"column":6},"end":{"line":140,"column":55}},"45":{"start":{"line":142,"column":6},"end":{"line":148,"column":8}},"46":{"start":{"line":150,"column":6},"end":{"line":150,"column":18}},"47":{"start":{"line":156,"column":4},"end":{"line":185,"column":5}},"48":{"start":{"line":157,"column":30},"end":{"line":157,"column":40}},"49":{"start":{"line":158,"column":29},"end":{"line":158,"column":37}},"50":{"start":{"line":160,"column":6},"end":{"line":162,"column":7}},"51":{"start":{"line":161,"column":8},"end":{"line":161,"column":68}},"52":{"start":{"line":164,"column":24},"end":{"line":168,"column":42}},"53":{"start":{"line":170,"column":6},"end":{"line":172,"column":7}},"54":{"start":{"line":171,"column":8},"end":{"line":171,"column":59}},"55":{"start":{"line":174,"column":6},"end":{"line":174,"column":68}},"56":{"start":{"line":176,"column":6},"end":{"line":182,"column":8}},"57":{"start":{"line":184,"column":6},"end":{"line":184,"column":18}},"58":{"start":{"line":190,"column":4},"end":{"line":214,"column":5}},"59":{"start":{"line":191,"column":30},"end":{"line":191,"column":40}},"60":{"start":{"line":193,"column":24},"end":{"line":197,"column":7}},"61":{"start":{"line":199,"column":6},"end":{"line":201,"column":7}},"62":{"start":{"line":200,"column":8},"end":{"line":200,"column":59}},"63":{"start":{"line":203,"column":6},"end":{"line":203,"column":69}},"64":{"start":{"line":205,"column":6},"end":{"line":211,"column":8}},"65":{"start":{"line":213,"column":6},"end":{"line":213,"column":18}},"66":{"start":{"line":218,"column":0},"end":{"line":218,"column":43}}},"fnMap":{"0":{"name":"(anonymous_0)","decl":{"start":{"line":8,"column":2},"end":{"line":8,"column":3}},"loc":{"start":{"line":8,"column":41},"end":{"line":35,"column":3}},"line":8},"1":{"name":"(anonymous_1)","decl":{"start":{"line":38,"column":2},"end":{"line":38,"column":3}},"loc":{"start":{"line":38,"column":41},"end":{"line":60,"column":3}},"line":38},"2":{"name":"(anonymous_2)","decl":{"start":{"line":63,"column":2},"end":{"line":63,"column":3}},"loc":{"start":{"line":63,"column":40},"end":{"line":97,"column":3}},"line":63},"3":{"name":"(anonymous_3)","decl":{"start":{"line":100,"column":2},"end":{"line":100,"column":3}},"loc":{"start":{"line":100,"column":40},"end":{"line":127,"column":3}},"line":100},"4":{"name":"(anonymous_4)","decl":{"start":{"line":130,"column":2},"end":{"line":130,"column":3}},"loc":{"start":{"line":130,"column":40},"end":{"line":152,"column":3}},"line":130},"5":{"name":"(anonymous_5)","decl":{"start":{"line":155,"column":2},"end":{"line":155,"column":3}},"loc":{"start":{"line":155,"column":39},"end":{"line":186,"column":3}},"line":155},"6":{"name":"(anonymous_6)","decl":{"start":{"line":189,"column":2},"end":{"line":189,"column":3}},"loc":{"start":{"line":189,"column":39},"end":{"line":215,"column":3}},"line":189}},"branchMap":{"0":{"loc":{"start":{"line":11,"column":14},"end":{"line":11,"column":22}},"type":"default-arg","locations":[{"start":{"line":11,"column":21},"end":{"line":11,"column":22}}],"line":11},"1":{"loc":{"start":{"line":11,"column":24},"end":{"line":11,"column":34}},"type":"default-arg","locations":[{"start":{"line":11,"column":32},"end":{"line":11,"column":34}}],"line":11},"2":{"loc":{"start":{"line":14,"column":6},"end":{"line":14,"column":40}},"type":"if","locations":[{"start":{"line":14,"column":6},"end":{"line":14,"column":40}},{"start":{},"end":{}}],"line":14},"3":{"loc":{"start":{"line":46,"column":6},"end":{"line":48,"column":7}},"type":"if","locations":[{"start":{"line":46,"column":6},"end":{"line":48,"column":7}},{"start":{},"end":{}}],"line":46},"4":{"loc":{"start":{"line":67,"column":6},"end":{"line":69,"column":7}},"type":"if","locations":[{"start":{"line":67,"column":6},"end":{"line":69,"column":7}},{"start":{},"end":{}}],"line":67},"5":{"loc":{"start":{"line":67,"column":10},"end":{"line":67,"column":27}},"type":"binary-expr","locations":[{"start":{"line":67,"column":10},"end":{"line":67,"column":17}},{"start":{"line":67,"column":21},"end":{"line":67,"column":27}}],"line":67},"6":{"loc":{"start":{"line":75,"column":14},"end":{"line":75,"column":26}},"type":"binary-expr","locations":[{"start":{"line":75,"column":14},"end":{"line":75,"column":18}},{"start":{"line":75,"column":22},"end":{"line":75,"column":26}}],"line":75},"7":{"loc":{"start":{"line":76,"column":18},"end":{"line":76,"column":28}},"type":"binary-expr","locations":[{"start":{"line":76,"column":18},"end":{"line":76,"column":23}},{"start":{"line":76,"column":27},"end":{"line":76,"column":28}}],"line":76},"8":{"loc":{"start":{"line":77,"column":19},"end":{"line":77,"column":33}},"type":"binary-expr","locations":[{"start":{"line":77,"column":19},"end":{"line":77,"column":28}},{"start":{"line":77,"column":32},"end":{"line":77,"column":33}}],"line":77},"9":{"loc":{"start":{"line":79,"column":23},"end":{"line":79,"column":41}},"type":"binary-expr","locations":[{"start":{"line":79,"column":23},"end":{"line":79,"column":36}},{"start":{"line":79,"column":40},"end":{"line":79,"column":41}}],"line":79},"10":{"loc":{"start":{"line":111,"column":6},"end":{"line":113,"column":7}},"type":"if","locations":[{"start":{"line":111,"column":6},"end":{"line":113,"column":7}},{"start":{},"end":{}}],"line":111},"11":{"loc":{"start":{"line":136,"column":6},"end":{"line":138,"column":7}},"type":"if","locations":[{"start":{"line":136,"column":6},"end":{"line":138,"column":7}},{"start":{},"end":{}}],"line":136},"12":{"loc":{"start":{"line":160,"column":6},"end":{"line":162,"column":7}},"type":"if","locations":[{"start":{"line":160,"column":6},"end":{"line":162,"column":7}},{"start":{},"end":{}}],"line":160},"13":{"loc":{"start":{"line":170,"column":6},"end":{"line":172,"column":7}},"type":"if","locations":[{"start":{"line":170,"column":6},"end":{"line":172,"column":7}},{"start":{},"end":{}}],"line":170},"14":{"loc":{"start":{"line":199,"column":6},"end":{"line":201,"column":7}},"type":"if","locations":[{"start":{"line":199,"column":6},"end":{"line":201,"column":7}},{"start":{},"end":{}}],"line":199}},"s":{"0":1,"1":1,"2":1,"3":1,"4":0,"5":0,"6":0,"7":0,"8":0,"9":0,"10":0,"11":0,"12":0,"13":0,"14":0,"15":0,"16":0,"17":0,"18":0,"19":0,"20":0,"21":0,"22":0,"23":0,"24":0,"25":0,"26":0,"27":0,"28":0,"29":0,"30":0,"31":0,"32":0,"33":0,"34":0,"35":0,"36":0,"37":0,"38":0,"39":0,"40":0,"41":0,"42":0,"43":0,"44":0,"45":0,"46":0,"47":0,"48":0,"49":0,"50":0,"51":0,"52":0,"53":0,"54":0,"55":0,"56":0,"57":0,"58":0,"59":0,"60":0,"61":0,"62":0,"63":0,"64":0,"65":0,"66":1},"f":{"0":0,"1":0,"2":0,"3":0,"4":0,"5":0,"6":0},"b":{"0":[0],"1":[0],"2":[0,0],"3":[0,0],"4":[0,0],"5":[0,0],"6":[0,0],"7":[0,0],"8":[0,0],"9":[0,0],"10":[0,0],"11":[0,0],"12":[0,0],"13":[0,0],"14":[0,0]},"_coverageSchema":"1a1c01bbd47fc00a2c39e90264f33305004495a9","hash":"3e26eb19ff1354cfdfd2f6ede6b43405b0e6d56b"}
,"C:\\Users\\niban\\OneDrive\\Desktop\\residence-app-backend\\src\\controllers\\authController.js": {"path":"C:\\Users\\niban\\OneDrive\\Desktop\\residence-app-backend\\src\\controllers\\authController.js","statementMap":{"0":{"start":{"line":1,"column":20},"end":{"line":1,"column":54}},"1":{"start":{"line":2,"column":24},"end":{"line":2,"column":61}},"2":{"start":{"line":3,"column":47},"end":{"line":3,"column":73}},"3":{"start":{"line":4,"column":15},"end":{"line":4,"column":41}},"4":{"start":{"line":5,"column":13},"end":{"line":5,"column":38}},"5":{"start":{"line":7,"column":24},"end":{"line":7,"column":49}},"6":{"start":{"line":12,"column":4},"end":{"line":46,"column":5}},"7":{"start":{"line":13,"column":78},"end":{"line":13,"column":86}},"8":{"start":{"line":15,"column":6},"end":{"line":15,"column":42}},"9":{"start":{"line":16,"column":6},"end":{"line":16,"column":26}},"10":{"start":{"line":17,"column":6},"end":{"line":17,"column":28}},"11":{"start":{"line":19,"column":6},"end":{"line":21,"column":7}},"12":{"start":{"line":20,"column":8},"end":{"line":20,"column":97}},"13":{"start":{"line":23,"column":6},"end":{"line":25,"column":7}},"14":{"start":{"line":24,"column":8},"end":{"line":24,"column":104}},"15":{"start":{"line":27,"column":21},"end":{"line":34,"column":8}},"16":{"start":{"line":36,"column":6},"end":{"line":36,"column":60}},"17":{"start":{"line":38,"column":6},"end":{"line":43,"column":9}},"18":{"start":{"line":45,"column":6},"end":{"line":45,"column":18}},"19":{"start":{"line":51,"column":4},"end":{"line":84,"column":5}},"20":{"start":{"line":52,"column":55},"end":{"line":52,"column":63}},"21":{"start":{"line":54,"column":6},"end":{"line":54,"column":42}},"22":{"start":{"line":56,"column":6},"end":{"line":58,"column":7}},"23":{"start":{"line":57,"column":8},"end":{"line":57,"column":108}},"24":{"start":{"line":60,"column":21},"end":{"line":60,"column":61}},"25":{"start":{"line":62,"column":6},"end":{"line":72,"column":7}},"26":{"start":{"line":63,"column":8},"end":{"line":71,"column":9}},"27":{"start":{"line":64,"column":10},"end":{"line":64,"column":64}},"28":{"start":{"line":66,"column":10},"end":{"line":70,"column":11}},"29":{"start":{"line":67,"column":12},"end":{"line":67,"column":85}},"30":{"start":{"line":69,"column":12},"end":{"line":69,"column":77}},"31":{"start":{"line":74,"column":6},"end":{"line":74,"column":59}},"32":{"start":{"line":76,"column":6},"end":{"line":81,"column":9}},"33":{"start":{"line":83,"column":6},"end":{"line":83,"column":18}},"34":{"start":{"line":89,"column":4},"end":{"line":106,"column":5}},"35":{"start":{"line":90,"column":31},"end":{"line":90,"column":39}},"36":{"start":{"line":92,"column":6},"end":{"line":94,"column":7}},"37":{"start":{"line":93,"column":8},"end":{"line":93,"column":103}},"38":{"start":{"line":96,"column":21},"end":{"line":96,"column":65}},"39":{"start":{"line":98,"column":6},"end":{"line":103,"column":9}},"40":{"start":{"line":105,"column":6},"end":{"line":105,"column":18}},"41":{"start":{"line":111,"column":4},"end":{"line":143,"column":5}},"42":{"start":{"line":112,"column":64},"end":{"line":112,"column":72}},"43":{"start":{"line":113,"column":21},"end":{"line":113,"column":34}},"44":{"start":{"line":115,"column":6},"end":{"line":117,"column":7}},"45":{"start":{"line":116,"column":8},"end":{"line":116,"column":63}},"46":{"start":{"line":119,"column":6},"end":{"line":121,"column":7}},"47":{"start":{"line":120,"column":8},"end":{"line":120,"column":100}},"48":{"start":{"line":123,"column":6},"end":{"line":125,"column":7}},"49":{"start":{"line":124,"column":8},"end":{"line":124,"column":104}},"50":{"start":{"line":127,"column":6},"end":{"line":129,"column":7}},"51":{"start":{"line":128,"column":8},"end":{"line":128,"column":112}},"52":{"start":{"line":131,"column":6},"end":{"line":131,"column":77}},"53":{"start":{"line":133,"column":6},"end":{"line":133,"column":58}},"54":{"start":{"line":135,"column":6},"end":{"line":140,"column":9}},"55":{"start":{"line":142,"column":6},"end":{"line":142,"column":18}},"56":{"start":{"line":148,"column":4},"end":{"line":169,"column":5}},"57":{"start":{"line":149,"column":21},"end":{"line":149,"column":34}},"58":{"start":{"line":151,"column":6},"end":{"line":153,"column":7}},"59":{"start":{"line":152,"column":8},"end":{"line":152,"column":63}},"60":{"start":{"line":155,"column":19},"end":{"line":155,"column":91}},"61":{"start":{"line":157,"column":6},"end":{"line":159,"column":7}},"62":{"start":{"line":158,"column":8},"end":{"line":158,"column":54}},"63":{"start":{"line":161,"column":6},"end":{"line":166,"column":9}},"64":{"start":{"line":168,"column":6},"end":{"line":168,"column":18}},"65":{"start":{"line":174,"column":4},"end":{"line":200,"column":5}},"66":{"start":{"line":175,"column":21},"end":{"line":175,"column":34}},"67":{"start":{"line":176,"column":30},"end":{"line":176,"column":38}},"68":{"start":{"line":178,"column":6},"end":{"line":180,"column":7}},"69":{"start":{"line":179,"column":8},"end":{"line":179,"column":63}},"70":{"start":{"line":182,"column":6},"end":{"line":188,"column":7}},"71":{"start":{"line":183,"column":8},"end":{"line":187,"column":9}},"72":{"start":{"line":184,"column":10},"end":{"line":184,"column":67}},"73":{"start":{"line":186,"column":10},"end":{"line":186,"column":77}},"74":{"start":{"line":190,"column":6},"end":{"line":190,"column":48}},"75":{"start":{"line":192,"column":6},"end":{"line":197,"column":9}},"76":{"start":{"line":199,"column":6},"end":{"line":199,"column":18}},"77":{"start":{"line":204,"column":0},"end":{"line":204,"column":38}}},"fnMap":{"0":{"name":"(anonymous_0)","decl":{"start":{"line":11,"column":2},"end":{"line":11,"column":3}},"loc":{"start":{"line":11,"column":33},"end":{"line":47,"column":3}},"line":11},"1":{"name":"(anonymous_1)","decl":{"start":{"line":50,"column":2},"end":{"line":50,"column":3}},"loc":{"start":{"line":50,"column":30},"end":{"line":85,"column":3}},"line":50},"2":{"name":"(anonymous_2)","decl":{"start":{"line":88,"column":2},"end":{"line":88,"column":3}},"loc":{"start":{"line":88,"column":37},"end":{"line":107,"column":3}},"line":88},"3":{"name":"(anonymous_3)","decl":{"start":{"line":110,"column":2},"end":{"line":110,"column":3}},"loc":{"start":{"line":110,"column":39},"end":{"line":144,"column":3}},"line":110},"4":{"name":"(anonymous_4)","decl":{"start":{"line":147,"column":2},"end":{"line":147,"column":3}},"loc":{"start":{"line":147,"column":39},"end":{"line":170,"column":3}},"line":147},"5":{"name":"(anonymous_5)","decl":{"start":{"line":173,"column":2},"end":{"line":173,"column":3}},"loc":{"start":{"line":173,"column":31},"end":{"line":201,"column":3}},"line":173}},"branchMap":{"0":{"loc":{"start":{"line":19,"column":6},"end":{"line":21,"column":7}},"type":"if","locations":[{"start":{"line":19,"column":6},"end":{"line":21,"column":7}},{"start":{},"end":{}}],"line":19},"1":{"loc":{"start":{"line":19,"column":10},"end":{"line":19,"column":67}},"type":"binary-expr","locations":[{"start":{"line":19,"column":10},"end":{"line":19,"column":15}},{"start":{"line":19,"column":19},"end":{"line":19,"column":25}},{"start":{"line":19,"column":29},"end":{"line":19,"column":38}},{"start":{"line":19,"column":42},"end":{"line":19,"column":58}},{"start":{"line":19,"column":62},"end":{"line":19,"column":67}}],"line":19},"2":{"loc":{"start":{"line":20,"column":34},"end":{"line":20,"column":95}},"type":"cond-expr","locations":[{"start":{"line":20,"column":42},"end":{"line":20,"column":74}},{"start":{"line":20,"column":77},"end":{"line":20,"column":95}}],"line":20},"3":{"loc":{"start":{"line":23,"column":6},"end":{"line":25,"column":7}},"type":"if","locations":[{"start":{"line":23,"column":6},"end":{"line":25,"column":7}},{"start":{},"end":{}}],"line":23},"4":{"loc":{"start":{"line":24,"column":34},"end":{"line":24,"column":102}},"type":"cond-expr","locations":[{"start":{"line":24,"column":42},"end":{"line":24,"column":75}},{"start":{"line":24,"column":78},"end":{"line":24,"column":102}}],"line":24},"5":{"loc":{"start":{"line":41,"column":17},"end":{"line":41,"column":88}},"type":"cond-expr","locations":[{"start":{"line":41,"column":25},"end":{"line":41,"column":55}},{"start":{"line":41,"column":58},"end":{"line":41,"column":88}}],"line":41},"6":{"loc":{"start":{"line":56,"column":6},"end":{"line":58,"column":7}},"type":"if","locations":[{"start":{"line":56,"column":6},"end":{"line":58,"column":7}},{"start":{},"end":{}}],"line":56},"7":{"loc":{"start":{"line":56,"column":10},"end":{"line":56,"column":29}},"type":"binary-expr","locations":[{"start":{"line":56,"column":10},"end":{"line":56,"column":16}},{"start":{"line":56,"column":20},"end":{"line":56,"column":29}}],"line":56},"8":{"loc":{"start":{"line":57,"column":34},"end":{"line":57,"column":106}},"type":"cond-expr","locations":[{"start":{"line":57,"column":42},"end":{"line":57,"column":74}},{"start":{"line":57,"column":77},"end":{"line":57,"column":106}}],"line":57},"9":{"loc":{"start":{"line":62,"column":6},"end":{"line":72,"column":7}},"type":"if","locations":[{"start":{"line":62,"column":6},"end":{"line":72,"column":7}},{"start":{},"end":{}}],"line":62},"10":{"loc":{"start":{"line":62,"column":10},"end":{"line":62,"column":83}},"type":"binary-expr","locations":[{"start":{"line":62,"column":10},"end":{"line":62,"column":21}},{"start":{"line":62,"column":25},"end":{"line":62,"column":56}},{"start":{"line":62,"column":60},"end":{"line":62,"column":83}}],"line":62},"11":{"loc":{"start":{"line":63,"column":8},"end":{"line":71,"column":9}},"type":"if","locations":[{"start":{"line":63,"column":8},"end":{"line":71,"column":9}},{"start":{"line":65,"column":15},"end":{"line":71,"column":9}}],"line":63},"12":{"loc":{"start":{"line":79,"column":17},"end":{"line":79,"column":73}},"type":"cond-expr","locations":[{"start":{"line":79,"column":25},"end":{"line":79,"column":52}},{"start":{"line":79,"column":55},"end":{"line":79,"column":73}}],"line":79},"13":{"loc":{"start":{"line":92,"column":6},"end":{"line":94,"column":7}},"type":"if","locations":[{"start":{"line":92,"column":6},"end":{"line":94,"column":7}},{"start":{},"end":{}}],"line":92},"14":{"loc":{"start":{"line":92,"column":10},"end":{"line":92,"column":59}},"type":"binary-expr","locations":[{"start":{"line":92,"column":10},"end":{"line":92,"column":23}},{"start":{"line":92,"column":27},"end":{"line":92,"column":59}}],"line":92},"15":{"loc":{"start":{"line":93,"column":34},"end":{"line":93,"column":101}},"type":"cond-expr","locations":[{"start":{"line":93,"column":42},"end":{"line":93,"column":74}},{"start":{"line":93,"column":77},"end":{"line":93,"column":101}}],"line":93},"16":{"loc":{"start":{"line":101,"column":17},"end":{"line":101,"column":74}},"type":"cond-expr","locations":[{"start":{"line":101,"column":25},"end":{"line":101,"column":54}},{"start":{"line":101,"column":57},"end":{"line":101,"column":74}}],"line":101},"17":{"loc":{"start":{"line":115,"column":6},"end":{"line":117,"column":7}},"type":"if","locations":[{"start":{"line":115,"column":6},"end":{"line":117,"column":7}},{"start":{},"end":{}}],"line":115},"18":{"loc":{"start":{"line":119,"column":6},"end":{"line":121,"column":7}},"type":"if","locations":[{"start":{"line":119,"column":6},"end":{"line":121,"column":7}},{"start":{},"end":{}}],"line":119},"19":{"loc":{"start":{"line":119,"column":10},"end":{"line":119,"column":62}},"type":"binary-expr","locations":[{"start":{"line":119,"column":10},"end":{"line":119,"column":26}},{"start":{"line":119,"column":30},"end":{"line":119,"column":42}},{"start":{"line":119,"column":46},"end":{"line":119,"column":62}}],"line":119},"20":{"loc":{"start":{"line":120,"column":34},"end":{"line":120,"column":98}},"type":"cond-expr","locations":[{"start":{"line":120,"column":42},"end":{"line":120,"column":74}},{"start":{"line":120,"column":77},"end":{"line":120,"column":98}}],"line":120},"21":{"loc":{"start":{"line":123,"column":6},"end":{"line":125,"column":7}},"type":"if","locations":[{"start":{"line":123,"column":6},"end":{"line":125,"column":7}},{"start":{},"end":{}}],"line":123},"22":{"loc":{"start":{"line":124,"column":34},"end":{"line":124,"column":102}},"type":"cond-expr","locations":[{"start":{"line":124,"column":42},"end":{"line":124,"column":75}},{"start":{"line":124,"column":78},"end":{"line":124,"column":102}}],"line":124},"23":{"loc":{"start":{"line":127,"column":6},"end":{"line":129,"column":7}},"type":"if","locations":[{"start":{"line":127,"column":6},"end":{"line":129,"column":7}},{"start":{},"end":{}}],"line":127},"24":{"loc":{"start":{"line":128,"column":34},"end":{"line":128,"column":110}},"type":"cond-expr","locations":[{"start":{"line":128,"column":42},"end":{"line":128,"column":75}},{"start":{"line":128,"column":78},"end":{"line":128,"column":110}}],"line":128},"25":{"loc":{"start":{"line":138,"column":17},"end":{"line":138,"column":89}},"type":"cond-expr","locations":[{"start":{"line":138,"column":25},"end":{"line":138,"column":55}},{"start":{"line":138,"column":58},"end":{"line":138,"column":89}}],"line":138},"26":{"loc":{"start":{"line":151,"column":6},"end":{"line":153,"column":7}},"type":"if","locations":[{"start":{"line":151,"column":6},"end":{"line":153,"column":7}},{"start":{},"end":{}}],"line":151},"27":{"loc":{"start":{"line":157,"column":6},"end":{"line":159,"column":7}},"type":"if","locations":[{"start":{"line":157,"column":6},"end":{"line":159,"column":7}},{"start":{},"end":{}}],"line":157},"28":{"loc":{"start":{"line":164,"column":17},"end":{"line":164,"column":72}},"type":"cond-expr","locations":[{"start":{"line":164,"column":25},"end":{"line":164,"column":53}},{"start":{"line":164,"column":56},"end":{"line":164,"column":72}}],"line":164},"29":{"loc":{"start":{"line":178,"column":6},"end":{"line":180,"column":7}},"type":"if","locations":[{"start":{"line":178,"column":6},"end":{"line":180,"column":7}},{"start":{},"end":{}}],"line":178},"30":{"loc":{"start":{"line":182,"column":6},"end":{"line":188,"column":7}},"type":"if","locations":[{"start":{"line":182,"column":6},"end":{"line":188,"column":7}},{"start":{},"end":{}}],"line":182},"31":{"loc":{"start":{"line":195,"column":17},"end":{"line":195,"column":81}},"type":"cond-expr","locations":[{"start":{"line":195,"column":25},"end":{"line":195,"column":53}},{"start":{"line":195,"column":56},"end":{"line":195,"column":81}}],"line":195}},"s":{"0":1,"1":1,"2":1,"3":1,"4":1,"5":1,"6":0,"7":0,"8":0,"9":0,"10":0,"11":0,"12":0,"13":0,"14":0,"15":0,"16":0,"17":0,"18":0,"19":0,"20":0,"21":0,"22":0,"23":0,"24":0,"25":0,"26":0,"27":0,"28":0,"29":0,"30":0,"31":0,"32":0,"33":0,"34":0,"35":0,"36":0,"37":0,"38":0,"39":0,"40":0,"41":0,"42":0,"43":0,"44":0,"45":0,"46":0,"47":0,"48":0,"49":0,"50":0,"51":0,"52":0,"53":0,"54":0,"55":0,"56":0,"57":0,"58":0,"59":0,"60":0,"61":0,"62":0,"63":0,"64":0,"65":0,"66":0,"67":0,"68":0,"69":0,"70":0,"71":0,"72":0,"73":0,"74":0,"75":0,"76":0,"77":1},"f":{"0":0,"1":0,"2":0,"3":0,"4":0,"5":0},"b":{"0":[0,0],"1":[0,0,0,0,0],"2":[0,0],"3":[0,0],"4":[0,0],"5":[0,0],"6":[0,0],"7":[0,0],"8":[0,0],"9":[0,0],"10":[0,0,0],"11":[0,0],"12":[0,0],"13":[0,0],"14":[0,0],"15":[0,0],"16":[0,0],"17":[0,0],"18":[0,0],"19":[0,0,0],"20":[0,0],"21":[0,0],"22":[0,0],"23":[0,0],"24":[0,0],"25":[0,0],"26":[0,0],"27":[0,0],"28":[0,0],"29":[0,0],"30":[0,0],"31":[0,0]},"_coverageSchema":"1a1c01bbd47fc00a2c39e90264f33305004495a9","hash":"378536c31bc3ce8a188cf78be60fb85d542824c1"}
,"C:\\Users\\niban\\OneDrive\\Desktop\\residence-app-backend\\src\\controllers\\budgetController.js": {"path":"C:\\Users\\niban\\OneDrive\\Desktop\\residence-app-backend\\src\\controllers\\budgetController.js","statementMap":{"0":{"start":{"line":1,"column":22},"end":{"line":1,"column":58}},"1":{"start":{"line":2,"column":28},"end":{"line":2,"column":54}},"2":{"start":{"line":3,"column":15},"end":{"line":3,"column":41}},"3":{"start":{"line":7,"column":4},"end":{"line":28,"column":5}},"4":{"start":{"line":8,"column":87},"end":{"line":8,"column":95}},"5":{"start":{"line":9,"column":21},"end":{"line":9,"column":33}},"6":{"start":{"line":11,"column":6},"end":{"line":13,"column":7}},"7":{"start":{"line":12,"column":8},"end":{"line":12,"column":61}},"8":{"start":{"line":15,"column":21},"end":{"line":18,"column":7}},"9":{"start":{"line":20,"column":6},"end":{"line":25,"column":9}},"10":{"start":{"line":27,"column":6},"end":{"line":27,"column":18}},"11":{"start":{"line":32,"column":4},"end":{"line":51,"column":5}},"12":{"start":{"line":33,"column":51},"end":{"line":33,"column":60}},"13":{"start":{"line":35,"column":22},"end":{"line":35,"column":24}},"14":{"start":{"line":36,"column":6},"end":{"line":36,"column":48}},"15":{"start":{"line":36,"column":20},"end":{"line":36,"column":48}},"16":{"start":{"line":37,"column":6},"end":{"line":37,"column":48}},"17":{"start":{"line":37,"column":20},"end":{"line":37,"column":48}},"18":{"start":{"line":38,"column":6},"end":{"line":38,"column":42}},"19":{"start":{"line":38,"column":18},"end":{"line":38,"column":42}},"20":{"start":{"line":39,"column":6},"end":{"line":39,"column":36}},"21":{"start":{"line":39,"column":16},"end":{"line":39,"column":36}},"22":{"start":{"line":41,"column":22},"end":{"line":41,"column":64}},"23":{"start":{"line":43,"column":6},"end":{"line":48,"column":9}},"24":{"start":{"line":50,"column":6},"end":{"line":50,"column":18}},"25":{"start":{"line":55,"column":4},"end":{"line":68,"column":5}},"26":{"start":{"line":56,"column":27},"end":{"line":56,"column":37}},"27":{"start":{"line":58,"column":21},"end":{"line":58,"column":64}},"28":{"start":{"line":60,"column":6},"end":{"line":65,"column":9}},"29":{"start":{"line":67,"column":6},"end":{"line":67,"column":18}},"30":{"start":{"line":72,"column":4},"end":{"line":86,"column":5}},"31":{"start":{"line":73,"column":27},"end":{"line":73,"column":37}},"32":{"start":{"line":74,"column":21},"end":{"line":74,"column":33}},"33":{"start":{"line":76,"column":21},"end":{"line":76,"column":81}},"34":{"start":{"line":78,"column":6},"end":{"line":83,"column":9}},"35":{"start":{"line":85,"column":6},"end":{"line":85,"column":18}},"36":{"start":{"line":90,"column":4},"end":{"line":104,"column":5}},"37":{"start":{"line":91,"column":27},"end":{"line":91,"column":37}},"38":{"start":{"line":92,"column":21},"end":{"line":92,"column":33}},"39":{"start":{"line":94,"column":6},"end":{"line":94,"column":57}},"40":{"start":{"line":96,"column":6},"end":{"line":101,"column":9}},"41":{"start":{"line":103,"column":6},"end":{"line":103,"column":18}},"42":{"start":{"line":108,"column":4},"end":{"line":125,"column":5}},"43":{"start":{"line":109,"column":41},"end":{"line":109,"column":50}},"44":{"start":{"line":111,"column":6},"end":{"line":113,"column":7}},"45":{"start":{"line":112,"column":8},"end":{"line":112,"column":77}},"46":{"start":{"line":115,"column":22},"end":{"line":115,"column":85}},"47":{"start":{"line":117,"column":6},"end":{"line":122,"column":9}},"48":{"start":{"line":124,"column":6},"end":{"line":124,"column":18}},"49":{"start":{"line":129,"column":4},"end":{"line":146,"column":5}},"50":{"start":{"line":130,"column":33},"end":{"line":130,"column":42}},"51":{"start":{"line":132,"column":6},"end":{"line":134,"column":7}},"52":{"start":{"line":133,"column":8},"end":{"line":133,"column":68}},"53":{"start":{"line":136,"column":22},"end":{"line":136,"column":74}},"54":{"start":{"line":138,"column":6},"end":{"line":143,"column":9}},"55":{"start":{"line":145,"column":6},"end":{"line":145,"column":18}},"56":{"start":{"line":150,"column":4},"end":{"line":164,"column":5}},"57":{"start":{"line":151,"column":27},"end":{"line":151,"column":37}},"58":{"start":{"line":152,"column":21},"end":{"line":152,"column":33}},"59":{"start":{"line":154,"column":21},"end":{"line":154,"column":72}},"60":{"start":{"line":156,"column":6},"end":{"line":161,"column":9}},"61":{"start":{"line":163,"column":6},"end":{"line":163,"column":18}},"62":{"start":{"line":168,"column":0},"end":{"line":168,"column":40}}},"fnMap":{"0":{"name":"(anonymous_0)","decl":{"start":{"line":6,"column":2},"end":{"line":6,"column":3}},"loc":{"start":{"line":6,"column":37},"end":{"line":29,"column":3}},"line":6},"1":{"name":"(anonymous_1)","decl":{"start":{"line":31,"column":2},"end":{"line":31,"column":3}},"loc":{"start":{"line":31,"column":38},"end":{"line":52,"column":3}},"line":31},"2":{"name":"(anonymous_2)","decl":{"start":{"line":54,"column":2},"end":{"line":54,"column":3}},"loc":{"start":{"line":54,"column":38},"end":{"line":69,"column":3}},"line":54},"3":{"name":"(anonymous_3)","decl":{"start":{"line":71,"column":2},"end":{"line":71,"column":3}},"loc":{"start":{"line":71,"column":37},"end":{"line":87,"column":3}},"line":71},"4":{"name":"(anonymous_4)","decl":{"start":{"line":89,"column":2},"end":{"line":89,"column":3}},"loc":{"start":{"line":89,"column":37},"end":{"line":105,"column":3}},"line":89},"5":{"name":"(anonymous_5)","decl":{"start":{"line":107,"column":2},"end":{"line":107,"column":3}},"loc":{"start":{"line":107,"column":44},"end":{"line":126,"column":3}},"line":107},"6":{"name":"(anonymous_6)","decl":{"start":{"line":128,"column":2},"end":{"line":128,"column":3}},"loc":{"start":{"line":128,"column":41},"end":{"line":147,"column":3}},"line":128},"7":{"name":"(anonymous_7)","decl":{"start":{"line":149,"column":2},"end":{"line":149,"column":3}},"loc":{"start":{"line":149,"column":38},"end":{"line":165,"column":3}},"line":149}},"branchMap":{"0":{"loc":{"start":{"line":11,"column":6},"end":{"line":13,"column":7}},"type":"if","locations":[{"start":{"line":11,"column":6},"end":{"line":13,"column":7}},{"start":{},"end":{}}],"line":11},"1":{"loc":{"start":{"line":11,"column":10},"end":{"line":11,"column":71}},"type":"binary-expr","locations":[{"start":{"line":11,"column":10},"end":{"line":11,"column":19}},{"start":{"line":11,"column":23},"end":{"line":11,"column":32}},{"start":{"line":11,"column":36},"end":{"line":11,"column":43}},{"start":{"line":11,"column":47},"end":{"line":11,"column":52}},{"start":{"line":11,"column":56},"end":{"line":11,"column":71}}],"line":11},"2":{"loc":{"start":{"line":36,"column":6},"end":{"line":36,"column":48}},"type":"if","locations":[{"start":{"line":36,"column":6},"end":{"line":36,"column":48}},{"start":{},"end":{}}],"line":36},"3":{"loc":{"start":{"line":37,"column":6},"end":{"line":37,"column":48}},"type":"if","locations":[{"start":{"line":37,"column":6},"end":{"line":37,"column":48}},{"start":{},"end":{}}],"line":37},"4":{"loc":{"start":{"line":38,"column":6},"end":{"line":38,"column":42}},"type":"if","locations":[{"start":{"line":38,"column":6},"end":{"line":38,"column":42}},{"start":{},"end":{}}],"line":38},"5":{"loc":{"start":{"line":39,"column":6},"end":{"line":39,"column":36}},"type":"if","locations":[{"start":{"line":39,"column":6},"end":{"line":39,"column":36}},{"start":{},"end":{}}],"line":39},"6":{"loc":{"start":{"line":111,"column":6},"end":{"line":113,"column":7}},"type":"if","locations":[{"start":{"line":111,"column":6},"end":{"line":113,"column":7}},{"start":{},"end":{}}],"line":111},"7":{"loc":{"start":{"line":111,"column":10},"end":{"line":111,"column":39}},"type":"binary-expr","locations":[{"start":{"line":111,"column":10},"end":{"line":111,"column":19}},{"start":{"line":111,"column":23},"end":{"line":111,"column":30}},{"start":{"line":111,"column":34},"end":{"line":111,"column":39}}],"line":111},"8":{"loc":{"start":{"line":132,"column":6},"end":{"line":134,"column":7}},"type":"if","locations":[{"start":{"line":132,"column":6},"end":{"line":134,"column":7}},{"start":{},"end":{}}],"line":132},"9":{"loc":{"start":{"line":132,"column":10},"end":{"line":132,"column":28}},"type":"binary-expr","locations":[{"start":{"line":132,"column":10},"end":{"line":132,"column":19}},{"start":{"line":132,"column":23},"end":{"line":132,"column":28}}],"line":132}},"s":{"0":1,"1":1,"2":1,"3":0,"4":0,"5":0,"6":0,"7":0,"8":0,"9":0,"10":0,"11":0,"12":0,"13":0,"14":0,"15":0,"16":0,"17":0,"18":0,"19":0,"20":0,"21":0,"22":0,"23":0,"24":0,"25":0,"26":0,"27":0,"28":0,"29":0,"30":0,"31":0,"32":0,"33":0,"34":0,"35":0,"36":0,"37":0,"38":0,"39":0,"40":0,"41":0,"42":0,"43":0,"44":0,"45":0,"46":0,"47":0,"48":0,"49":0,"50":0,"51":0,"52":0,"53":0,"54":0,"55":0,"56":0,"57":0,"58":0,"59":0,"60":0,"61":0,"62":1},"f":{"0":0,"1":0,"2":0,"3":0,"4":0,"5":0,"6":0,"7":0},"b":{"0":[0,0],"1":[0,0,0,0,0],"2":[0,0],"3":[0,0],"4":[0,0],"5":[0,0],"6":[0,0],"7":[0,0,0],"8":[0,0],"9":[0,0]},"_coverageSchema":"1a1c01bbd47fc00a2c39e90264f33305004495a9","hash":"384bc1c1ff83f783c7ac02db46f32b5594470125"}
,"C:\\Users\\niban\\OneDrive\\Desktop\\residence-app-backend\\src\\controllers\\buildingController.js": {"path":"C:\\Users\\niban\\OneDrive\\Desktop\\residence-app-backend\\src\\controllers\\buildingController.js","statementMap":{"0":{"start":{"line":1,"column":24},"end":{"line":1,"column":62}},"1":{"start":{"line":2,"column":24},"end":{"line":2,"column":61}},"2":{"start":{"line":3,"column":28},"end":{"line":3,"column":54}},"3":{"start":{"line":4,"column":15},"end":{"line":4,"column":41}},"4":{"start":{"line":9,"column":4},"end":{"line":28,"column":5}},"5":{"start":{"line":10,"column":100},"end":{"line":10,"column":108}},"6":{"start":{"line":12,"column":6},"end":{"line":14,"column":7}},"7":{"start":{"line":13,"column":8},"end":{"line":13,"column":91}},"8":{"start":{"line":16,"column":23},"end":{"line":19,"column":7}},"9":{"start":{"line":21,"column":6},"end":{"line":21,"column":55}},"10":{"start":{"line":23,"column":6},"end":{"line":25,"column":8}},"11":{"start":{"line":27,"column":6},"end":{"line":27,"column":18}},"12":{"start":{"line":33,"column":4},"end":{"line":46,"column":5}},"13":{"start":{"line":34,"column":45},"end":{"line":34,"column":54}},"14":{"start":{"line":36,"column":21},"end":{"line":39,"column":7}},"15":{"start":{"line":41,"column":6},"end":{"line":43,"column":8}},"16":{"start":{"line":45,"column":6},"end":{"line":45,"column":18}},"17":{"start":{"line":51,"column":4},"end":{"line":59,"column":5}},"18":{"start":{"line":52,"column":23},"end":{"line":52,"column":72}},"19":{"start":{"line":54,"column":6},"end":{"line":56,"column":8}},"20":{"start":{"line":58,"column":6},"end":{"line":58,"column":18}},"21":{"start":{"line":64,"column":4},"end":{"line":74,"column":5}},"22":{"start":{"line":65,"column":29},"end":{"line":65,"column":39}},"23":{"start":{"line":67,"column":23},"end":{"line":67,"column":72}},"24":{"start":{"line":69,"column":6},"end":{"line":71,"column":8}},"25":{"start":{"line":73,"column":6},"end":{"line":73,"column":18}},"26":{"start":{"line":79,"column":4},"end":{"line":91,"column":5}},"27":{"start":{"line":80,"column":29},"end":{"line":80,"column":39}},"28":{"start":{"line":82,"column":23},"end":{"line":82,"column":95}},"29":{"start":{"line":84,"column":6},"end":{"line":84,"column":53}},"30":{"start":{"line":86,"column":6},"end":{"line":88,"column":8}},"31":{"start":{"line":90,"column":6},"end":{"line":90,"column":18}},"32":{"start":{"line":96,"column":4},"end":{"line":108,"column":5}},"33":{"start":{"line":97,"column":29},"end":{"line":97,"column":39}},"34":{"start":{"line":99,"column":6},"end":{"line":99,"column":55}},"35":{"start":{"line":101,"column":6},"end":{"line":101,"column":53}},"36":{"start":{"line":103,"column":6},"end":{"line":105,"column":8}},"37":{"start":{"line":107,"column":6},"end":{"line":107,"column":18}},"38":{"start":{"line":113,"column":4},"end":{"line":130,"column":5}},"39":{"start":{"line":114,"column":29},"end":{"line":114,"column":39}},"40":{"start":{"line":115,"column":30},"end":{"line":115,"column":38}},"41":{"start":{"line":117,"column":6},"end":{"line":119,"column":7}},"42":{"start":{"line":118,"column":8},"end":{"line":118,"column":61}},"43":{"start":{"line":121,"column":23},"end":{"line":121,"column":85}},"44":{"start":{"line":123,"column":6},"end":{"line":123,"column":67}},"45":{"start":{"line":125,"column":6},"end":{"line":127,"column":8}},"46":{"start":{"line":129,"column":6},"end":{"line":129,"column":18}},"47":{"start":{"line":135,"column":4},"end":{"line":149,"column":5}},"48":{"start":{"line":136,"column":25},"end":{"line":136,"column":67}},"49":{"start":{"line":138,"column":6},"end":{"line":140,"column":7}},"50":{"start":{"line":139,"column":8},"end":{"line":139,"column":59}},"51":{"start":{"line":142,"column":20},"end":{"line":142,"column":70}},"52":{"start":{"line":144,"column":6},"end":{"line":146,"column":8}},"53":{"start":{"line":148,"column":6},"end":{"line":148,"column":18}},"54":{"start":{"line":153,"column":0},"end":{"line":153,"column":42}}},"fnMap":{"0":{"name":"(anonymous_0)","decl":{"start":{"line":8,"column":2},"end":{"line":8,"column":3}},"loc":{"start":{"line":8,"column":39},"end":{"line":29,"column":3}},"line":8},"1":{"name":"(anonymous_1)","decl":{"start":{"line":32,"column":2},"end":{"line":32,"column":3}},"loc":{"start":{"line":32,"column":40},"end":{"line":47,"column":3}},"line":32},"2":{"name":"(anonymous_2)","decl":{"start":{"line":50,"column":2},"end":{"line":50,"column":3}},"loc":{"start":{"line":50,"column":38},"end":{"line":60,"column":3}},"line":50},"3":{"name":"(anonymous_3)","decl":{"start":{"line":63,"column":2},"end":{"line":63,"column":3}},"loc":{"start":{"line":63,"column":40},"end":{"line":75,"column":3}},"line":63},"4":{"name":"(anonymous_4)","decl":{"start":{"line":78,"column":2},"end":{"line":78,"column":3}},"loc":{"start":{"line":78,"column":39},"end":{"line":92,"column":3}},"line":78},"5":{"name":"(anonymous_5)","decl":{"start":{"line":95,"column":2},"end":{"line":95,"column":3}},"loc":{"start":{"line":95,"column":39},"end":{"line":109,"column":3}},"line":95},"6":{"name":"(anonymous_6)","decl":{"start":{"line":112,"column":2},"end":{"line":112,"column":3}},"loc":{"start":{"line":112,"column":40},"end":{"line":131,"column":3}},"line":112},"7":{"name":"(anonymous_7)","decl":{"start":{"line":134,"column":2},"end":{"line":134,"column":3}},"loc":{"start":{"line":134,"column":41},"end":{"line":150,"column":3}},"line":134}},"branchMap":{"0":{"loc":{"start":{"line":12,"column":6},"end":{"line":14,"column":7}},"type":"if","locations":[{"start":{"line":12,"column":6},"end":{"line":14,"column":7}},{"start":{},"end":{}}],"line":12},"1":{"loc":{"start":{"line":12,"column":10},"end":{"line":12,"column":56}},"type":"binary-expr","locations":[{"start":{"line":12,"column":10},"end":{"line":12,"column":15}},{"start":{"line":12,"column":19},"end":{"line":12,"column":27}},{"start":{"line":12,"column":31},"end":{"line":12,"column":36}},{"start":{"line":12,"column":40},"end":{"line":12,"column":56}}],"line":12},"2":{"loc":{"start":{"line":117,"column":6},"end":{"line":119,"column":7}},"type":"if","locations":[{"start":{"line":117,"column":6},"end":{"line":119,"column":7}},{"start":{},"end":{}}],"line":117},"3":{"loc":{"start":{"line":136,"column":25},"end":{"line":136,"column":67}},"type":"binary-expr","locations":[{"start":{"line":136,"column":25},"end":{"line":136,"column":46}},{"start":{"line":136,"column":50},"end":{"line":136,"column":67}}],"line":136},"4":{"loc":{"start":{"line":138,"column":6},"end":{"line":140,"column":7}},"type":"if","locations":[{"start":{"line":138,"column":6},"end":{"line":140,"column":7}},{"start":{},"end":{}}],"line":138}},"s":{"0":1,"1":1,"2":1,"3":1,"4":0,"5":0,"6":0,"7":0,"8":0,"9":0,"10":0,"11":0,"12":0,"13":0,"14":0,"15":0,"16":0,"17":0,"18":0,"19":0,"20":0,"21":0,"22":0,"23":0,"24":0,"25":0,"26":0,"27":0,"28":0,"29":0,"30":0,"31":0,"32":0,"33":0,"34":0,"35":0,"36":0,"37":0,"38":0,"39":0,"40":0,"41":0,"42":0,"43":0,"44":0,"45":0,"46":0,"47":0,"48":0,"49":0,"50":0,"51":0,"52":0,"53":0,"54":1},"f":{"0":0,"1":0,"2":0,"3":0,"4":0,"5":0,"6":0,"7":0},"b":{"0":[0,0],"1":[0,0,0,0],"2":[0,0],"3":[0,0],"4":[0,0]},"_coverageSchema":"1a1c01bbd47fc00a2c39e90264f33305004495a9","hash":"cabbe0e37251a0cc68e989dbf016a5e508e3466c"}
,"C:\\Users\\niban\\OneDrive\\Desktop\\residence-app-backend\\src\\controllers\\chargeController.js": {"path":"C:\\Users\\niban\\OneDrive\\Desktop\\residence-app-backend\\src\\controllers\\chargeController.js","statementMap":{"0":{"start":{"line":1,"column":15},"end":{"line":1,"column":42}},"1":{"start":{"line":2,"column":24},"end":{"line":2,"column":61}},"2":{"start":{"line":3,"column":43},"end":{"line":3,"column":69}},"3":{"start":{"line":4,"column":15},"end":{"line":4,"column":41}},"4":{"start":{"line":9,"column":4},"end":{"line":35,"column":5}},"5":{"start":{"line":10,"column":23},"end":{"line":10,"column":40}},"6":{"start":{"line":11,"column":57},"end":{"line":11,"column":66}},"7":{"start":{"line":13,"column":20},"end":{"line":13,"column":32}},"8":{"start":{"line":14,"column":6},"end":{"line":14,"column":40}},"9":{"start":{"line":14,"column":18},"end":{"line":14,"column":40}},"10":{"start":{"line":15,"column":6},"end":{"line":15,"column":46}},"11":{"start":{"line":15,"column":20},"end":{"line":15,"column":46}},"12":{"start":{"line":17,"column":22},"end":{"line":22,"column":30}},"13":{"start":{"line":24,"column":20},"end":{"line":24,"column":54}},"14":{"start":{"line":26,"column":6},"end":{"line":32,"column":8}},"15":{"start":{"line":34,"column":6},"end":{"line":34,"column":18}},"16":{"start":{"line":40,"column":4},"end":{"line":60,"column":5}},"17":{"start":{"line":41,"column":27},"end":{"line":41,"column":37}},"18":{"start":{"line":43,"column":21},"end":{"line":45,"column":29}},"19":{"start":{"line":47,"column":6},"end":{"line":49,"column":7}},"20":{"start":{"line":48,"column":8},"end":{"line":48,"column":59}},"21":{"start":{"line":51,"column":6},"end":{"line":57,"column":8}},"22":{"start":{"line":59,"column":6},"end":{"line":59,"column":18}},"23":{"start":{"line":65,"column":4},"end":{"line":96,"column":5}},"24":{"start":{"line":66,"column":68},"end":{"line":66,"column":76}},"25":{"start":{"line":68,"column":6},"end":{"line":70,"column":7}},"26":{"start":{"line":69,"column":8},"end":{"line":69,"column":68}},"27":{"start":{"line":72,"column":21},"end":{"line":81,"column":8}},"28":{"start":{"line":83,"column":6},"end":{"line":83,"column":26}},"29":{"start":{"line":85,"column":6},"end":{"line":85,"column":75}},"30":{"start":{"line":87,"column":6},"end":{"line":93,"column":8}},"31":{"start":{"line":95,"column":6},"end":{"line":95,"column":18}},"32":{"start":{"line":101,"column":4},"end":{"line":130,"column":5}},"33":{"start":{"line":102,"column":27},"end":{"line":102,"column":37}},"34":{"start":{"line":103,"column":22},"end":{"line":103,"column":30}},"35":{"start":{"line":106,"column":6},"end":{"line":106,"column":28}},"36":{"start":{"line":107,"column":6},"end":{"line":107,"column":30}},"37":{"start":{"line":109,"column":21},"end":{"line":113,"column":7}},"38":{"start":{"line":115,"column":6},"end":{"line":117,"column":7}},"39":{"start":{"line":116,"column":8},"end":{"line":116,"column":59}},"40":{"start":{"line":119,"column":6},"end":{"line":119,"column":49}},"41":{"start":{"line":121,"column":6},"end":{"line":127,"column":8}},"42":{"start":{"line":129,"column":6},"end":{"line":129,"column":18}},"43":{"start":{"line":135,"column":4},"end":{"line":155,"column":5}},"44":{"start":{"line":136,"column":27},"end":{"line":136,"column":37}},"45":{"start":{"line":138,"column":21},"end":{"line":138,"column":61}},"46":{"start":{"line":140,"column":6},"end":{"line":142,"column":7}},"47":{"start":{"line":141,"column":8},"end":{"line":141,"column":59}},"48":{"start":{"line":144,"column":6},"end":{"line":144,"column":49}},"49":{"start":{"line":146,"column":6},"end":{"line":152,"column":8}},"50":{"start":{"line":154,"column":6},"end":{"line":154,"column":18}},"51":{"start":{"line":160,"column":4},"end":{"line":175,"column":5}},"52":{"start":{"line":161,"column":30},"end":{"line":161,"column":40}},"53":{"start":{"line":163,"column":22},"end":{"line":164,"column":30}},"54":{"start":{"line":166,"column":6},"end":{"line":172,"column":8}},"55":{"start":{"line":174,"column":6},"end":{"line":174,"column":18}},"56":{"start":{"line":180,"column":4},"end":{"line":201,"column":5}},"57":{"start":{"line":181,"column":23},"end":{"line":181,"column":40}},"58":{"start":{"line":182,"column":20},"end":{"line":182,"column":30}},"59":{"start":{"line":184,"column":22},"end":{"line":190,"column":29}},"60":{"start":{"line":192,"column":6},"end":{"line":198,"column":8}},"61":{"start":{"line":200,"column":6},"end":{"line":200,"column":18}},"62":{"start":{"line":205,"column":0},"end":{"line":205,"column":40}}},"fnMap":{"0":{"name":"(anonymous_0)","decl":{"start":{"line":8,"column":2},"end":{"line":8,"column":3}},"loc":{"start":{"line":8,"column":38},"end":{"line":36,"column":3}},"line":8},"1":{"name":"(anonymous_1)","decl":{"start":{"line":39,"column":2},"end":{"line":39,"column":3}},"loc":{"start":{"line":39,"column":38},"end":{"line":61,"column":3}},"line":39},"2":{"name":"(anonymous_2)","decl":{"start":{"line":64,"column":2},"end":{"line":64,"column":3}},"loc":{"start":{"line":64,"column":37},"end":{"line":97,"column":3}},"line":64},"3":{"name":"(anonymous_3)","decl":{"start":{"line":100,"column":2},"end":{"line":100,"column":3}},"loc":{"start":{"line":100,"column":37},"end":{"line":131,"column":3}},"line":100},"4":{"name":"(anonymous_4)","decl":{"start":{"line":134,"column":2},"end":{"line":134,"column":3}},"loc":{"start":{"line":134,"column":37},"end":{"line":156,"column":3}},"line":134},"5":{"name":"(anonymous_5)","decl":{"start":{"line":159,"column":2},"end":{"line":159,"column":3}},"loc":{"start":{"line":159,"column":46},"end":{"line":176,"column":3}},"line":159},"6":{"name":"(anonymous_6)","decl":{"start":{"line":179,"column":2},"end":{"line":179,"column":3}},"loc":{"start":{"line":179,"column":42},"end":{"line":202,"column":3}},"line":179}},"branchMap":{"0":{"loc":{"start":{"line":11,"column":32},"end":{"line":11,"column":40}},"type":"default-arg","locations":[{"start":{"line":11,"column":39},"end":{"line":11,"column":40}}],"line":11},"1":{"loc":{"start":{"line":11,"column":42},"end":{"line":11,"column":52}},"type":"default-arg","locations":[{"start":{"line":11,"column":50},"end":{"line":11,"column":52}}],"line":11},"2":{"loc":{"start":{"line":14,"column":6},"end":{"line":14,"column":40}},"type":"if","locations":[{"start":{"line":14,"column":6},"end":{"line":14,"column":40}},{"start":{},"end":{}}],"line":14},"3":{"loc":{"start":{"line":15,"column":6},"end":{"line":15,"column":46}},"type":"if","locations":[{"start":{"line":15,"column":6},"end":{"line":15,"column":46}},{"start":{},"end":{}}],"line":15},"4":{"loc":{"start":{"line":47,"column":6},"end":{"line":49,"column":7}},"type":"if","locations":[{"start":{"line":47,"column":6},"end":{"line":49,"column":7}},{"start":{},"end":{}}],"line":47},"5":{"loc":{"start":{"line":68,"column":6},"end":{"line":70,"column":7}},"type":"if","locations":[{"start":{"line":68,"column":6},"end":{"line":70,"column":7}},{"start":{},"end":{}}],"line":68},"6":{"loc":{"start":{"line":68,"column":10},"end":{"line":68,"column":56}},"type":"binary-expr","locations":[{"start":{"line":68,"column":10},"end":{"line":68,"column":20}},{"start":{"line":68,"column":24},"end":{"line":68,"column":31}},{"start":{"line":68,"column":35},"end":{"line":68,"column":43}},{"start":{"line":68,"column":47},"end":{"line":68,"column":56}}],"line":68},"7":{"loc":{"start":{"line":115,"column":6},"end":{"line":117,"column":7}},"type":"if","locations":[{"start":{"line":115,"column":6},"end":{"line":117,"column":7}},{"start":{},"end":{}}],"line":115},"8":{"loc":{"start":{"line":140,"column":6},"end":{"line":142,"column":7}},"type":"if","locations":[{"start":{"line":140,"column":6},"end":{"line":142,"column":7}},{"start":{},"end":{}}],"line":140}},"s":{"0":1,"1":1,"2":1,"3":1,"4":0,"5":0,"6":0,"7":0,"8":0,"9":0,"10":0,"11":0,"12":0,"13":0,"14":0,"15":0,"16":0,"17":0,"18":0,"19":0,"20":0,"21":0,"22":0,"23":0,"24":0,"25":0,"26":0,"27":0,"28":0,"29":0,"30":0,"31":0,"32":0,"33":0,"34":0,"35":0,"36":0,"37":0,"38":0,"39":0,"40":0,"41":0,"42":0,"43":0,"44":0,"45":0,"46":0,"47":0,"48":0,"49":0,"50":0,"51":0,"52":0,"53":0,"54":0,"55":0,"56":0,"57":0,"58":0,"59":0,"60":0,"61":0,"62":1},"f":{"0":0,"1":0,"2":0,"3":0,"4":0,"5":0,"6":0},"b":{"0":[0],"1":[0],"2":[0,0],"3":[0,0],"4":[0,0],"5":[0,0],"6":[0,0,0,0],"7":[0,0],"8":[0,0]},"_coverageSchema":"1a1c01bbd47fc00a2c39e90264f33305004495a9","hash":"446adb8e0daeca7023e40b3e92b6694f2d9ce243"}
[...]
,"C:\\Users\\niban\\OneDrive\\Desktop\\residence-app-backend\\src\\utils\\logger.js": {"path":"C:\\Users\\niban\\OneDrive\\Desktop\\residence-app-backend\\src\\utils\\logger.js","statementMap":{"0":{"start":{"line":1,"column":16},"end":{"line":1,"column":34}},"1":{"start":{"line":2,"column":13},"end":{"line":2,"column":28}},"2":{"start":{"line":3,"column":15},"end":{"line":3,"column":47}},"3":{"start":{"line":5,"column":15},"end":{"line":26,"column":2}},"4":{"start":{"line":29,"column":0},"end":{"line":36,"column":1}},"5":{"start":{"line":30,"column":2},"end":{"line":35,"column":6}},"6":{"start":{"line":38,"column":0},"end":{"line":38,"column":24}}},"fnMap":{},"branchMap":{"0":{"loc":{"start":{"line":29,"column":0},"end":{"line":36,"column":1}},"type":"if","locations":[{"start":{"line":29,"column":0},"end":{"line":36,"column":1}},{"start":{},"end":{}}],"line":29}},"s":{"0":1,"1":1,"2":1,"3":1,"4":1,"5":1,"6":1},"f":{},"b":{"0":[1,0]},"_coverageSchema":"1a1c01bbd47fc00a2c39e90264f33305004495a9","hash":"d0328ec7495c25d041a0dd908c425124584ca2ef"}
,"C:\\Users\\niban\\OneDrive\\Desktop\\residence-app-backend\\src\\utils\\passwordUtils.js": {"path":"C:\\Users\\niban\\OneDrive\\Desktop\\residence-app-backend\\src\\utils\\passwordUtils.js","statementMap":{"0":{"start":{"line":1,"column":15},"end":{"line":1,"column":32}},"1":{"start":{"line":2,"column":15},"end":{"line":2,"column":34}},"2":{"start":{"line":9,"column":21},"end":{"line":25,"column":1}},"3":{"start":{"line":10,"column":2},"end":{"line":24,"column":3}},"4":{"start":{"line":11,"column":4},"end":{"line":13,"column":5}},"5":{"start":{"line":12,"column":6},"end":{"line":12,"column":61}},"6":{"start":{"line":15,"column":17},"end":{"line":15,"column":41}},"7":{"start":{"line":16,"column":27},"end":{"line":16,"column":60}},"8":{"start":{"line":18,"column":4},"end":{"line":18,"column":49}},"9":{"start":{"line":19,"column":4},"end":{"line":19,"column":26}},"10":{"start":{"line":22,"column":4},"end":{"line":22,"column":51}},"11":{"start":{"line":23,"column":4},"end":{"line":23,"column":16}},"12":{"start":{"line":33,"column":24},"end":{"line":52,"column":1}},"13":{"start":{"line":34,"column":2},"end":{"line":51,"column":3}},"14":{"start":{"line":35,"column":4},"end":{"line":37,"column":5}},"15":{"start":{"line":36,"column":6},"end":{"line":36,"column":69}},"16":{"start":{"line":39,"column":4},"end":{"line":41,"column":5}},"17":{"start":{"line":40,"column":6},"end":{"line":40,"column":68}},"18":{"start":{"line":43,"column":20},"end":{"line":43,"column":73}},"19":{"start":{"line":45,"column":4},"end":{"line":45,"column":59}},"20":{"start":{"line":46,"column":4},"end":{"line":46,"column":19}},"21":{"start":{"line":49,"column":4},"end":{"line":49,"column":54}},"22":{"start":{"line":50,"column":4},"end":{"line":50,"column":16}},"23":{"start":{"line":54,"column":0},"end":{"line":57,"column":2}}},"fnMap":{"0":{"name":"(anonymous_0)","decl":{"start":{"line":9,"column":21},"end":{"line":9,"column":22}},"loc":{"start":{"line":9,"column":41},"end":{"line":25,"column":1}},"line":9},"1":{"name":"(anonymous_1)","decl":{"start":{"line":33,"column":24},"end":{"line":33,"column":25}},"loc":{"start":{"line":33,"column":67},"end":{"line":52,"column":1}},"line":33}},"branchMap":{"0":{"loc":{"start":{"line":11,"column":4},"end":{"line":13,"column":5}},"type":"if","locations":[{"start":{"line":11,"column":4},"end":{"line":13,"column":5}},{"start":{},"end":{}}],"line":11},"1":{"loc":{"start":{"line":11,"column":8},"end":{"line":11,"column":49}},"type":"binary-expr","locations":[{"start":{"line":11,"column":8},"end":{"line":11,"column":17}},{"start":{"line":11,"column":21},"end":{"line":11,"column":49}}],"line":11},"2":{"loc":{"start":{"line":35,"column":4},"end":{"line":37,"column":5}},"type":"if","locations":[{"start":{"line":35,"column":4},"end":{"line":37,"column":5}},{"start":{},"end":{}}],"line":35},"3":{"loc":{"start":{"line":35,"column":8},"end":{"line":35,"column":63}},"type":"binary-expr","locations":[{"start":{"line":35,"column":8},"end":{"line":35,"column":24}},{"start":{"line":35,"column":28},"end":{"line":35,"column":63}}],"line":35},"4":{"loc":{"start":{"line":39,"column":4},"end":{"line":41,"column":5}},"type":"if","locations":[{"start":{"line":39,"column":4},"end":{"line":41,"column":5}},{"start":{},"end":{}}],"line":39},"5":{"loc":{"start":{"line":39,"column":8},"end":{"line":39,"column":61}},"type":"binary-expr","locations":[{"start":{"line":39,"column":8},"end":{"line":39,"column":23}},{"start":{"line":39,"column":27},"end":{"line":39,"column":61}}],"line":39}},"s":{"0":1,"1":1,"2":1,"3":0,"4":0,"5":0,"6":0,"7":0,"8":0,"9":0,"10":0,"11":0,"12":1,"13":0,"14":0,"15":0,"16":0,"17":0,"18":0,"19":0,"20":0,"21":0,"22":0,"23":1},"f":{"0":0,"1":0},"b":{"0":[0,0],"1":[0,0],"2":[0,0],"3":[0,0],"4":[0,0],"5":[0,0]},"_coverageSchema":"1a1c01bbd47fc00a2c39e90264f33305004495a9","hash":"7a59362aef98a4579e2275b26f928e89ee201f70"}
,"C:\\Users\\niban\\OneDrive\\Desktop\\residence-app-backend\\src\\utils\\responseFormatter.js": {"path":"C:\\Users\\niban\\OneDrive\\Desktop\\residence-app-backend\\src\\utils\\responseFormatter.js","statementMap":{"0":{"start":{"line":5,"column":4},"end":{"line":5,"column":33}},"1":{"start":{"line":6,"column":4},"end":{"line":6,"column":21}},"2":{"start":{"line":7,"column":4},"end":{"line":7,"column":27}},"3":{"start":{"line":8,"column":4},"end":{"line":8,"column":36}},"4":{"start":{"line":9,"column":4},"end":{"line":9,"column":32}},"5":{"start":{"line":13,"column":0},"end":{"line":13,"column":33}}},"fnMap":{"0":{"name":"(anonymous_0)","decl":{"start":{"line":4,"column":2},"end":{"line":4,"column":3}},"loc":{"start":{"line":4,"column":60},"end":{"line":10,"column":3}},"line":4}},"branchMap":{"0":{"loc":{"start":{"line":4,"column":26},"end":{"line":4,"column":37}},"type":"default-arg","locations":[{"start":{"line":4,"column":33},"end":{"line":4,"column":37}}],"line":4},"1":{"loc":{"start":{"line":4,"column":39},"end":{"line":4,"column":58}},"type":"default-arg","locations":[{"start":{"line":4,"column":49},"end":{"line":4,"column":58}}],"line":4}},"s":{"0":5,"1":5,"2":5,"3":5,"4":5,"5":2},"f":{"0":5},"b":{"0":[2],"1":[2]},"_coverageSchema":"1a1c01bbd47fc00a2c39e90264f33305004495a9","hash":"bbfd8f90565293d679cd8621376e286fbef2c1e1"}
,"C:\\Users\\niban\\OneDrive\\Desktop\\residence-app-backend\\src\\utils\\tokenUtils.js": {"path":"C:\\Users\\niban\\OneDrive\\Desktop\\residence-app-backend\\src\\utils\\tokenUtils.js","statementMap":{"0":{"start":{"line":1,"column":12},"end":{"line":1,"column":35}},"1":{"start":{"line":2,"column":15},"end":{"line":2,"column":47}},"2":{"start":{"line":3,"column":30},"end":{"line":3,"column":49}},"3":{"start":{"line":4,"column":15},"end":{"line":4,"column":34}},"4":{"start":{"line":7,"column":0},"end":{"line":9,"column":1}},"5":{"start":{"line":8,"column":2},"end":{"line":8,"column":76}},"6":{"start":{"line":12,"column":23},"end":{"line":12,"column":32}},"7":{"start":{"line":15,"column":23},"end":{"line":37,"column":1}},"8":{"start":{"line":16,"column":2},"end":{"line":18,"column":3}},"9":{"start":{"line":17,"column":4},"end":{"line":17,"column":73}},"10":{"start":{"line":20,"column":18},"end":{"line":20,"column":44}},"11":{"start":{"line":23,"column":22},"end":{"line":27,"column":3}},"12":{"start":{"line":30,"column":23},"end":{"line":34,"column":3}},"13":{"start":{"line":36,"column":2},"end":{"line":36,"column":39}},"14":{"start":{"line":40,"column":26},"end":{"line":62,"column":1}},"15":{"start":{"line":41,"column":2},"end":{"line":61,"column":3}},"16":{"start":{"line":43,"column":4},"end":{"line":45,"column":5}},"17":{"start":{"line":44,"column":6},"end":{"line":44,"column":60}},"18":{"start":{"line":47,"column":20},"end":{"line":47,"column":55}},"19":{"start":{"line":48,"column":4},"end":{"line":48,"column":63}},"20":{"start":{"line":49,"column":4},"end":{"line":49,"column":19}},"21":{"start":{"line":52,"column":4},"end":{"line":55,"column":5}},"22":{"start":{"line":53,"column":6},"end":{"line":53,"column":35}},"23":{"start":{"line":54,"column":6},"end":{"line":54,"column":51}},"24":{"start":{"line":56,"column":4},"end":{"line":58,"column":5}},"25":{"start":{"line":57,"column":6},"end":{"line":57,"column":18}},"26":{"start":{"line":59,"column":4},"end":{"line":59,"column":63}},"27":{"start":{"line":60,"column":4},"end":{"line":60,"column":49}},"28":{"start":{"line":65,"column":27},"end":{"line":80,"column":1}},"29":{"start":{"line":66,"column":2},"end":{"line":79,"column":3}},"30":{"start":{"line":67,"column":4},"end":{"line":69,"column":5}},"31":{"start":{"line":68,"column":6},"end":{"line":68,"column":68}},"32":{"start":{"line":71,"column":4},"end":{"line":71,"column":54}},"33":{"start":{"line":74,"column":4},"end":{"line":76,"column":5}},"34":{"start":{"line":75,"column":6},"end":{"line":75,"column":18}},"35":{"start":{"line":77,"column":4},"end":{"line":77,"column":71}},"36":{"start":{"line":78,"column":4},"end":{"line":78,"column":57}},"37":{"start":{"line":83,"column":20},"end":{"line":86,"column":1}},"38":{"start":{"line":84,"column":2},"end":{"line":84,"column":28}},"39":{"start":{"line":85,"column":2},"end":{"line":85,"column":31}},"40":{"start":{"line":88,"column":0},"end":{"line":93,"column":2}}},"fnMap":{"0":{"name":"(anonymous_0)","decl":{"start":{"line":15,"column":23},"end":{"line":15,"column":24}},"loc":{"start":{"line":15,"column":58},"end":{"line":37,"column":1}},"line":15},"1":{"name":"(anonymous_1)","decl":{"start":{"line":40,"column":26},"end":{"line":40,"column":27}},"loc":{"start":{"line":40,"column":37},"end":{"line":62,"column":1}},"line":40},"2":{"name":"(anonymous_2)","decl":{"start":{"line":65,"column":27},"end":{"line":65,"column":28}},"loc":{"start":{"line":65,"column":38},"end":{"line":80,"column":1}},"line":65},"3":{"name":"(anonymous_3)","decl":{"start":{"line":83,"column":20},"end":{"line":83,"column":21}},"loc":{"start":{"line":83,"column":31},"end":{"line":86,"column":1}},"line":83}},"branchMap":{"0":{"loc":{"start":{"line":7,"column":0},"end":{"line":9,"column":1}},"type":"if","locations":[{"start":{"line":7,"column":0},"end":{"line":9,"column":1}},{"start":{},"end":{}}],"line":7},"1":{"loc":{"start":{"line":7,"column":4},"end":{"line":7,"column":49}},"type":"binary-expr","locations":[{"start":{"line":7,"column":4},"end":{"line":7,"column":21}},{"start":{"line":7,"column":25},"end":{"line":7,"column":49}}],"line":7},"2":{"loc":{"start":{"line":15,"column":38},"end":{"line":15,"column":53}},"type":"default-arg","locations":[{"start":{"line":15,"column":49},"end":{"line":15,"column":53}}],"line":15},"3":{"loc":{"start":{"line":16,"column":2},"end":{"line":18,"column":3}},"type":"if","locations":[{"start":{"line":16,"column":2},"end":{"line":18,"column":3}},{"start":{},"end":{}}],"line":16},"4":{"loc":{"start":{"line":16,"column":6},"end":{"line":16,"column":22}},"type":"binary-expr","locations":[{"start":{"line":16,"column":6},"end":{"line":16,"column":13}},{"start":{"line":16,"column":17},"end":{"line":16,"column":22}}],"line":16},"5":{"loc":{"start":{"line":43,"column":4},"end":{"line":45,"column":5}},"type":"if","locations":[{"start":{"line":43,"column":4},"end":{"line":45,"column":5}},{"start":{},"end":{}}],"line":43},"6":{"loc":{"start":{"line":52,"column":4},"end":{"line":55,"column":5}},"type":"if","locations":[{"start":{"line":52,"column":4},"end":{"line":55,"column":5}},{"start":{},"end":{}}],"line":52},"7":{"loc":{"start":{"line":56,"column":4},"end":{"line":58,"column":5}},"type":"if","locations":[{"start":{"line":56,"column":4},"end":{"line":58,"column":5}},{"start":{},"end":{}}],"line":56},"8":{"loc":{"start":{"line":67,"column":4},"end":{"line":69,"column":5}},"type":"if","locations":[{"start":{"line":67,"column":4},"end":{"line":69,"column":5}},{"start":{},"end":{}}],"line":67},"9":{"loc":{"start":{"line":74,"column":4},"end":{"line":76,"column":5}},"type":"if","locations":[{"start":{"line":74,"column":4},"end":{"line":76,"column":5}},{"start":{},"end":{}}],"line":74}},"s":{"0":1,"1":1,"2":1,"3":1,"4":1,"5":0,"6":1,"7":1,"8":0,"9":0,"10":0,"11":0,"12":0,"13":0,"14":1,"15":0,"16":0,"17":0,"18":0,"19":0,"20":0,"21":0,"22":0,"23":0,"24":0,"25":0,"26":0,"27":0,"28":1,"29":0,"30":0,"31":0,"32":0,"33":0,"34":0,"35":0,"36":0,"37":1,"38":0,"39":0,"40":1},"f":{"0":0,"1":0,"2":0,"3":0},"b":{"0":[0,1],"1":[1,1],"2":[0],"3":[0,0],"4":[0,0],"5":[0,0],"6":[0,0],"7":[0,0],"8":[0,0],"9":[0,0]},"_coverageSchema":"1a1c01bbd47fc00a2c39e90264f33305004495a9","hash":"1d1b7242eaf169853516e81d67cbe3240b4e2766"}
,"C:\\Users\\niban\\OneDrive\\Desktop\\residence-app-backend\\src\\utils\\translator.js": {"path":"C:\\Users\\niban\\OneDrive\\Desktop\\residence-app-backend\\src\\utils\\translator.js","statementMap":{"0":{"start":{"line":1,"column":11},"end":{"line":1,"column":40}},"1":{"start":{"line":2,"column":11},"end":{"line":2,"column":40}},"2":{"start":{"line":3,"column":11},"end":{"line":3,"column":40}},"3":{"start":{"line":4,"column":15},"end":{"line":4,"column":34}},"4":{"start":{"line":7,"column":0},"end":{"line":9,"column":1}},"5":{"start":{"line":8,"column":2},"end":{"line":8,"column":52}},"6":{"start":{"line":11,"column":21},"end":{"line":15,"column":1}},"7":{"start":{"line":19,"column":4},"end":{"line":19,"column":43}},"8":{"start":{"line":20,"column":4},"end":{"line":20,"column":49}},"9":{"start":{"line":26,"column":4},"end":{"line":29,"column":5}},"10":{"start":{"line":27,"column":6},"end":{"line":27,"column":100}},"11":{"start":{"line":28,"column":6},"end":{"line":28,"column":38}},"12":{"start":{"line":32,"column":17},"end":{"line":32,"column":31}},"13":{"start":{"line":33,"column":22},"end":{"line":33,"column":44}},"14":{"start":{"line":35,"column":4},"end":{"line":42,"column":5}},"15":{"start":{"line":36,"column":6},"end":{"line":41,"column":7}},"16":{"start":{"line":37,"column":8},"end":{"line":37,"column":37}},"17":{"start":{"line":39,"column":8},"end":{"line":39,"column":77}},"18":{"start":{"line":40,"column":8},"end":{"line":40,"column":19}},"19":{"start":{"line":45,"column":17},"end":{"line":45,"column":35}},"20":{"start":{"line":47,"column":4},"end":{"line":51,"column":5}},"21":{"start":{"line":48,"column":6},"end":{"line":50,"column":9}},"22":{"start":{"line":49,"column":8},"end":{"line":49,"column":70}},"23":{"start":{"line":53,"column":4},"end":{"line":53,"column":18}},"24":{"start":{"line":58,"column":4},"end":{"line":60,"column":5}},"25":{"start":{"line":59,"column":6},"end":{"line":59,"column":48}},"26":{"start":{"line":61,"column":4},"end":{"line":61,"column":34}},"27":{"start":{"line":66,"column":4},"end":{"line":66,"column":54}},"28":{"start":{"line":71,"column":4},"end":{"line":71,"column":40}},"29":{"start":{"line":76,"column":4},"end":{"line":76,"column":37}},"30":{"start":{"line":81,"column":4},"end":{"line":81,"column":56}},"31":{"start":{"line":85,"column":0},"end":{"line":85,"column":34}}},"fnMap":{"0":{"name":"(anonymous_0)","decl":{"start":{"line":18,"column":2},"end":{"line":18,"column":3}},"loc":{"start":{"line":18,"column":38},"end":{"line":21,"column":3}},"line":18},"1":{"name":"(anonymous_1)","decl":{"start":{"line":24,"column":2},"end":{"line":24,"column":3}},"loc":{"start":{"line":24,"column":58},"end":{"line":54,"column":3}},"line":24},"2":{"name":"(anonymous_2)","decl":{"start":{"line":48,"column":37},"end":{"line":48,"column":38}},"loc":{"start":{"line":48,"column":49},"end":{"line":50,"column":7}},"line":48},"3":{"name":"(anonymous_3)","decl":{"start":{"line":57,"column":2},"end":{"line":57,"column":3}},"loc":{"start":{"line":57,"column":24},"end":{"line":62,"column":3}},"line":57},"4":{"name":"(anonymous_4)","decl":{"start":{"line":65,"column":2},"end":{"line":65,"column":3}},"loc":{"start":{"line":65,"column":24},"end":{"line":67,"column":3}},"line":65},"5":{"name":"(anonymous_5)","decl":{"start":{"line":70,"column":2},"end":{"line":70,"column":3}},"loc":{"start":{"line":70,"column":26},"end":{"line":72,"column":3}},"line":70},"6":{"name":"(anonymous_6)","decl":{"start":{"line":75,"column":2},"end":{"line":75,"column":3}},"loc":{"start":{"line":75,"column":26},"end":{"line":77,"column":3}},"line":75},"7":{"name":"(anonymous_7)","decl":{"start":{"line":80,"column":2},"end":{"line":80,"column":3}},"loc":{"start":{"line":80,"column":33},"end":{"line":82,"column":3}},"line":80}},"branchMap":{"0":{"loc":{"start":{"line":7,"column":0},"end":{"line":9,"column":1}},"type":"if","locations":[{"start":{"line":7,"column":0},"end":{"line":9,"column":1}},{"start":{},"end":{}}],"line":7},"1":{"loc":{"start":{"line":7,"column":4},"end":{"line":7,"column":21}},"type":"binary-expr","locations":[{"start":{"line":7,"column":4},"end":{"line":7,"column":7}},{"start":{"line":7,"column":11},"end":{"line":7,"column":14}},{"start":{"line":7,"column":18},"end":{"line":7,"column":21}}],"line":7},"2":{"loc":{"start":{"line":18,"column":14},"end":{"line":18,"column":36}},"type":"default-arg","locations":[{"start":{"line":18,"column":32},"end":{"line":18,"column":36}}],"line":18},"3":{"loc":{"start":{"line":24,"column":9},"end":{"line":24,"column":40}},"type":"default-arg","locations":[{"start":{"line":24,"column":20},"end":{"line":24,"column":40}}],"line":24},"4":{"loc":{"start":{"line":24,"column":42},"end":{"line":24,"column":56}},"type":"default-arg","locations":[{"start":{"line":24,"column":54},"end":{"line":24,"column":56}}],"line":24},"5":{"loc":{"start":{"line":26,"column":4},"end":{"line":29,"column":5}},"type":"if","locations":[{"start":{"line":26,"column":4},"end":{"line":29,"column":5}},{"start":{},"end":{}}],"line":26},"6":{"loc":{"start":{"line":36,"column":6},"end":{"line":41,"column":7}},"type":"if","locations":[{"start":{"line":36,"column":6},"end":{"line":41,"column":7}},{"start":{"line":38,"column":13},"end":{"line":41,"column":7}}],"line":36},"7":{"loc":{"start":{"line":36,"column":10},"end":{"line":36,"column":56}},"type":"binary-expr","locations":[{"start":{"line":36,"column":10},"end":{"line":36,"column":21}},{"start":{"line":36,"column":25},"end":{"line":36,"column":56}}],"line":36},"8":{"loc":{"start":{"line":45,"column":17},"end":{"line":45,"column":35}},"type":"binary-expr","locations":[{"start":{"line":45,"column":17},"end":{"line":45,"column":28}},{"start":{"line":45,"column":32},"end":{"line":45,"column":35}}],"line":45},"9":{"loc":{"start":{"line":47,"column":4},"end":{"line":51,"column":5}},"type":"if","locations":[{"start":{"line":47,"column":4},"end":{"line":51,"column":5}},{"start":{},"end":{}}],"line":47},"10":{"loc":{"start":{"line":58,"column":4},"end":{"line":60,"column":5}},"type":"if","locations":[{"start":{"line":58,"column":4},"end":{"line":60,"column":5}},{"start":{},"end":{}}],"line":58},"11":{"loc":{"start":{"line":81,"column":11},"end":{"line":81,"column":55}},"type":"cond-expr","locations":[{"start":{"line":81,"column":42},"end":{"line":81,"column":47}},{"start":{"line":81,"column":50},"end":{"line":81,"column":55}}],"line":81}},"s":{"0":1,"1":1,"2":1,"3":1,"4":1,"5":0,"6":1,"7":1,"8":1,"9":2,"10":0,"11":0,"12":2,"13":2,"14":2,"15":4,"16":4,"17":0,"18":0,"19":2,"20":2,"21":2,"22":0,"23":2,"24":0,"25":0,"26":0,"27":4,"28":0,"29":0,"30":0,"31":1},"f":{"0":1,"1":2,"2":0,"3":0,"4":4,"5":0,"6":0,"7":0},"b":{"0":[0,1],"1":[1,1,1],"2":[1],"3":[0],"4":[0],"5":[0,2],"6":[4,0],"7":[4,4],"8":[2,0],"9":[2,0],"10":[0,0],"11":[0,0]},"_coverageSchema":"1a1c01bbd47fc00a2c39e90264f33305004495a9","hash":"deb9f0672a91e27369dbe63f04a384b10ddf3bb2"}
}
