{"C:\\Users\\niban\\OneDrive\\Desktop\\residence-app-backend\\src\\server.js": {"path":"C:\\Users\\niban\\OneDrive\\Desktop\\residence-app-backend\\src\\server.js","statementMap":{"0":{"start":{"line":1,"column":0},"end":{"line":1,"column":79}},"1":{"start":{"line":2,"column":16},"end":{"line":2,"column":34}},"2":{"start":{"line":3,"column":13},"end":{"line":3,"column":28}},"3":{"start":{"line":4,"column":15},"end":{"line":4,"column":32}},"4":{"start":{"line":5,"column":22},"end":{"line":5,"column":55}},"5":{"start":{"line":6,"column":18},"end":{"line":6,"column":47}},"6":{"start":{"line":9,"column":15},"end":{"line":9,"column":46}},"7":{"start":{"line":10,"column":17},"end":{"line":10,"column":45}},"8":{"start":{"line":13,"column":21},"end":{"line":13,"column":57}},"9":{"start":{"line":14,"column":27},"end":{"line":14,"column":69}},"10":{"start":{"line":15,"column":25},"end":{"line":15,"column":61}},"11":{"start":{"line":16,"column":15},"end":{"line":16,"column":40}},"12":{"start":{"line":19,"column":19},"end":{"line":19,"column":43}},"13":{"start":{"line":20,"column":23},"end":{"line":20,"column":52}},"14":{"start":{"line":21,"column":21},"end":{"line":21,"column":48}},"15":{"start":{"line":22,"column":21},"end":{"line":22,"column":48}},"16":{"start":{"line":23,"column":22},"end":{"line":23,"column":50}},"17":{"start":{"line":24,"column":19},"end":{"line":24,"column":44}},"18":{"start":{"line":25,"column":20},"end":{"line":25,"column":46}},"19":{"start":{"line":26,"column":24},"end":{"line":26,"column":54}},"20":{"start":{"line":27,"column":19},"end":{"line":27,"column":44}},"21":{"start":{"line":28,"column":27},"end":{"line":28,"column":60}},"22":{"start":{"line":29,"column":19},"end":{"line":29,"column":44}},"23":{"start":{"line":30,"column":24},"end":{"line":30,"column":54}},"24":{"start":{"line":31,"column":21},"end":{"line":31,"column":48}},"25":{"start":{"line":32,"column":27},"end":{"line":32,"column":60}},"26":{"start":{"line":35,"column":12},"end":{"line":35,"column":21}},"27":{"start":{"line":39,"column":0},"end":{"line":39,"column":18}},"28":{"start":{"line":42,"column":16},"end":{"line":46,"column":2}},"29":{"start":{"line":47,"column":0},"end":{"line":47,"column":26}},"30":{"start":{"line":50,"column":0},"end":{"line":54,"column":4}},"31":{"start":{"line":58,"column":0},"end":{"line":58,"column":41}},"32":{"start":{"line":61,"column":0},"end":{"line":61,"column":63}},"33":{"start":{"line":64,"column":0},"end":{"line":64,"column":25}},"34":{"start":{"line":67,"column":0},"end":{"line":67,"column":26}},"35":{"start":{"line":70,"column":0},"end":{"line":70,"column":28}},"36":{"start":{"line":73,"column":0},"end":{"line":91,"column":3}},"37":{"start":{"line":74,"column":2},"end":{"line":90,"column":3}},"38":{"start":{"line":75,"column":4},"end":{"line":83,"column":7}},"39":{"start":{"line":85,"column":4},"end":{"line":89,"column":7}},"40":{"start":{"line":94,"column":0},"end":{"line":94,"column":36}},"41":{"start":{"line":95,"column":0},"end":{"line":95,"column":45}},"42":{"start":{"line":96,"column":0},"end":{"line":96,"column":41}},"43":{"start":{"line":97,"column":0},"end":{"line":97,"column":41}},"44":{"start":{"line":98,"column":0},"end":{"line":98,"column":43}},"45":{"start":{"line":99,"column":0},"end":{"line":99,"column":37}},"46":{"start":{"line":100,"column":0},"end":{"line":100,"column":39}},"47":{"start":{"line":101,"column":0},"end":{"line":101,"column":47}},"48":{"start":{"line":102,"column":0},"end":{"line":102,"column":37}},"49":{"start":{"line":103,"column":0},"end":{"line":103,"column":53}},"50":{"start":{"line":104,"column":0},"end":{"line":104,"column":37}},"51":{"start":{"line":105,"column":0},"end":{"line":105,"column":47}},"52":{"start":{"line":106,"column":0},"end":{"line":106,"column":41}},"53":{"start":{"line":107,"column":0},"end":{"line":107,"column":53}},"54":{"start":{"line":110,"column":0},"end":{"line":117,"column":3}},"55":{"start":{"line":111,"column":2},"end":{"line":116,"column":5}},"56":{"start":{"line":120,"column":0},"end":{"line":120,"column":22}},"57":{"start":{"line":123,"column":0},"end":{"line":142,"column":1}},"58":{"start":{"line":124,"column":2},"end":{"line":124,"column":21}},"59":{"start":{"line":126,"column":15},"end":{"line":126,"column":26}},"60":{"start":{"line":127,"column":17},"end":{"line":132,"column":4}},"61":{"start":{"line":128,"column":4},"end":{"line":128,"column":52}},"62":{"start":{"line":129,"column":4},"end":{"line":129,"column":53}},"63":{"start":{"line":130,"column":4},"end":{"line":130,"column":58}},"64":{"start":{"line":131,"column":4},"end":{"line":131,"column":70}},"65":{"start":{"line":134,"column":2},"end":{"line":141,"column":5}},"66":{"start":{"line":135,"column":4},"end":{"line":135,"column":65}},"67":{"start":{"line":136,"column":4},"end":{"line":140,"column":7}},"68":{"start":{"line":137,"column":6},"end":{"line":137,"column":35}},"69":{"start":{"line":138,"column":6},"end":{"line":138,"column":28}},"70":{"start":{"line":139,"column":6},"end":{"line":139,"column":22}},"71":{"start":{"line":144,"column":0},"end":{"line":144,"column":21}}},"fnMap":{"0":{"name":"(anonymous_0)","decl":{"start":{"line":73,"column":26},"end":{"line":73,"column":27}},"loc":{"start":{"line":73,"column":46},"end":{"line":91,"column":1}},"line":73},"1":{"name":"(anonymous_1)","decl":{"start":{"line":110,"column":8},"end":{"line":110,"column":9}},"loc":{"start":{"line":110,"column":22},"end":{"line":117,"column":1}},"line":110},"2":{"name":"(anonymous_2)","decl":{"start":{"line":127,"column":34},"end":{"line":127,"column":35}},"loc":{"start":{"line":127,"column":40},"end":{"line":132,"column":3}},"line":127},"3":{"name":"(anonymous_3)","decl":{"start":{"line":134,"column":24},"end":{"line":134,"column":25}},"loc":{"start":{"line":134,"column":30},"end":{"line":141,"column":3}},"line":134},"4":{"name":"(anonymous_4)","decl":{"start":{"line":136,"column":17},"end":{"line":136,"column":18}},"loc":{"start":{"line":136,"column":23},"end":{"line":140,"column":5}},"line":136}},"branchMap":{"0":{"loc":{"start":{"line":81,"column":16},"end":{"line":81,"column":36}},"type":"binary-expr","locations":[{"start":{"line":81,"column":16},"end":{"line":81,"column":28}},{"start":{"line":81,"column":32},"end":{"line":81,"column":36}}],"line":81},"1":{"loc":{"start":{"line":123,"column":0},"end":{"line":142,"column":1}},"type":"if","locations":[{"start":{"line":123,"column":0},"end":{"line":142,"column":1}},{"start":{},"end":{}}],"line":123}},"s":{"0":1,"1":1,"2":1,"3":1,"4":1,"5":1,"6":1,"7":1,"8":1,"9":1,"10":1,"11":1,"12":1,"13":1,"14":1,"15":1,"16":1,"17":1,"18":1,"19":1,"20":1,"21":1,"22":1,"23":1,"24":1,"25":1,"26":1,"27":1,"28":1,"29":1,"30":1,"31":1,"32":1,"33":1,"34":1,"35":1,"36":1,"37":1,"38":1,"39":0,"40":1,"41":1,"42":1,"43":1,"44":1,"45":1,"46":1,"47":1,"48":1,"49":1,"50":1,"51":1,"52":1,"53":1,"54":1,"55":1,"56":1,"57":1,"58":0,"59":0,"60":0,"61":0,"62":0,"63":0,"64":0,"65":0,"66":0,"67":0,"68":0,"69":0,"70":0,"71":1},"f":{"0":1,"1":1,"2":0,"3":0,"4":0},"b":{"0":[1,0],"1":[0,1]},"_coverageSchema":"1a1c01bbd47fc00a2c39e90264f33305004495a9","hash":"64dca6e5c10ab369768ad8e9e64800410e9035ae"}
,"C:\\Users\\niban\\OneDrive\\Desktop\\residence-app-backend\\src\\config\\constants.js": {"path":"C:\\Users\\niban\\OneDrive\\Desktop\\residence-app-backend\\src\\config\\constants.js","statementMap":{"0":{"start":{"line":2,"column":14},"end":{"line":6,"column":1}},"1":{"start":{"line":9,"column":20},"end":{"line":19,"column":1}},"2":{"start":{"line":22,"column":24},"end":{"line":27,"column":1}},"3":{"start":{"line":30,"column":27},"end":{"line":40,"column":1}},"4":{"start":{"line":42,"column":0},"end":{"line":47,"column":2}}},"fnMap":{},"branchMap":{},"s":{"0":1,"1":1,"2":1,"3":1,"4":1},"f":{},"b":{},"_coverageSchema":"1a1c01bbd47fc00a2c39e90264f33305004495a9","hash":"a48b5d435673a41174d498ac8df1c3e487ddd15b"}
,"C:\\Users\\niban\\OneDrive\\Desktop\\residence-app-backend\\src\\config\\database.js": {"path":"C:\\Users\\niban\\OneDrive\\Desktop\\residence-app-backend\\src\\config\\database.js","statementMap":{"0":{"start":{"line":1,"column":17},"end":{"line":1,"column":36}},"1":{"start":{"line":2,"column":15},"end":{"line":2,"column":39}},"2":{"start":{"line":3,"column":15},"end":{"line":3,"column":41}},"3":{"start":{"line":7,"column":4},"end":{"line":34,"column":5}},"4":{"start":{"line":8,"column":6},"end":{"line":8,"column":49}},"5":{"start":{"line":10,"column":6},"end":{"line":14,"column":9}},"6":{"start":{"line":16,"column":6},"end":{"line":16,"column":54}},"7":{"start":{"line":19,"column":6},"end":{"line":19,"column":33}},"8":{"start":{"line":21,"column":6},"end":{"line":21,"column":33}},"9":{"start":{"line":24,"column":6},"end":{"line":24,"column":66}},"10":{"start":{"line":27,"column":6},"end":{"line":33,"column":7}},"11":{"start":{"line":28,"column":8},"end":{"line":28,"column":24}},"12":{"start":{"line":30,"column":8},"end":{"line":30,"column":60}},"13":{"start":{"line":31,"column":8},"end":{"line":31,"column":64}},"14":{"start":{"line":31,"column":37},"end":{"line":31,"column":62}},"15":{"start":{"line":32,"column":8},"end":{"line":32,"column":30}},"16":{"start":{"line":38,"column":17},"end":{"line":38,"column":36}},"17":{"start":{"line":40,"column":4},"end":{"line":42,"column":7}},"18":{"start":{"line":41,"column":6},"end":{"line":41,"column":41}},"19":{"start":{"line":44,"column":4},"end":{"line":46,"column":7}},"20":{"start":{"line":45,"column":6},"end":{"line":45,"column":44}},"21":{"start":{"line":48,"column":4},"end":{"line":50,"column":7}},"22":{"start":{"line":49,"column":6},"end":{"line":49,"column":45}},"23":{"start":{"line":52,"column":4},"end":{"line":54,"column":7}},"24":{"start":{"line":53,"column":6},"end":{"line":53,"column":43}},"25":{"start":{"line":58,"column":4},"end":{"line":64,"column":5}},"26":{"start":{"line":59,"column":6},"end":{"line":59,"column":34}},"27":{"start":{"line":60,"column":6},"end":{"line":60,"column":44}},"28":{"start":{"line":62,"column":6},"end":{"line":62,"column":63}},"29":{"start":{"line":63,"column":6},"end":{"line":63,"column":18}},"30":{"start":{"line":68,"column":0},"end":{"line":68,"column":32}}},"fnMap":{"0":{"name":"(anonymous_0)","decl":{"start":{"line":6,"column":2},"end":{"line":6,"column":3}},"loc":{"start":{"line":6,"column":18},"end":{"line":35,"column":3}},"line":6},"1":{"name":"(anonymous_1)","decl":{"start":{"line":31,"column":26},"end":{"line":31,"column":27}},"loc":{"start":{"line":31,"column":37},"end":{"line":31,"column":62}},"line":31},"2":{"name":"(anonymous_2)","decl":{"start":{"line":37,"column":2},"end":{"line":37,"column":3}},"loc":{"start":{"line":37,"column":24},"end":{"line":55,"column":3}},"line":37},"3":{"name":"(anonymous_3)","decl":{"start":{"line":40,"column":25},"end":{"line":40,"column":26}},"loc":{"start":{"line":40,"column":31},"end":{"line":42,"column":5}},"line":40},"4":{"name":"(anonymous_4)","decl":{"start":{"line":44,"column":21},"end":{"line":44,"column":22}},"loc":{"start":{"line":44,"column":30},"end":{"line":46,"column":5}},"line":44},"5":{"name":"(anonymous_5)","decl":{"start":{"line":48,"column":28},"end":{"line":48,"column":29}},"loc":{"start":{"line":48,"column":34},"end":{"line":50,"column":5}},"line":48},"6":{"name":"(anonymous_6)","decl":{"start":{"line":52,"column":27},"end":{"line":52,"column":28}},"loc":{"start":{"line":52,"column":33},"end":{"line":54,"column":5}},"line":52},"7":{"name":"(anonymous_7)","decl":{"start":{"line":57,"column":2},"end":{"line":57,"column":3}},"loc":{"start":{"line":57,"column":21},"end":{"line":65,"column":3}},"line":57}},"branchMap":{"0":{"loc":{"start":{"line":27,"column":6},"end":{"line":33,"column":7}},"type":"if","locations":[{"start":{"line":27,"column":6},"end":{"line":33,"column":7}},{"start":{"line":29,"column":13},"end":{"line":33,"column":7}}],"line":27}},"s":{"0":0,"1":0,"2":0,"3":0,"4":0,"5":0,"6":0,"7":0,"8":0,"9":0,"10":0,"11":0,"12":0,"13":0,"14":0,"15":0,"16":0,"17":0,"18":0,"19":0,"20":0,"21":0,"22":0,"23":0,"24":0,"25":0,"26":0,"27":0,"28":0,"29":0,"30":0},"f":{"0":0,"1":0,"2":0,"3":0,"4":0,"5":0,"6":0,"7":0},"b":{"0":[0,0]}}
,"C:\\Users\\niban\\OneDrive\\Desktop\\residence-app-backend\\src\\config\\environment.js": {"path":"C:\\Users\\niban\\OneDrive\\Desktop\\residence-app-backend\\src\\config\\environment.js","statementMap":{"0":{"start":{"line":1,"column":15},"end":{"line":1,"column":32}},"1":{"start":{"line":2,"column":13},"end":{"line":2,"column":28}},"2":{"start":{"line":5,"column":0},"end":{"line":5,"column":60}},"3":{"start":{"line":8,"column":24},"end":{"line":15,"column":1}},"4":{"start":{"line":18,"column":0},"end":{"line":22,"column":3}},"5":{"start":{"line":19,"column":2},"end":{"line":21,"column":3}},"6":{"start":{"line":20,"column":4},"end":{"line":20,"column":99}},"7":{"start":{"line":25,"column":19},"end":{"line":25,"column":49}},"8":{"start":{"line":26,"column":0},"end":{"line":28,"column":1}},"9":{"start":{"line":27,"column":2},"end":{"line":27,"column":99}},"10":{"start":{"line":30,"column":0},"end":{"line":49,"column":2}}},"fnMap":{"0":{"name":"(anonymous_0)","decl":{"start":{"line":18,"column":24},"end":{"line":18,"column":25}},"loc":{"start":{"line":18,"column":34},"end":{"line":22,"column":1}},"line":18}},"branchMap":{"0":{"loc":{"start":{"line":19,"column":2},"end":{"line":21,"column":3}},"type":"if","locations":[{"start":{"line":19,"column":2},"end":{"line":21,"column":3}},{"start":{},"end":{}}],"line":19},"1":{"loc":{"start":{"line":26,"column":0},"end":{"line":28,"column":1}},"type":"if","locations":[{"start":{"line":26,"column":0},"end":{"line":28,"column":1}},{"start":{},"end":{}}],"line":26},"2":{"loc":{"start":{"line":26,"column":4},"end":{"line":26,"column":61}},"type":"binary-expr","locations":[{"start":{"line":26,"column":4},"end":{"line":26,"column":21}},{"start":{"line":26,"column":25},"end":{"line":26,"column":39}},{"start":{"line":26,"column":43},"end":{"line":26,"column":61}}],"line":26},"3":{"loc":{"start":{"line":31,"column":11},"end":{"line":31,"column":48}},"type":"binary-expr","locations":[{"start":{"line":31,"column":11},"end":{"line":31,"column":31}},{"start":{"line":31,"column":35},"end":{"line":31,"column":48}}],"line":31},"4":{"loc":{"start":{"line":36,"column":17},"end":{"line":36,"column":66}},"type":"binary-expr","locations":[{"start":{"line":36,"column":17},"end":{"line":36,"column":60}},{"start":{"line":36,"column":64},"end":{"line":36,"column":66}}],"line":36},"5":{"loc":{"start":{"line":41,"column":13},"end":{"line":41,"column":44}},"type":"binary-expr","locations":[{"start":{"line":41,"column":13},"end":{"line":41,"column":35}},{"start":{"line":41,"column":39},"end":{"line":41,"column":44}}],"line":41},"6":{"loc":{"start":{"line":42,"column":20},"end":{"line":42,"column":58}},"type":"binary-expr","locations":[{"start":{"line":42,"column":20},"end":{"line":42,"column":50}},{"start":{"line":42,"column":54},"end":{"line":42,"column":58}}],"line":42},"7":{"loc":{"start":{"line":48,"column":12},"end":{"line":48,"column":43}},"type":"binary-expr","locations":[{"start":{"line":48,"column":12},"end":{"line":48,"column":33}},{"start":{"line":48,"column":37},"end":{"line":48,"column":43}}],"line":48}},"s":{"0":1,"1":1,"2":1,"3":1,"4":1,"5":6,"6":0,"7":1,"8":1,"9":0,"10":1},"f":{"0":6},"b":{"0":[0,6],"1":[0,1],"2":[1,1,1],"3":[1,0],"4":[1,1],"5":[1,0],"6":[1,0],"7":[1,0]},"_coverageSchema":"1a1c01bbd47fc00a2c39e90264f33305004495a9","hash":"eed87ede818cb00ac70bc8e23bcc5f8d75033a20"}
,"C:\\Users\\niban\\OneDrive\\Desktop\\residence-app-backend\\src\\middleware\\authMiddleware.js": {"path":"C:\\Users\\niban\\OneDrive\\Desktop\\residence-app-backend\\src\\middleware\\authMiddleware.js","statementMap":{"0":{"start":{"line":1,"column":13},"end":{"line":1,"column":38}},"1":{"start":{"line":2,"column":30},"end":{"line":2,"column":60}},"2":{"start":{"line":3,"column":30},"end":{"line":3,"column":56}},"3":{"start":{"line":4,"column":15},"end":{"line":4,"column":41}},"4":{"start":{"line":6,"column":23},"end":{"line":42,"column":1}},"5":{"start":{"line":7,"column":2},"end":{"line":41,"column":3}},"6":{"start":{"line":9,"column":18},"end":{"line":9,"column":58}},"7":{"start":{"line":11,"column":4},"end":{"line":13,"column":5}},"8":{"start":{"line":12,"column":6},"end":{"line":12,"column":55}},"9":{"start":{"line":16,"column":20},"end":{"line":16,"column":44}},"10":{"start":{"line":19,"column":17},"end":{"line":21,"column":13}},"11":{"start":{"line":23,"column":4},"end":{"line":25,"column":5}},"12":{"start":{"line":24,"column":6},"end":{"line":24,"column":52}},"13":{"start":{"line":27,"column":4},"end":{"line":29,"column":5}},"14":{"start":{"line":28,"column":6},"end":{"line":28,"column":62}},"15":{"start":{"line":32,"column":4},"end":{"line":32,"column":20}},"16":{"start":{"line":33,"column":4},"end":{"line":33,"column":26}},"17":{"start":{"line":34,"column":4},"end":{"line":34,"column":29}},"18":{"start":{"line":36,"column":4},"end":{"line":36,"column":11}},"19":{"start":{"line":39,"column":4},"end":{"line":39,"column":58}},"20":{"start":{"line":40,"column":4},"end":{"line":40,"column":16}},"21":{"start":{"line":44,"column":0},"end":{"line":44,"column":32}}},"fnMap":{"0":{"name":"(anonymous_0)","decl":{"start":{"line":6,"column":23},"end":{"line":6,"column":24}},"loc":{"start":{"line":6,"column":49},"end":{"line":42,"column":1}},"line":6}},"branchMap":{"0":{"loc":{"start":{"line":11,"column":4},"end":{"line":13,"column":5}},"type":"if","locations":[{"start":{"line":11,"column":4},"end":{"line":13,"column":5}},{"start":{},"end":{}}],"line":11},"1":{"loc":{"start":{"line":23,"column":4},"end":{"line":25,"column":5}},"type":"if","locations":[{"start":{"line":23,"column":4},"end":{"line":25,"column":5}},{"start":{},"end":{}}],"line":23},"2":{"loc":{"start":{"line":27,"column":4},"end":{"line":29,"column":5}},"type":"if","locations":[{"start":{"line":27,"column":4},"end":{"line":29,"column":5}},{"start":{},"end":{}}],"line":27}},"s":{"0":1,"1":1,"2":1,"3":1,"4":1,"5":0,"6":0,"7":0,"8":0,"9":0,"10":0,"11":0,"12":0,"13":0,"14":0,"15":0,"16":0,"17":0,"18":0,"19":0,"20":0,"21":1},"f":{"0":0},"b":{"0":[0,0],"1":[0,0],"2":[0,0]},"_coverageSchema":"1a1c01bbd47fc00a2c39e90264f33305004495a9","hash":"03d7ddc52371af475de90c0fa7de5a536dab195f"}
,"C:\\Users\\niban\\OneDrive\\Desktop\\residence-app-backend\\src\\middleware\\errorHandler.js": {"path":"C:\\Users\\niban\\OneDrive\\Desktop\\residence-app-backend\\src\\middleware\\errorHandler.js","statementMap":{"0":{"start":{"line":1,"column":15},"end":{"line":1,"column":41}},"1":{"start":{"line":2,"column":15},"end":{"line":2,"column":47}},"2":{"start":{"line":4,"column":21},"end":{"line":70,"column":1}},"3":{"start":{"line":5,"column":2},"end":{"line":69,"column":3}},"4":{"start":{"line":7,"column":21},"end":{"line":7,"column":42}},"5":{"start":{"line":8,"column":18},"end":{"line":8,"column":56}},"6":{"start":{"line":10,"column":4},"end":{"line":17,"column":7}},"7":{"start":{"line":20,"column":4},"end":{"line":24,"column":5}},"8":{"start":{"line":21,"column":23},"end":{"line":21,"column":72}},"9":{"start":{"line":21,"column":60},"end":{"line":21,"column":71}},"10":{"start":{"line":22,"column":6},"end":{"line":22,"column":23}},"11":{"start":{"line":23,"column":6},"end":{"line":23,"column":36}},"12":{"start":{"line":27,"column":4},"end":{"line":31,"column":5}},"13":{"start":{"line":28,"column":20},"end":{"line":28,"column":54}},"14":{"start":{"line":29,"column":6},"end":{"line":29,"column":23}},"15":{"start":{"line":30,"column":6},"end":{"line":30,"column":70}},"16":{"start":{"line":34,"column":4},"end":{"line":37,"column":5}},"17":{"start":{"line":35,"column":6},"end":{"line":35,"column":23}},"18":{"start":{"line":36,"column":6},"end":{"line":36,"column":36}},"19":{"start":{"line":40,"column":4},"end":{"line":43,"column":5}},"20":{"start":{"line":41,"column":6},"end":{"line":41,"column":23}},"21":{"start":{"line":42,"column":6},"end":{"line":42,"column":32}},"22":{"start":{"line":45,"column":4},"end":{"line":48,"column":5}},"23":{"start":{"line":46,"column":6},"end":{"line":46,"column":23}},"24":{"start":{"line":47,"column":6},"end":{"line":47,"column":32}},"25":{"start":{"line":51,"column":26},"end":{"line":57,"column":5}},"26":{"start":{"line":59,"column":4},"end":{"line":59,"column":54}},"27":{"start":{"line":62,"column":4},"end":{"line":62,"column":57}},"28":{"start":{"line":63,"column":4},"end":{"line":68,"column":7}},"29":{"start":{"line":72,"column":0},"end":{"line":72,"column":30}}},"fnMap":{"0":{"name":"(anonymous_0)","decl":{"start":{"line":4,"column":21},"end":{"line":4,"column":22}},"loc":{"start":{"line":4,"column":46},"end":{"line":70,"column":1}},"line":4},"1":{"name":"(anonymous_1)","decl":{"start":{"line":21,"column":53},"end":{"line":21,"column":54}},"loc":{"start":{"line":21,"column":60},"end":{"line":21,"column":71}},"line":21}},"branchMap":{"0":{"loc":{"start":{"line":7,"column":21},"end":{"line":7,"column":42}},"type":"binary-expr","locations":[{"start":{"line":7,"column":21},"end":{"line":7,"column":35}},{"start":{"line":7,"column":39},"end":{"line":7,"column":42}}],"line":7},"1":{"loc":{"start":{"line":8,"column":18},"end":{"line":8,"column":56}},"type":"binary-expr","locations":[{"start":{"line":8,"column":18},"end":{"line":8,"column":29}},{"start":{"line":8,"column":33},"end":{"line":8,"column":56}}],"line":8},"2":{"loc":{"start":{"line":20,"column":4},"end":{"line":24,"column":5}},"type":"if","locations":[{"start":{"line":20,"column":4},"end":{"line":24,"column":5}},{"start":{},"end":{}}],"line":20},"3":{"loc":{"start":{"line":20,"column":8},"end":{"line":20,"column":52}},"type":"binary-expr","locations":[{"start":{"line":20,"column":8},"end":{"line":20,"column":38}},{"start":{"line":20,"column":42},"end":{"line":20,"column":52}}],"line":20},"4":{"loc":{"start":{"line":27,"column":4},"end":{"line":31,"column":5}},"type":"if","locations":[{"start":{"line":27,"column":4},"end":{"line":31,"column":5}},{"start":{},"end":{}}],"line":27},"5":{"loc":{"start":{"line":28,"column":32},"end":{"line":28,"column":50}},"type":"binary-expr","locations":[{"start":{"line":28,"column":32},"end":{"line":28,"column":44}},{"start":{"line":28,"column":48},"end":{"line":28,"column":50}}],"line":28},"6":{"loc":{"start":{"line":30,"column":16},"end":{"line":30,"column":69}},"type":"cond-expr","locations":[{"start":{"line":30,"column":24},"end":{"line":30,"column":49}},{"start":{"line":30,"column":52},"end":{"line":30,"column":69}}],"line":30},"7":{"loc":{"start":{"line":34,"column":4},"end":{"line":37,"column":5}},"type":"if","locations":[{"start":{"line":34,"column":4},"end":{"line":37,"column":5}},{"start":{},"end":{}}],"line":34},"8":{"loc":{"start":{"line":40,"column":4},"end":{"line":43,"column":5}},"type":"if","locations":[{"start":{"line":40,"column":4},"end":{"line":43,"column":5}},{"start":{},"end":{}}],"line":40},"9":{"loc":{"start":{"line":45,"column":4},"end":{"line":48,"column":5}},"type":"if","locations":[{"start":{"line":45,"column":4},"end":{"line":48,"column":5}},{"start":{},"end":{}}],"line":45},"10":{"loc":{"start":{"line":56,"column":10},"end":{"line":56,"column":66}},"type":"binary-expr","locations":[{"start":{"line":56,"column":10},"end":{"line":56,"column":42}},{"start":{"line":56,"column":46},"end":{"line":56,"column":66}}],"line":56}},"s":{"0":1,"1":1,"2":1,"3":2,"4":2,"5":2,"6":2,"7":2,"8":0,"9":0,"10":0,"11":0,"12":2,"13":0,"14":0,"15":0,"16":2,"17":0,"18":0,"19":2,"20":0,"21":0,"22":2,"23":0,"24":0,"25":2,"26":2,"27":0,"28":0,"29":1},"f":{"0":2,"1":0},"b":{"0":[2,0],"1":[2,0],"2":[0,2],"3":[2,2],"4":[0,2],"5":[0,0],"6":[0,0],"7":[0,2],"8":[0,2],"9":[0,2],"10":[2,0]},"_coverageSchema":"1a1c01bbd47fc00a2c39e90264f33305004495a9","hash":"e1b37a9b7b6486da72ec2a87e0abf1ccdc60c337"}
,"C:\\Users\\niban\\OneDrive\\Desktop\\residence-app-backend\\src\\middleware\\languageMiddleware.js": {"path":"C:\\Users\\niban\\OneDrive\\Desktop\\residence-app-backend\\src\\middleware\\languageMiddleware.js","statementMap":{"0":{"start":{"line":1,"column":19},"end":{"line":1,"column":49}},"1":{"start":{"line":2,"column":15},"end":{"line":2,"column":41}},"2":{"start":{"line":4,"column":27},"end":{"line":42,"column":1}},"3":{"start":{"line":5,"column":2},"end":{"line":41,"column":3}},"4":{"start":{"line":13,"column":22},"end":{"line":13,"column":58}},"5":{"start":{"line":14,"column":21},"end":{"line":14,"column":39}},"6":{"start":{"line":15,"column":23},"end":{"line":15,"column":44}},"7":{"start":{"line":16,"column":23},"end":{"line":16,"column":83}},"8":{"start":{"line":18,"column":21},"end":{"line":18,"column":78}},"9":{"start":{"line":21,"column":4},"end":{"line":26,"column":5}},"10":{"start":{"line":22,"column":6},"end":{"line":22,"column":79}},"11":{"start":{"line":23,"column":6},"end":{"line":23,"column":26}},"12":{"start":{"line":25,"column":6},"end":{"line":25,"column":30}},"13":{"start":{"line":29,"column":4},"end":{"line":29,"column":80}},"14":{"start":{"line":29,"column":37},"end":{"line":29,"column":79}},"15":{"start":{"line":32,"column":4},"end":{"line":32,"column":52}},"16":{"start":{"line":34,"column":4},"end":{"line":34,"column":11}},"17":{"start":{"line":36,"column":4},"end":{"line":36,"column":54}},"18":{"start":{"line":38,"column":4},"end":{"line":38,"column":24}},"19":{"start":{"line":39,"column":4},"end":{"line":39,"column":72}},"20":{"start":{"line":39,"column":37},"end":{"line":39,"column":71}},"21":{"start":{"line":40,"column":4},"end":{"line":40,"column":11}},"22":{"start":{"line":44,"column":0},"end":{"line":44,"column":36}}},"fnMap":{"0":{"name":"(anonymous_0)","decl":{"start":{"line":4,"column":27},"end":{"line":4,"column":28}},"loc":{"start":{"line":4,"column":47},"end":{"line":42,"column":1}},"line":4},"1":{"name":"(anonymous_1)","decl":{"start":{"line":29,"column":12},"end":{"line":29,"column":13}},"loc":{"start":{"line":29,"column":37},"end":{"line":29,"column":79}},"line":29},"2":{"name":"(anonymous_2)","decl":{"start":{"line":39,"column":12},"end":{"line":39,"column":13}},"loc":{"start":{"line":39,"column":37},"end":{"line":39,"column":71}},"line":39}},"branchMap":{"0":{"loc":{"start":{"line":13,"column":22},"end":{"line":13,"column":58}},"type":"binary-expr","locations":[{"start":{"line":13,"column":22},"end":{"line":13,"column":36}},{"start":{"line":13,"column":40},"end":{"line":13,"column":58}}],"line":13},"1":{"loc":{"start":{"line":18,"column":21},"end":{"line":18,"column":78}},"type":"binary-expr","locations":[{"start":{"line":18,"column":21},"end":{"line":18,"column":30}},{"start":{"line":18,"column":34},"end":{"line":18,"column":42}},{"start":{"line":18,"column":46},"end":{"line":18,"column":56}},{"start":{"line":18,"column":60},"end":{"line":18,"column":70}},{"start":{"line":18,"column":74},"end":{"line":18,"column":78}}],"line":18},"2":{"loc":{"start":{"line":21,"column":4},"end":{"line":26,"column":5}},"type":"if","locations":[{"start":{"line":21,"column":4},"end":{"line":26,"column":5}},{"start":{"line":24,"column":11},"end":{"line":26,"column":5}}],"line":21},"3":{"loc":{"start":{"line":29,"column":18},"end":{"line":29,"column":32}},"type":"default-arg","locations":[{"start":{"line":29,"column":30},"end":{"line":29,"column":32}}],"line":29},"4":{"loc":{"start":{"line":39,"column":18},"end":{"line":39,"column":32}},"type":"default-arg","locations":[{"start":{"line":39,"column":30},"end":{"line":39,"column":32}}],"line":39}},"s":{"0":1,"1":1,"2":1,"3":4,"4":4,"5":4,"6":4,"7":4,"8":4,"9":4,"10":0,"11":0,"12":4,"13":4,"14":0,"15":4,"16":4,"17":0,"18":0,"19":0,"20":0,"21":0,"22":1},"f":{"0":4,"1":0,"2":0},"b":{"0":[4,4],"1":[4,4,4,4,4],"2":[0,4],"3":[0],"4":[0]},"_coverageSchema":"1a1c01bbd47fc00a2c39e90264f33305004495a9","hash":"675f4f98138887e8951a398199fabeee4fe22a8b"}
,"C:\\Users\\niban\\OneDrive\\Desktop\\residence-app-backend\\src\\middleware\\morganLogger.js": {"path":"C:\\Users\\niban\\OneDrive\\Desktop\\residence-app-backend\\src\\middleware\\morganLogger.js","statementMap":{"0":{"start":{"line":1,"column":15},"end":{"line":1,"column":32}},"1":{"start":{"line":2,"column":15},"end":{"line":2,"column":41}},"2":{"start":{"line":4,"column":15},"end":{"line":6,"column":1}},"3":{"start":{"line":5,"column":22},"end":{"line":5,"column":49}},"4":{"start":{"line":8,"column":25},"end":{"line":11,"column":1}},"5":{"start":{"line":13,"column":0},"end":{"line":13,"column":34}}},"fnMap":{"0":{"name":"(anonymous_0)","decl":{"start":{"line":5,"column":9},"end":{"line":5,"column":10}},"loc":{"start":{"line":5,"column":22},"end":{"line":5,"column":49}},"line":5}},"branchMap":{},"s":{"0":1,"1":1,"2":1,"3":4,"4":1,"5":1},"f":{"0":4},"b":{},"_coverageSchema":"1a1c01bbd47fc00a2c39e90264f33305004495a9","hash":"38ea4acc888b5140ae2d962e864ab5594ec787b0"}
,"C:\\Users\\niban\\OneDrive\\Desktop\\residence-app-backend\\src\\middleware\\roleMiddleware.js": {"path":"C:\\Users\\niban\\OneDrive\\Desktop\\residence-app-backend\\src\\middleware\\roleMiddleware.js","statementMap":{"0":{"start":{"line":1,"column":46},"end":{"line":1,"column":72}},"1":{"start":{"line":3,"column":23},"end":{"line":34,"column":1}},"2":{"start":{"line":5,"column":2},"end":{"line":7,"column":3}},"3":{"start":{"line":6,"column":4},"end":{"line":6,"column":78}},"4":{"start":{"line":9,"column":2},"end":{"line":33,"column":4}},"5":{"start":{"line":10,"column":4},"end":{"line":32,"column":5}},"6":{"start":{"line":12,"column":6},"end":{"line":14,"column":7}},"7":{"start":{"line":13,"column":8},"end":{"line":13,"column":70}},"8":{"start":{"line":17,"column":6},"end":{"line":26,"column":7}},"9":{"start":{"line":18,"column":24},"end":{"line":23,"column":97}},"10":{"start":{"line":25,"column":8},"end":{"line":25,"column":49}},"11":{"start":{"line":28,"column":6},"end":{"line":28,"column":13}},"12":{"start":{"line":31,"column":6},"end":{"line":31,"column":18}},"13":{"start":{"line":36,"column":0},"end":{"line":36,"column":32}}},"fnMap":{"0":{"name":"(anonymous_0)","decl":{"start":{"line":3,"column":23},"end":{"line":3,"column":24}},"loc":{"start":{"line":3,"column":41},"end":{"line":34,"column":1}},"line":3},"1":{"name":"(anonymous_1)","decl":{"start":{"line":9,"column":9},"end":{"line":9,"column":10}},"loc":{"start":{"line":9,"column":29},"end":{"line":33,"column":3}},"line":9}},"branchMap":{"0":{"loc":{"start":{"line":5,"column":2},"end":{"line":7,"column":3}},"type":"if","locations":[{"start":{"line":5,"column":2},"end":{"line":7,"column":3}},{"start":{},"end":{}}],"line":5},"1":{"loc":{"start":{"line":5,"column":6},"end":{"line":5,"column":80}},"type":"binary-expr","locations":[{"start":{"line":5,"column":6},"end":{"line":5,"column":19}},{"start":{"line":5,"column":23},"end":{"line":5,"column":51}},{"start":{"line":5,"column":55},"end":{"line":5,"column":80}}],"line":5},"2":{"loc":{"start":{"line":12,"column":6},"end":{"line":14,"column":7}},"type":"if","locations":[{"start":{"line":12,"column":6},"end":{"line":14,"column":7}},{"start":{},"end":{}}],"line":12},"3":{"loc":{"start":{"line":17,"column":6},"end":{"line":26,"column":7}},"type":"if","locations":[{"start":{"line":17,"column":6},"end":{"line":26,"column":7}},{"start":{},"end":{}}],"line":17},"4":{"loc":{"start":{"line":18,"column":24},"end":{"line":23,"column":97}},"type":"cond-expr","locations":[{"start":{"line":19,"column":12},"end":{"line":22,"column":14}},{"start":{"line":23,"column":12},"end":{"line":23,"column":97}}],"line":18}},"s":{"0":1,"1":1,"2":46,"3":0,"4":46,"5":0,"6":0,"7":0,"8":0,"9":0,"10":0,"11":0,"12":0,"13":1},"f":{"0":46,"1":0},"b":{"0":[0,46],"1":[46,46,46],"2":[0,0],"3":[0,0],"4":[0,0]},"_coverageSchema":"1a1c01bbd47fc00a2c39e90264f33305004495a9","hash":"41ad418d2d4359cf4554e94076dcb06331f9dce0"}
,"C:\\Users\\niban\\OneDrive\\Desktop\\residence-app-backend\\src\\models\\Announcement.js": {"path":"C:\\Users\\niban\\OneDrive\\Desktop\\residence-app-backend\\src\\models\\Announcement.js","statementMap":{"0":{"start":{"line":1,"column":17},"end":{"line":1,"column":36}},"1":{"start":{"line":3,"column":27},"end":{"line":101,"column":2}},"2":{"start":{"line":103,"column":0},"end":{"line":103,"column":61}},"3":{"start":{"line":104,"column":0},"end":{"line":104,"column":53}},"4":{"start":{"line":105,"column":0},"end":{"line":105,"column":43}},"5":{"start":{"line":107,"column":0},"end":{"line":110,"column":3}},"6":{"start":{"line":108,"column":2},"end":{"line":108,"column":30}},"7":{"start":{"line":109,"column":2},"end":{"line":109,"column":9}},"8":{"start":{"line":112,"column":0},"end":{"line":112,"column":68}}},"fnMap":{"0":{"name":"(anonymous_0)","decl":{"start":{"line":107,"column":31},"end":{"line":107,"column":32}},"loc":{"start":{"line":107,"column":46},"end":{"line":110,"column":1}},"line":107}},"branchMap":{},"s":{"0":1,"1":1,"2":1,"3":1,"4":1,"5":1,"6":0,"7":0,"8":1},"f":{"0":0},"b":{},"_coverageSchema":"1a1c01bbd47fc00a2c39e90264f33305004495a9","hash":"ededd9e0bf3bb40cb4627b6cf7abebbc88a49e7e"}
,"C:\\Users\\niban\\OneDrive\\Desktop\\residence-app-backend\\src\\models\\Apartment.js": {"path":"C:\\Users\\niban\\OneDrive\\Desktop\\residence-app-backend\\src\\models\\Apartment.js","statementMap":{"0":{"start":{"line":1,"column":17},"end":{"line":1,"column":36}},"1":{"start":{"line":3,"column":24},"end":{"line":75,"column":2}},"2":{"start":{"line":77,"column":0},"end":{"line":77,"column":39}},"3":{"start":{"line":78,"column":0},"end":{"line":78,"column":39}},"4":{"start":{"line":79,"column":0},"end":{"line":79,"column":37}},"5":{"start":{"line":81,"column":0},"end":{"line":84,"column":3}},"6":{"start":{"line":82,"column":2},"end":{"line":82,"column":30}},"7":{"start":{"line":83,"column":2},"end":{"line":83,"column":9}},"8":{"start":{"line":86,"column":0},"end":{"line":86,"column":62}}},"fnMap":{"0":{"name":"(anonymous_0)","decl":{"start":{"line":81,"column":28},"end":{"line":81,"column":29}},"loc":{"start":{"line":81,"column":43},"end":{"line":84,"column":1}},"line":81}},"branchMap":{},"s":{"0":1,"1":1,"2":1,"3":1,"4":1,"5":1,"6":0,"7":0,"8":1},"f":{"0":0},"b":{},"_coverageSchema":"1a1c01bbd47fc00a2c39e90264f33305004495a9","hash":"fc3601a020afe3e199f9845d2ad2fa7218fe4e90"}
,"C:\\Users\\niban\\OneDrive\\Desktop\\residence-app-backend\\src\\models\\Budget.js": {"path":"C:\\Users\\niban\\OneDrive\\Desktop\\residence-app-backend\\src\\models\\Budget.js","statementMap":{"0":{"start":{"line":1,"column":17},"end":{"line":1,"column":36}},"1":{"start":{"line":2,"column":15},"end":{"line":2,"column":41}},"2":{"start":{"line":4,"column":21},"end":{"line":108,"column":2}},"3":{"start":{"line":111,"column":0},"end":{"line":111,"column":55}},"4":{"start":{"line":112,"column":0},"end":{"line":112,"column":60}},"5":{"start":{"line":113,"column":0},"end":{"line":113,"column":34}},"6":{"start":{"line":114,"column":0},"end":{"line":114,"column":37}},"7":{"start":{"line":117,"column":0},"end":{"line":120,"column":3}},"8":{"start":{"line":118,"column":2},"end":{"line":118,"column":58}},"9":{"start":{"line":119,"column":2},"end":{"line":119,"column":9}},"10":{"start":{"line":123,"column":0},"end":{"line":128,"column":3}},"11":{"start":{"line":124,"column":2},"end":{"line":126,"column":3}},"12":{"start":{"line":125,"column":4},"end":{"line":125,"column":36}},"13":{"start":{"line":127,"column":2},"end":{"line":127,"column":9}},"14":{"start":{"line":131,"column":0},"end":{"line":135,"column":2}},"15":{"start":{"line":132,"column":14},"end":{"line":132,"column":29}},"16":{"start":{"line":133,"column":2},"end":{"line":133,"column":23}},"17":{"start":{"line":134,"column":2},"end":{"line":134,"column":13}},"18":{"start":{"line":137,"column":0},"end":{"line":139,"column":2}},"19":{"start":{"line":138,"column":2},"end":{"line":138,"column":41}},"20":{"start":{"line":141,"column":0},"end":{"line":141,"column":56}}},"fnMap":{"0":{"name":"(anonymous_0)","decl":{"start":{"line":117,"column":25},"end":{"line":117,"column":26}},"loc":{"start":{"line":117,"column":40},"end":{"line":120,"column":1}},"line":117},"1":{"name":"(anonymous_1)","decl":{"start":{"line":123,"column":26},"end":{"line":123,"column":27}},"loc":{"start":{"line":123,"column":41},"end":{"line":128,"column":1}},"line":123},"2":{"name":"(anonymous_2)","decl":{"start":{"line":131,"column":30},"end":{"line":131,"column":31}},"loc":{"start":{"line":131,"column":41},"end":{"line":135,"column":1}},"line":131},"3":{"name":"(anonymous_3)","decl":{"start":{"line":137,"column":32},"end":{"line":137,"column":33}},"loc":{"start":{"line":137,"column":43},"end":{"line":139,"column":1}},"line":137}},"branchMap":{"0":{"loc":{"start":{"line":124,"column":2},"end":{"line":126,"column":3}},"type":"if","locations":[{"start":{"line":124,"column":2},"end":{"line":126,"column":3}},{"start":{},"end":{}}],"line":124}},"s":{"0":1,"1":1,"2":1,"3":1,"4":1,"5":1,"6":1,"7":1,"8":0,"9":0,"10":1,"11":0,"12":0,"13":0,"14":1,"15":0,"16":0,"17":0,"18":1,"19":0,"20":1},"f":{"0":0,"1":0,"2":0,"3":0},"b":{"0":[0,0]},"_coverageSchema":"1a1c01bbd47fc00a2c39e90264f33305004495a9","hash":"faf9d7af0d7cd708721c44976f175be066f84030"}
,"C:\\Users\\niban\\OneDrive\\Desktop\\residence-app-backend\\src\\models\\Building.js": {"path":"C:\\Users\\niban\\OneDrive\\Desktop\\residence-app-backend\\src\\models\\Building.js","statementMap":{"0":{"start":{"line":1,"column":17},"end":{"line":1,"column":36}},"1":{"start":{"line":3,"column":23},"end":{"line":67,"column":2}},"2":{"start":{"line":69,"column":0},"end":{"line":69,"column":39}},"3":{"start":{"line":70,"column":0},"end":{"line":70,"column":39}},"4":{"start":{"line":72,"column":0},"end":{"line":75,"column":3}},"5":{"start":{"line":73,"column":2},"end":{"line":73,"column":30}},"6":{"start":{"line":74,"column":2},"end":{"line":74,"column":9}},"7":{"start":{"line":77,"column":0},"end":{"line":77,"column":60}}},"fnMap":{"0":{"name":"(anonymous_0)","decl":{"start":{"line":72,"column":27},"end":{"line":72,"column":28}},"loc":{"start":{"line":72,"column":42},"end":{"line":75,"column":1}},"line":72}},"branchMap":{},"s":{"0":1,"1":1,"2":1,"3":1,"4":1,"5":0,"6":0,"7":1},"f":{"0":0},"b":{},"_coverageSchema":"1a1c01bbd47fc00a2c39e90264f33305004495a9","hash":"db42532e529a2211909c49fa52a42ee283db9b28"}
,"C:\\Users\\niban\\OneDrive\\Desktop\\residence-app-backend\\src\\models\\Charge.js": {"path":"C:\\Users\\niban\\OneDrive\\Desktop\\residence-app-backend\\src\\models\\Charge.js","statementMap":{"0":{"start":{"line":1,"column":17},"end":{"line":1,"column":36}},"1":{"start":{"line":3,"column":21},"end":{"line":96,"column":2}},"2":{"start":{"line":98,"column":0},"end":{"line":98,"column":47}},"3":{"start":{"line":99,"column":0},"end":{"line":99,"column":48}},"4":{"start":{"line":100,"column":0},"end":{"line":100,"column":46}},"5":{"start":{"line":101,"column":0},"end":{"line":101,"column":49}},"6":{"start":{"line":103,"column":0},"end":{"line":114,"column":3}},"7":{"start":{"line":104,"column":2},"end":{"line":104,"column":30}},"8":{"start":{"line":107,"column":2},"end":{"line":111,"column":3}},"9":{"start":{"line":108,"column":18},"end":{"line":108,"column":28}},"10":{"start":{"line":109,"column":21},"end":{"line":109,"column":61}},"11":{"start":{"line":110,"column":4},"end":{"line":110,"column":65}},"12":{"start":{"line":113,"column":2},"end":{"line":113,"column":9}},"13":{"start":{"line":116,"column":0},"end":{"line":116,"column":56}}},"fnMap":{"0":{"name":"(anonymous_0)","decl":{"start":{"line":103,"column":25},"end":{"line":103,"column":26}},"loc":{"start":{"line":103,"column":40},"end":{"line":114,"column":1}},"line":103}},"branchMap":{"0":{"loc":{"start":{"line":107,"column":2},"end":{"line":111,"column":3}},"type":"if","locations":[{"start":{"line":107,"column":2},"end":{"line":111,"column":3}},{"start":{},"end":{}}],"line":107}},"s":{"0":1,"1":1,"2":1,"3":1,"4":1,"5":1,"6":1,"7":0,"8":0,"9":0,"10":0,"11":0,"12":0,"13":1},"f":{"0":0},"b":{"0":[0,0]},"_coverageSchema":"1a1c01bbd47fc00a2c39e90264f33305004495a9","hash":"f7705c3464922ef9a4f31858d2653ab914faf547"}
,"C:\\Users\\niban\\OneDrive\\Desktop\\residence-app-backend\\src\\models\\Complaint.js": {"path":"C:\\Users\\niban\\OneDrive\\Desktop\\residence-app-backend\\src\\models\\Complaint.js","statementMap":{"0":{"start":{"line":1,"column":17},"end":{"line":1,"column":36}},"1":{"start":{"line":3,"column":24},"end":{"line":149,"column":2}},"2":{"start":{"line":151,"column":0},"end":{"line":151,"column":50}},"3":{"start":{"line":152,"column":0},"end":{"line":152,"column":54}},"4":{"start":{"line":153,"column":0},"end":{"line":153,"column":52}},"5":{"start":{"line":154,"column":0},"end":{"line":154,"column":52}},"6":{"start":{"line":156,"column":0},"end":{"line":159,"column":3}},"7":{"start":{"line":157,"column":2},"end":{"line":157,"column":30}},"8":{"start":{"line":158,"column":2},"end":{"line":158,"column":9}},"9":{"start":{"line":161,"column":0},"end":{"line":161,"column":62}}},"fnMap":{"0":{"name":"(anonymous_0)","decl":{"start":{"line":156,"column":28},"end":{"line":156,"column":29}},"loc":{"start":{"line":156,"column":43},"end":{"line":159,"column":1}},"line":156}},"branchMap":{},"s":{"0":1,"1":1,"2":1,"3":1,"4":1,"5":1,"6":1,"7":0,"8":0,"9":1},"f":{"0":0},"b":{},"_coverageSchema":"1a1c01bbd47fc00a2c39e90264f33305004495a9","hash":"be30a1a5e0e653d8af497839057fffb97e9ca5c4"}
,"C:\\Users\\niban\\OneDrive\\Desktop\\residence-app-backend\\src\\models\\FinancialReport.js": {"path":"C:\\Users\\niban\\OneDrive\\Desktop\\residence-app-backend\\src\\models\\FinancialReport.js","statementMap":{"0":{"start":{"line":1,"column":17},"end":{"line":1,"column":36}},"1":{"start":{"line":3,"column":30},"end":{"line":182,"column":2}},"2":{"start":{"line":184,"column":0},"end":{"line":184,"column":64}},"3":{"start":{"line":185,"column":0},"end":{"line":185,"column":56}},"4":{"start":{"line":186,"column":0},"end":{"line":186,"column":47}},"5":{"start":{"line":188,"column":0},"end":{"line":200,"column":3}},"6":{"start":{"line":189,"column":2},"end":{"line":189,"column":30}},"7":{"start":{"line":192,"column":2},"end":{"line":192,"column":58}},"8":{"start":{"line":194,"column":2},"end":{"line":197,"column":3}},"9":{"start":{"line":195,"column":4},"end":{"line":195,"column":74}},"10":{"start":{"line":196,"column":4},"end":{"line":196,"column":101}},"11":{"start":{"line":199,"column":2},"end":{"line":199,"column":9}},"12":{"start":{"line":202,"column":0},"end":{"line":202,"column":74}}},"fnMap":{"0":{"name":"(anonymous_0)","decl":{"start":{"line":188,"column":34},"end":{"line":188,"column":35}},"loc":{"start":{"line":188,"column":49},"end":{"line":200,"column":1}},"line":188}},"branchMap":{"0":{"loc":{"start":{"line":194,"column":2},"end":{"line":197,"column":3}},"type":"if","locations":[{"start":{"line":194,"column":2},"end":{"line":197,"column":3}},{"start":{},"end":{}}],"line":194}},"s":{"0":1,"1":1,"2":1,"3":1,"4":1,"5":1,"6":0,"7":0,"8":0,"9":0,"10":0,"11":0,"12":1},"f":{"0":0},"b":{"0":[0,0]},"_coverageSchema":"1a1c01bbd47fc00a2c39e90264f33305004495a9","hash":"800f7326fd5d4071a25bd918b002e182f6d8d71f"}
,"C:\\Users\\niban\\OneDrive\\Desktop\\residence-app-backend\\src\\models\\Notification.js": {"path":"C:\\Users\\niban\\OneDrive\\Desktop\\residence-app-backend\\src\\models\\Notification.js","statementMap":{"0":{"start":{"line":1,"column":17},"end":{"line":1,"column":36}},"1":{"start":{"line":3,"column":27},"end":{"line":154,"column":2}},"2":{"start":{"line":156,"column":0},"end":{"line":156,"column":58}},"3":{"start":{"line":157,"column":0},"end":{"line":157,"column":54}},"4":{"start":{"line":158,"column":0},"end":{"line":158,"column":51}},"5":{"start":{"line":159,"column":0},"end":{"line":159,"column":60}},"6":{"start":{"line":160,"column":0},"end":{"line":160,"column":57}},"7":{"start":{"line":162,"column":0},"end":{"line":165,"column":3}},"8":{"start":{"line":163,"column":2},"end":{"line":163,"column":30}},"9":{"start":{"line":164,"column":2},"end":{"line":164,"column":9}},"10":{"start":{"line":167,"column":0},"end":{"line":167,"column":68}}},"fnMap":{"0":{"name":"(anonymous_0)","decl":{"start":{"line":162,"column":31},"end":{"line":162,"column":32}},"loc":{"start":{"line":162,"column":46},"end":{"line":165,"column":1}},"line":162}},"branchMap":{},"s":{"0":1,"1":1,"2":1,"3":1,"4":1,"5":1,"6":1,"7":1,"8":0,"9":0,"10":1},"f":{"0":0},"b":{},"_coverageSchema":"1a1c01bbd47fc00a2c39e90264f33305004495a9","hash":"c0f46c104f852e27bc2929dd01c9bf62cf311642"}
,"C:\\Users\\niban\\OneDrive\\Desktop\\residence-app-backend\\src\\models\\Payment.js": {"path":"C:\\Users\\niban\\OneDrive\\Desktop\\residence-app-backend\\src\\models\\Payment.js","statementMap":{"0":{"start":{"line":1,"column":17},"end":{"line":1,"column":36}},"1":{"start":{"line":3,"column":22},"end":{"line":117,"column":2}},"2":{"start":{"line":119,"column":0},"end":{"line":119,"column":50}},"3":{"start":{"line":120,"column":0},"end":{"line":120,"column":48}},"4":{"start":{"line":121,"column":0},"end":{"line":121,"column":50}},"5":{"start":{"line":122,"column":0},"end":{"line":122,"column":50}},"6":{"start":{"line":124,"column":0},"end":{"line":127,"column":3}},"7":{"start":{"line":125,"column":2},"end":{"line":125,"column":30}},"8":{"start":{"line":126,"column":2},"end":{"line":126,"column":9}},"9":{"start":{"line":129,"column":0},"end":{"line":129,"column":58}}},"fnMap":{"0":{"name":"(anonymous_0)","decl":{"start":{"line":124,"column":26},"end":{"line":124,"column":27}},"loc":{"start":{"line":124,"column":41},"end":{"line":127,"column":1}},"line":124}},"branchMap":{},"s":{"0":1,"1":1,"2":1,"3":1,"4":1,"5":1,"6":1,"7":0,"8":0,"9":1},"f":{"0":0},"b":{},"_coverageSchema":"1a1c01bbd47fc00a2c39e90264f33305004495a9","hash":"70371c9adeabe4607e3b37fafb5f814f710aac31"}
,"C:\\Users\\niban\\OneDrive\\Desktop\\residence-app-backend\\src\\models\\Task.js": {"path":"C:\\Users\\niban\\OneDrive\\Desktop\\residence-app-backend\\src\\models\\Task.js","statementMap":{"0":{"start":{"line":1,"column":17},"end":{"line":1,"column":36}},"1":{"start":{"line":2,"column":41},"end":{"line":2,"column":71}},"2":{"start":{"line":4,"column":19},"end":{"line":154,"column":2}},"3":{"start":{"line":156,"column":0},"end":{"line":156,"column":45}},"4":{"start":{"line":157,"column":0},"end":{"line":157,"column":47}},"5":{"start":{"line":158,"column":0},"end":{"line":158,"column":44}},"6":{"start":{"line":159,"column":0},"end":{"line":159,"column":47}},"7":{"start":{"line":161,"column":0},"end":{"line":164,"column":3}},"8":{"start":{"line":162,"column":2},"end":{"line":162,"column":30}},"9":{"start":{"line":163,"column":2},"end":{"line":163,"column":9}},"10":{"start":{"line":166,"column":0},"end":{"line":166,"column":52}}},"fnMap":{"0":{"name":"(anonymous_0)","decl":{"start":{"line":161,"column":23},"end":{"line":161,"column":24}},"loc":{"start":{"line":161,"column":38},"end":{"line":164,"column":1}},"line":161}},"branchMap":{},"s":{"0":1,"1":1,"2":1,"3":1,"4":1,"5":1,"6":1,"7":1,"8":0,"9":0,"10":1},"f":{"0":0},"b":{},"_coverageSchema":"1a1c01bbd47fc00a2c39e90264f33305004495a9","hash":"f84f4ac22696ce96a2373ee3aa1867d9ee077a1a"}
,"C:\\Users\\niban\\OneDrive\\Desktop\\residence-app-backend\\src\\models\\TaskPhoto.js": {"path":"C:\\Users\\niban\\OneDrive\\Desktop\\residence-app-backend\\src\\models\\TaskPhoto.js","statementMap":{"0":{"start":{"line":1,"column":17},"end":{"line":1,"column":36}},"1":{"start":{"line":3,"column":24},"end":{"line":150,"column":2}},"2":{"start":{"line":137,"column":19},"end":{"line":137,"column":67}},"3":{"start":{"line":152,"column":0},"end":{"line":152,"column":49}},"4":{"start":{"line":153,"column":0},"end":{"line":153,"column":41}},"5":{"start":{"line":154,"column":0},"end":{"line":154,"column":45}},"6":{"start":{"line":155,"column":0},"end":{"line":155,"column":54}},"7":{"start":{"line":157,"column":0},"end":{"line":160,"column":3}},"8":{"start":{"line":158,"column":2},"end":{"line":158,"column":30}},"9":{"start":{"line":159,"column":2},"end":{"line":159,"column":9}},"10":{"start":{"line":162,"column":0},"end":{"line":162,"column":62}}},"fnMap":{"0":{"name":"(anonymous_0)","decl":{"start":{"line":137,"column":13},"end":{"line":137,"column":14}},"loc":{"start":{"line":137,"column":19},"end":{"line":137,"column":67}},"line":137},"1":{"name":"(anonymous_1)","decl":{"start":{"line":157,"column":28},"end":{"line":157,"column":29}},"loc":{"start":{"line":157,"column":43},"end":{"line":160,"column":1}},"line":157}},"branchMap":{},"s":{"0":1,"1":1,"2":0,"3":1,"4":1,"5":1,"6":1,"7":1,"8":0,"9":0,"10":1},"f":{"0":0,"1":0},"b":{},"_coverageSchema":"1a1c01bbd47fc00a2c39e90264f33305004495a9","hash":"adc524a1d7d7ae0e1671943534eed8ce7adf2f59"}
,"C:\\Users\\niban\\OneDrive\\Desktop\\residence-app-backend\\src\\models\\TransactionAuditLog.js": {"path":"C:\\Users\\niban\\OneDrive\\Desktop\\residence-app-backend\\src\\models\\TransactionAuditLog.js","statementMap":{"0":{"start":{"line":1,"column":17},"end":{"line":1,"column":36}},"1":{"start":{"line":3,"column":34},"end":{"line":107,"column":2}},"2":{"start":{"line":109,"column":0},"end":{"line":109,"column":64}},"3":{"start":{"line":110,"column":0},"end":{"line":110,"column":58}},"4":{"start":{"line":111,"column":0},"end":{"line":111,"column":67}},"5":{"start":{"line":112,"column":0},"end":{"line":112,"column":64}},"6":{"start":{"line":113,"column":0},"end":{"line":113,"column":56}},"7":{"start":{"line":115,"column":0},"end":{"line":115,"column":82}}},"fnMap":{},"branchMap":{},"s":{"0":0,"1":0,"2":0,"3":0,"4":0,"5":0,"6":0,"7":0},"f":{},"b":{}}
,"C:\\Users\\niban\\OneDrive\\Desktop\\residence-app-backend\\src\\models\\User.js": {"path":"C:\\Users\\niban\\OneDrive\\Desktop\\residence-app-backend\\src\\models\\User.js","statementMap":{"0":{"start":{"line":1,"column":17},"end":{"line":1,"column":36}},"1":{"start":{"line":2,"column":15},"end":{"line":2,"column":32}},"2":{"start":{"line":3,"column":18},"end":{"line":3,"column":48}},"3":{"start":{"line":4,"column":15},"end":{"line":4,"column":41}},"4":{"start":{"line":7,"column":19},"end":{"line":116,"column":2}},"5":{"start":{"line":119,"column":0},"end":{"line":119,"column":43}},"6":{"start":{"line":120,"column":0},"end":{"line":120,"column":45}},"7":{"start":{"line":121,"column":0},"end":{"line":121,"column":48}},"8":{"start":{"line":122,"column":0},"end":{"line":122,"column":42}},"9":{"start":{"line":123,"column":0},"end":{"line":123,"column":36}},"10":{"start":{"line":126,"column":0},"end":{"line":142,"column":3}},"11":{"start":{"line":127,"column":2},"end":{"line":141,"column":3}},"12":{"start":{"line":128,"column":4},"end":{"line":130,"column":5}},"13":{"start":{"line":129,"column":6},"end":{"line":129,"column":20}},"14":{"start":{"line":132,"column":17},"end":{"line":132,"column":41}},"15":{"start":{"line":133,"column":4},"end":{"line":133,"column":59}},"16":{"start":{"line":135,"column":4},"end":{"line":135,"column":60}},"17":{"start":{"line":136,"column":4},"end":{"line":136,"column":11}},"18":{"start":{"line":139,"column":4},"end":{"line":139,"column":51}},"19":{"start":{"line":140,"column":4},"end":{"line":140,"column":16}},"20":{"start":{"line":144,"column":0},"end":{"line":149,"column":3}},"21":{"start":{"line":145,"column":2},"end":{"line":147,"column":3}},"22":{"start":{"line":146,"column":4},"end":{"line":146,"column":36}},"23":{"start":{"line":148,"column":2},"end":{"line":148,"column":9}},"24":{"start":{"line":152,"column":0},"end":{"line":159,"column":2}},"25":{"start":{"line":153,"column":2},"end":{"line":158,"column":3}},"26":{"start":{"line":154,"column":4},"end":{"line":154,"column":64}},"27":{"start":{"line":156,"column":4},"end":{"line":156,"column":54}},"28":{"start":{"line":157,"column":4},"end":{"line":157,"column":16}},"29":{"start":{"line":161,"column":0},"end":{"line":167,"column":2}},"30":{"start":{"line":162,"column":15},"end":{"line":162,"column":30}},"31":{"start":{"line":163,"column":2},"end":{"line":163,"column":23}},"32":{"start":{"line":164,"column":2},"end":{"line":164,"column":27}},"33":{"start":{"line":165,"column":2},"end":{"line":165,"column":24}},"34":{"start":{"line":166,"column":2},"end":{"line":166,"column":14}},"35":{"start":{"line":169,"column":0},"end":{"line":171,"column":2}},"36":{"start":{"line":170,"column":2},"end":{"line":170,"column":41}},"37":{"start":{"line":174,"column":0},"end":{"line":174,"column":52}}},"fnMap":{"0":{"name":"(anonymous_0)","decl":{"start":{"line":126,"column":23},"end":{"line":126,"column":24}},"loc":{"start":{"line":126,"column":44},"end":{"line":142,"column":1}},"line":126},"1":{"name":"(anonymous_1)","decl":{"start":{"line":144,"column":24},"end":{"line":144,"column":25}},"loc":{"start":{"line":144,"column":39},"end":{"line":149,"column":1}},"line":144},"2":{"name":"(anonymous_2)","decl":{"start":{"line":152,"column":37},"end":{"line":152,"column":38}},"loc":{"start":{"line":152,"column":69},"end":{"line":159,"column":1}},"line":152},"3":{"name":"(anonymous_3)","decl":{"start":{"line":161,"column":28},"end":{"line":161,"column":29}},"loc":{"start":{"line":161,"column":39},"end":{"line":167,"column":1}},"line":161},"4":{"name":"(anonymous_4)","decl":{"start":{"line":169,"column":30},"end":{"line":169,"column":31}},"loc":{"start":{"line":169,"column":41},"end":{"line":171,"column":1}},"line":169}},"branchMap":{"0":{"loc":{"start":{"line":128,"column":4},"end":{"line":130,"column":5}},"type":"if","locations":[{"start":{"line":128,"column":4},"end":{"line":130,"column":5}},{"start":{},"end":{}}],"line":128},"1":{"loc":{"start":{"line":145,"column":2},"end":{"line":147,"column":3}},"type":"if","locations":[{"start":{"line":145,"column":2},"end":{"line":147,"column":3}},{"start":{},"end":{}}],"line":145}},"s":{"0":1,"1":1,"2":1,"3":1,"4":1,"5":1,"6":1,"7":1,"8":1,"9":1,"10":1,"11":0,"12":0,"13":0,"14":0,"15":0,"16":0,"17":0,"18":0,"19":0,"20":1,"21":0,"22":0,"23":0,"24":1,"25":0,"26":0,"27":0,"28":0,"29":1,"30":0,"31":0,"32":0,"33":0,"34":0,"35":1,"36":0,"37":1},"f":{"0":0,"1":0,"2":0,"3":0,"4":0},"b":{"0":[0,0],"1":[0,0]},"_coverageSchema":"1a1c01bbd47fc00a2c39e90264f33305004495a9","hash":"fecc6daff6103aecba88883f8c968050174722e8"}
,"C:\\Users\\niban\\OneDrive\\Desktop\\residence-app-backend\\src\\models\\Vote.js": {"path":"C:\\Users\\niban\\OneDrive\\Desktop\\residence-app-backend\\src\\models\\Vote.js","statementMap":{"0":{"start":{"line":1,"column":17},"end":{"line":1,"column":36}},"1":{"start":{"line":3,"column":19},"end":{"line":115,"column":2}},"2":{"start":{"line":117,"column":0},"end":{"line":117,"column":45}},"3":{"start":{"line":118,"column":0},"end":{"line":118,"column":46}},"4":{"start":{"line":119,"column":0},"end":{"line":119,"column":35}},"5":{"start":{"line":121,"column":0},"end":{"line":130,"column":3}},"6":{"start":{"line":122,"column":2},"end":{"line":122,"column":30}},"7":{"start":{"line":124,"column":2},"end":{"line":127,"column":3}},"8":{"start":{"line":125,"column":23},"end":{"line":125,"column":75}},"9":{"start":{"line":126,"column":4},"end":{"line":126,"column":55}},"10":{"start":{"line":129,"column":2},"end":{"line":129,"column":9}},"11":{"start":{"line":132,"column":0},"end":{"line":132,"column":52}}},"fnMap":{"0":{"name":"(anonymous_0)","decl":{"start":{"line":121,"column":23},"end":{"line":121,"column":24}},"loc":{"start":{"line":121,"column":38},"end":{"line":130,"column":1}},"line":121}},"branchMap":{"0":{"loc":{"start":{"line":124,"column":2},"end":{"line":127,"column":3}},"type":"if","locations":[{"start":{"line":124,"column":2},"end":{"line":127,"column":3}},{"start":{},"end":{}}],"line":124},"1":{"loc":{"start":{"line":124,"column":6},"end":{"line":124,"column":59}},"type":"binary-expr","locations":[{"start":{"line":124,"column":6},"end":{"line":124,"column":36}},{"start":{"line":124,"column":40},"end":{"line":124,"column":59}}],"line":124}},"s":{"0":1,"1":1,"2":1,"3":1,"4":1,"5":1,"6":0,"7":0,"8":0,"9":0,"10":0,"11":1},"f":{"0":0},"b":{"0":[0,0],"1":[0,0]},"_coverageSchema":"1a1c01bbd47fc00a2c39e90264f33305004495a9","hash":"28fef1c9ac55d88387818c8f2a69a4bfe38661c0"}
,"C:\\Users\\niban\\OneDrive\\Desktop\\residence-app-backend\\src\\models\\VoteOption.js": {"path":"C:\\Users\\niban\\OneDrive\\Desktop\\residence-app-backend\\src\\models\\VoteOption.js","statementMap":{"0":{"start":{"line":1,"column":17},"end":{"line":1,"column":36}},"1":{"start":{"line":3,"column":25},"end":{"line":66,"column":2}},"2":{"start":{"line":68,"column":0},"end":{"line":68,"column":36}},"3":{"start":{"line":69,"column":0},"end":{"line":69,"column":51}},"4":{"start":{"line":71,"column":0},"end":{"line":74,"column":3}},"5":{"start":{"line":72,"column":2},"end":{"line":72,"column":30}},"6":{"start":{"line":73,"column":2},"end":{"line":73,"column":9}},"7":{"start":{"line":76,"column":0},"end":{"line":76,"column":64}}},"fnMap":{"0":{"name":"(anonymous_0)","decl":{"start":{"line":71,"column":29},"end":{"line":71,"column":30}},"loc":{"start":{"line":71,"column":44},"end":{"line":74,"column":1}},"line":71}},"branchMap":{},"s":{"0":1,"1":1,"2":1,"3":1,"4":1,"5":0,"6":0,"7":1},"f":{"0":0},"b":{},"_coverageSchema":"1a1c01bbd47fc00a2c39e90264f33305004495a9","hash":"18776b0a32291dba58d39464e66392784c4d0275"}
,"C:\\Users\\niban\\OneDrive\\Desktop\\residence-app-backend\\src\\routes\\announcements.js": {"path":"C:\\Users\\niban\\OneDrive\\Desktop\\residence-app-backend\\src\\routes\\announcements.js","statementMap":{"0":{"start":{"line":1,"column":16},"end":{"line":1,"column":34}},"1":{"start":{"line":2,"column":15},"end":{"line":2,"column":31}},"2":{"start":{"line":4,"column":21},"end":{"line":4,"column":54}},"3":{"start":{"line":5,"column":23},"end":{"line":5,"column":62}},"4":{"start":{"line":6,"column":23},"end":{"line":6,"column":62}},"5":{"start":{"line":7,"column":43},"end":{"line":7,"column":69}},"6":{"start":{"line":10,"column":0},"end":{"line":26,"column":3}},"7":{"start":{"line":11,"column":2},"end":{"line":25,"column":3}},"8":{"start":{"line":12,"column":43},"end":{"line":12,"column":52}},"9":{"start":{"line":13,"column":18},"end":{"line":13,"column":49}},"10":{"start":{"line":14,"column":4},"end":{"line":14,"column":32}},"11":{"start":{"line":14,"column":14},"end":{"line":14,"column":32}},"12":{"start":{"line":16,"column":26},"end":{"line":19,"column":30}},"13":{"start":{"line":21,"column":18},"end":{"line":21,"column":58}},"14":{"start":{"line":22,"column":4},"end":{"line":22,"column":133}},"15":{"start":{"line":24,"column":4},"end":{"line":24,"column":16}},"16":{"start":{"line":29,"column":0},"end":{"line":49,"column":3}},"17":{"start":{"line":30,"column":2},"end":{"line":48,"column":3}},"18":{"start":{"line":31,"column":63},"end":{"line":31,"column":71}},"19":{"start":{"line":32,"column":4},"end":{"line":32,"column":103}},"20":{"start":{"line":32,"column":37},"end":{"line":32,"column":103}},"21":{"start":{"line":34,"column":25},"end":{"line":42,"column":6}},"22":{"start":{"line":43,"column":4},"end":{"line":43,"column":30}},"23":{"start":{"line":45,"column":4},"end":{"line":45,"column":97}},"24":{"start":{"line":47,"column":4},"end":{"line":47,"column":16}},"25":{"start":{"line":52,"column":0},"end":{"line":64,"column":3}},"26":{"start":{"line":53,"column":2},"end":{"line":63,"column":3}},"27":{"start":{"line":54,"column":25},"end":{"line":58,"column":5}},"28":{"start":{"line":59,"column":4},"end":{"line":59,"column":73}},"29":{"start":{"line":59,"column":23},"end":{"line":59,"column":73}},"30":{"start":{"line":60,"column":4},"end":{"line":60,"column":81}},"31":{"start":{"line":62,"column":4},"end":{"line":62,"column":16}},"32":{"start":{"line":67,"column":0},"end":{"line":83,"column":3}},"33":{"start":{"line":68,"column":2},"end":{"line":82,"column":3}},"34":{"start":{"line":69,"column":21},"end":{"line":69,"column":29}},"35":{"start":{"line":70,"column":4},"end":{"line":70,"column":61}},"36":{"start":{"line":70,"column":15},"end":{"line":70,"column":61}},"37":{"start":{"line":72,"column":25},"end":{"line":76,"column":39}},"38":{"start":{"line":78,"column":4},"end":{"line":78,"column":73}},"39":{"start":{"line":78,"column":23},"end":{"line":78,"column":73}},"40":{"start":{"line":79,"column":4},"end":{"line":79,"column":78}},"41":{"start":{"line":81,"column":4},"end":{"line":81,"column":16}},"42":{"start":{"line":86,"column":0},"end":{"line":98,"column":3}},"43":{"start":{"line":87,"column":2},"end":{"line":97,"column":3}},"44":{"start":{"line":88,"column":25},"end":{"line":92,"column":5}},"45":{"start":{"line":93,"column":4},"end":{"line":93,"column":73}},"46":{"start":{"line":93,"column":23},"end":{"line":93,"column":73}},"47":{"start":{"line":94,"column":4},"end":{"line":94,"column":113}},"48":{"start":{"line":96,"column":4},"end":{"line":96,"column":16}},"49":{"start":{"line":101,"column":0},"end":{"line":110,"column":3}},"50":{"start":{"line":102,"column":2},"end":{"line":109,"column":3}},"51":{"start":{"line":103,"column":25},"end":{"line":104,"column":36}},"52":{"start":{"line":105,"column":4},"end":{"line":105,"column":73}},"53":{"start":{"line":105,"column":23},"end":{"line":105,"column":73}},"54":{"start":{"line":106,"column":4},"end":{"line":106,"column":87}},"55":{"start":{"line":108,"column":4},"end":{"line":108,"column":16}},"56":{"start":{"line":113,"column":0},"end":{"line":129,"column":3}},"57":{"start":{"line":114,"column":2},"end":{"line":128,"column":3}},"58":{"start":{"line":115,"column":63},"end":{"line":115,"column":71}},"59":{"start":{"line":116,"column":20},"end":{"line":116,"column":22}},"60":{"start":{"line":117,"column":4},"end":{"line":117,"column":37}},"61":{"start":{"line":117,"column":15},"end":{"line":117,"column":37}},"62":{"start":{"line":118,"column":4},"end":{"line":118,"column":43}},"63":{"start":{"line":118,"column":17},"end":{"line":118,"column":43}},"64":{"start":{"line":119,"column":4},"end":{"line":119,"column":34}},"65":{"start":{"line":119,"column":14},"end":{"line":119,"column":34}},"66":{"start":{"line":120,"column":4},"end":{"line":120,"column":64}},"67":{"start":{"line":120,"column":24},"end":{"line":120,"column":64}},"68":{"start":{"line":121,"column":4},"end":{"line":121,"column":46}},"69":{"start":{"line":121,"column":18},"end":{"line":121,"column":46}},"70":{"start":{"line":123,"column":25},"end":{"line":123,"column":112}},"71":{"start":{"line":124,"column":4},"end":{"line":124,"column":73}},"72":{"start":{"line":124,"column":23},"end":{"line":124,"column":73}},"73":{"start":{"line":125,"column":4},"end":{"line":125,"column":85}},"74":{"start":{"line":127,"column":4},"end":{"line":127,"column":16}},"75":{"start":{"line":132,"column":0},"end":{"line":140,"column":3}},"76":{"start":{"line":133,"column":2},"end":{"line":139,"column":3}},"77":{"start":{"line":134,"column":25},"end":{"line":134,"column":88}},"78":{"start":{"line":135,"column":4},"end":{"line":135,"column":73}},"79":{"start":{"line":135,"column":23},"end":{"line":135,"column":73}},"80":{"start":{"line":136,"column":4},"end":{"line":136,"column":77}},"81":{"start":{"line":138,"column":4},"end":{"line":138,"column":16}},"82":{"start":{"line":142,"column":0},"end":{"line":142,"column":24}}},"fnMap":{"0":{"name":"(anonymous_0)","decl":{"start":{"line":10,"column":32},"end":{"line":10,"column":33}},"loc":{"start":{"line":10,"column":58},"end":{"line":26,"column":1}},"line":10},"1":{"name":"(anonymous_1)","decl":{"start":{"line":29,"column":61},"end":{"line":29,"column":62}},"loc":{"start":{"line":29,"column":87},"end":{"line":49,"column":1}},"line":29},"2":{"name":"(anonymous_2)","decl":{"start":{"line":52,"column":53},"end":{"line":52,"column":54}},"loc":{"start":{"line":52,"column":79},"end":{"line":64,"column":1}},"line":52},"3":{"name":"(anonymous_3)","decl":{"start":{"line":67,"column":56},"end":{"line":67,"column":57}},"loc":{"start":{"line":67,"column":82},"end":{"line":83,"column":1}},"line":67},"4":{"name":"(anonymous_4)","decl":{"start":{"line":86,"column":53},"end":{"line":86,"column":54}},"loc":{"start":{"line":86,"column":79},"end":{"line":98,"column":1}},"line":86},"5":{"name":"(anonymous_5)","decl":{"start":{"line":101,"column":47},"end":{"line":101,"column":48}},"loc":{"start":{"line":101,"column":73},"end":{"line":110,"column":1}},"line":101},"6":{"name":"(anonymous_6)","decl":{"start":{"line":113,"column":75},"end":{"line":113,"column":76}},"loc":{"start":{"line":113,"column":101},"end":{"line":129,"column":1}},"line":113},"7":{"name":"(anonymous_7)","decl":{"start":{"line":132,"column":78},"end":{"line":132,"column":79}},"loc":{"start":{"line":132,"column":104},"end":{"line":140,"column":1}},"line":132}},"branchMap":{"0":{"loc":{"start":{"line":12,"column":18},"end":{"line":12,"column":26}},"type":"default-arg","locations":[{"start":{"line":12,"column":25},"end":{"line":12,"column":26}}],"line":12},"1":{"loc":{"start":{"line":12,"column":28},"end":{"line":12,"column":38}},"type":"default-arg","locations":[{"start":{"line":12,"column":36},"end":{"line":12,"column":38}}],"line":12},"2":{"loc":{"start":{"line":14,"column":4},"end":{"line":14,"column":32}},"type":"if","locations":[{"start":{"line":14,"column":4},"end":{"line":14,"column":32}},{"start":{},"end":{}}],"line":14},"3":{"loc":{"start":{"line":32,"column":4},"end":{"line":32,"column":103}},"type":"if","locations":[{"start":{"line":32,"column":4},"end":{"line":32,"column":103}},{"start":{},"end":{}}],"line":32},"4":{"loc":{"start":{"line":32,"column":8},"end":{"line":32,"column":35}},"type":"binary-expr","locations":[{"start":{"line":32,"column":8},"end":{"line":32,"column":14}},{"start":{"line":32,"column":18},"end":{"line":32,"column":26}},{"start":{"line":32,"column":30},"end":{"line":32,"column":35}}],"line":32},"5":{"loc":{"start":{"line":37,"column":22},"end":{"line":37,"column":45}},"type":"binary-expr","locations":[{"start":{"line":37,"column":22},"end":{"line":37,"column":36}},{"start":{"line":37,"column":40},"end":{"line":37,"column":45}}],"line":37},"6":{"loc":{"start":{"line":38,"column":16},"end":{"line":38,"column":36}},"type":"binary-expr","locations":[{"start":{"line":38,"column":16},"end":{"line":38,"column":24}},{"start":{"line":38,"column":28},"end":{"line":38,"column":36}}],"line":38},"7":{"loc":{"start":{"line":59,"column":4},"end":{"line":59,"column":73}},"type":"if","locations":[{"start":{"line":59,"column":4},"end":{"line":59,"column":73}},{"start":{},"end":{}}],"line":59},"8":{"loc":{"start":{"line":70,"column":4},"end":{"line":70,"column":61}},"type":"if","locations":[{"start":{"line":70,"column":4},"end":{"line":70,"column":61}},{"start":{},"end":{}}],"line":70},"9":{"loc":{"start":{"line":78,"column":4},"end":{"line":78,"column":73}},"type":"if","locations":[{"start":{"line":78,"column":4},"end":{"line":78,"column":73}},{"start":{},"end":{}}],"line":78},"10":{"loc":{"start":{"line":93,"column":4},"end":{"line":93,"column":73}},"type":"if","locations":[{"start":{"line":93,"column":4},"end":{"line":93,"column":73}},{"start":{},"end":{}}],"line":93},"11":{"loc":{"start":{"line":94,"column":76},"end":{"line":94,"column":107}},"type":"binary-expr","locations":[{"start":{"line":94,"column":76},"end":{"line":94,"column":102}},{"start":{"line":94,"column":106},"end":{"line":94,"column":107}}],"line":94},"12":{"loc":{"start":{"line":105,"column":4},"end":{"line":105,"column":73}},"type":"if","locations":[{"start":{"line":105,"column":4},"end":{"line":105,"column":73}},{"start":{},"end":{}}],"line":105},"13":{"loc":{"start":{"line":117,"column":4},"end":{"line":117,"column":37}},"type":"if","locations":[{"start":{"line":117,"column":4},"end":{"line":117,"column":37}},{"start":{},"end":{}}],"line":117},"14":{"loc":{"start":{"line":118,"column":4},"end":{"line":118,"column":43}},"type":"if","locations":[{"start":{"line":118,"column":4},"end":{"line":118,"column":43}},{"start":{},"end":{}}],"line":118},"15":{"loc":{"start":{"line":119,"column":4},"end":{"line":119,"column":34}},"type":"if","locations":[{"start":{"line":119,"column":4},"end":{"line":119,"column":34}},{"start":{},"end":{}}],"line":119},"16":{"loc":{"start":{"line":120,"column":4},"end":{"line":120,"column":64}},"type":"if","locations":[{"start":{"line":120,"column":4},"end":{"line":120,"column":64}},{"start":{},"end":{}}],"line":120},"17":{"loc":{"start":{"line":121,"column":4},"end":{"line":121,"column":46}},"type":"if","locations":[{"start":{"line":121,"column":4},"end":{"line":121,"column":46}},{"start":{},"end":{}}],"line":121},"18":{"loc":{"start":{"line":124,"column":4},"end":{"line":124,"column":73}},"type":"if","locations":[{"start":{"line":124,"column":4},"end":{"line":124,"column":73}},{"start":{},"end":{}}],"line":124},"19":{"loc":{"start":{"line":135,"column":4},"end":{"line":135,"column":73}},"type":"if","locations":[{"start":{"line":135,"column":4},"end":{"line":135,"column":73}},{"start":{},"end":{}}],"line":135}},"s":{"0":1,"1":1,"2":1,"3":1,"4":1,"5":1,"6":1,"7":0,"8":0,"9":0,"10":0,"11":0,"12":0,"13":0,"14":0,"15":0,"16":1,"17":0,"18":0,"19":0,"20":0,"21":0,"22":0,"23":0,"24":0,"25":1,"26":0,"27":0,"28":0,"29":0,"30":0,"31":0,"32":1,"33":0,"34":0,"35":0,"36":0,"37":0,"38":0,"39":0,"40":0,"41":0,"42":1,"43":0,"44":0,"45":0,"46":0,"47":0,"48":0,"49":1,"50":0,"51":0,"52":0,"53":0,"54":0,"55":0,"56":1,"57":0,"58":0,"59":0,"60":0,"61":0,"62":0,"63":0,"64":0,"65":0,"66":0,"67":0,"68":0,"69":0,"70":0,"71":0,"72":0,"73":0,"74":0,"75":1,"76":0,"77":0,"78":0,"79":0,"80":0,"81":0,"82":1},"f":{"0":0,"1":0,"2":0,"3":0,"4":0,"5":0,"6":0,"7":0},"b":{"0":[0],"1":[0],"2":[0,0],"3":[0,0],"4":[0,0,0],"5":[0,0],"6":[0,0],"7":[0,0],"8":[0,0],"9":[0,0],"10":[0,0],"11":[0,0],"12":[0,0],"13":[0,0],"14":[0,0],"15":[0,0],"16":[0,0],"17":[0,0],"18":[0,0],"19":[0,0]},"_coverageSchema":"1a1c01bbd47fc00a2c39e90264f33305004495a9","hash":"01772524c7b96e0c74b5031669682fe774b21387"}
,"C:\\Users\\niban\\OneDrive\\Desktop\\residence-app-backend\\src\\routes\\apartments.js": {"path":"C:\\Users\\niban\\OneDrive\\Desktop\\residence-app-backend\\src\\routes\\apartments.js","statementMap":{"0":{"start":{"line":1,"column":16},"end":{"line":1,"column":34}},"1":{"start":{"line":2,"column":15},"end":{"line":2,"column":31}},"2":{"start":{"line":4,"column":18},"end":{"line":4,"column":48}},"3":{"start":{"line":5,"column":23},"end":{"line":5,"column":62}},"4":{"start":{"line":6,"column":23},"end":{"line":6,"column":62}},"5":{"start":{"line":7,"column":43},"end":{"line":7,"column":69}},"6":{"start":{"line":10,"column":0},"end":{"line":27,"column":3}},"7":{"start":{"line":11,"column":2},"end":{"line":26,"column":3}},"8":{"start":{"line":12,"column":45},"end":{"line":12,"column":54}},"9":{"start":{"line":13,"column":18},"end":{"line":13,"column":49}},"10":{"start":{"line":14,"column":4},"end":{"line":14,"column":38}},"11":{"start":{"line":14,"column":16},"end":{"line":14,"column":38}},"12":{"start":{"line":16,"column":23},"end":{"line":20,"column":36}},"13":{"start":{"line":22,"column":18},"end":{"line":22,"column":55}},"14":{"start":{"line":23,"column":4},"end":{"line":23,"column":127}},"15":{"start":{"line":25,"column":4},"end":{"line":25,"column":16}},"16":{"start":{"line":30,"column":0},"end":{"line":52,"column":3}},"17":{"start":{"line":31,"column":2},"end":{"line":51,"column":3}},"18":{"start":{"line":32,"column":79},"end":{"line":32,"column":87}},"19":{"start":{"line":33,"column":4},"end":{"line":33,"column":86}},"20":{"start":{"line":33,"column":27},"end":{"line":33,"column":86}},"21":{"start":{"line":35,"column":22},"end":{"line":45,"column":6}},"22":{"start":{"line":46,"column":4},"end":{"line":46,"column":27}},"23":{"start":{"line":48,"column":4},"end":{"line":48,"column":91}},"24":{"start":{"line":50,"column":4},"end":{"line":50,"column":16}},"25":{"start":{"line":55,"column":0},"end":{"line":71,"column":3}},"26":{"start":{"line":56,"column":2},"end":{"line":70,"column":3}},"27":{"start":{"line":57,"column":27},"end":{"line":57,"column":35}},"28":{"start":{"line":58,"column":4},"end":{"line":58,"column":73}},"29":{"start":{"line":58,"column":21},"end":{"line":58,"column":73}},"30":{"start":{"line":60,"column":22},"end":{"line":64,"column":40}},"31":{"start":{"line":66,"column":4},"end":{"line":66,"column":67}},"32":{"start":{"line":66,"column":20},"end":{"line":66,"column":67}},"33":{"start":{"line":67,"column":4},"end":{"line":67,"column":79}},"34":{"start":{"line":69,"column":4},"end":{"line":69,"column":16}},"35":{"start":{"line":74,"column":0},"end":{"line":86,"column":3}},"36":{"start":{"line":75,"column":2},"end":{"line":85,"column":3}},"37":{"start":{"line":76,"column":22},"end":{"line":80,"column":5}},"38":{"start":{"line":81,"column":4},"end":{"line":81,"column":67}},"39":{"start":{"line":81,"column":20},"end":{"line":81,"column":67}},"40":{"start":{"line":82,"column":4},"end":{"line":82,"column":78}},"41":{"start":{"line":84,"column":4},"end":{"line":84,"column":16}},"42":{"start":{"line":89,"column":0},"end":{"line":99,"column":3}},"43":{"start":{"line":90,"column":2},"end":{"line":98,"column":3}},"44":{"start":{"line":91,"column":22},"end":{"line":93,"column":43}},"45":{"start":{"line":94,"column":4},"end":{"line":94,"column":67}},"46":{"start":{"line":94,"column":20},"end":{"line":94,"column":67}},"47":{"start":{"line":95,"column":4},"end":{"line":95,"column":81}},"48":{"start":{"line":97,"column":4},"end":{"line":97,"column":16}},"49":{"start":{"line":102,"column":0},"end":{"line":114,"column":3}},"50":{"start":{"line":103,"column":2},"end":{"line":113,"column":3}},"51":{"start":{"line":104,"column":22},"end":{"line":108,"column":5}},"52":{"start":{"line":109,"column":4},"end":{"line":109,"column":67}},"53":{"start":{"line":109,"column":20},"end":{"line":109,"column":67}},"54":{"start":{"line":110,"column":4},"end":{"line":110,"column":79}},"55":{"start":{"line":112,"column":4},"end":{"line":112,"column":16}},"56":{"start":{"line":117,"column":0},"end":{"line":125,"column":3}},"57":{"start":{"line":118,"column":2},"end":{"line":124,"column":3}},"58":{"start":{"line":119,"column":22},"end":{"line":119,"column":79}},"59":{"start":{"line":120,"column":4},"end":{"line":120,"column":67}},"60":{"start":{"line":120,"column":20},"end":{"line":120,"column":67}},"61":{"start":{"line":121,"column":4},"end":{"line":121,"column":74}},"62":{"start":{"line":123,"column":4},"end":{"line":123,"column":16}},"63":{"start":{"line":127,"column":0},"end":{"line":127,"column":24}}},"fnMap":{"0":{"name":"(anonymous_0)","decl":{"start":{"line":10,"column":32},"end":{"line":10,"column":33}},"loc":{"start":{"line":10,"column":58},"end":{"line":27,"column":1}},"line":10},"1":{"name":"(anonymous_1)","decl":{"start":{"line":30,"column":61},"end":{"line":30,"column":62}},"loc":{"start":{"line":30,"column":87},"end":{"line":52,"column":1}},"line":30},"2":{"name":"(anonymous_2)","decl":{"start":{"line":55,"column":89},"end":{"line":55,"column":90}},"loc":{"start":{"line":55,"column":115},"end":{"line":71,"column":1}},"line":55},"3":{"name":"(anonymous_3)","decl":{"start":{"line":74,"column":84},"end":{"line":74,"column":85}},"loc":{"start":{"line":74,"column":110},"end":{"line":86,"column":1}},"line":74},"4":{"name":"(anonymous_4)","decl":{"start":{"line":89,"column":44},"end":{"line":89,"column":45}},"loc":{"start":{"line":89,"column":70},"end":{"line":99,"column":1}},"line":89},"5":{"name":"(anonymous_5)","decl":{"start":{"line":102,"column":72},"end":{"line":102,"column":73}},"loc":{"start":{"line":102,"column":98},"end":{"line":114,"column":1}},"line":102},"6":{"name":"(anonymous_6)","decl":{"start":{"line":117,"column":75},"end":{"line":117,"column":76}},"loc":{"start":{"line":117,"column":101},"end":{"line":125,"column":1}},"line":117}},"branchMap":{"0":{"loc":{"start":{"line":12,"column":12},"end":{"line":12,"column":20}},"type":"default-arg","locations":[{"start":{"line":12,"column":19},"end":{"line":12,"column":20}}],"line":12},"1":{"loc":{"start":{"line":12,"column":22},"end":{"line":12,"column":32}},"type":"default-arg","locations":[{"start":{"line":12,"column":30},"end":{"line":12,"column":32}}],"line":12},"2":{"loc":{"start":{"line":14,"column":4},"end":{"line":14,"column":38}},"type":"if","locations":[{"start":{"line":14,"column":4},"end":{"line":14,"column":38}},{"start":{},"end":{}}],"line":14},"3":{"loc":{"start":{"line":33,"column":4},"end":{"line":33,"column":86}},"type":"if","locations":[{"start":{"line":33,"column":4},"end":{"line":33,"column":86}},{"start":{},"end":{}}],"line":33},"4":{"loc":{"start":{"line":33,"column":8},"end":{"line":33,"column":25}},"type":"binary-expr","locations":[{"start":{"line":33,"column":8},"end":{"line":33,"column":15}},{"start":{"line":33,"column":19},"end":{"line":33,"column":25}}],"line":33},"5":{"loc":{"start":{"line":39,"column":12},"end":{"line":39,"column":24}},"type":"binary-expr","locations":[{"start":{"line":39,"column":12},"end":{"line":39,"column":16}},{"start":{"line":39,"column":20},"end":{"line":39,"column":24}}],"line":39},"6":{"loc":{"start":{"line":40,"column":16},"end":{"line":40,"column":26}},"type":"binary-expr","locations":[{"start":{"line":40,"column":16},"end":{"line":40,"column":21}},{"start":{"line":40,"column":25},"end":{"line":40,"column":26}}],"line":40},"7":{"loc":{"start":{"line":41,"column":17},"end":{"line":41,"column":31}},"type":"binary-expr","locations":[{"start":{"line":41,"column":17},"end":{"line":41,"column":26}},{"start":{"line":41,"column":30},"end":{"line":41,"column":31}}],"line":41},"8":{"loc":{"start":{"line":43,"column":21},"end":{"line":43,"column":39}},"type":"binary-expr","locations":[{"start":{"line":43,"column":21},"end":{"line":43,"column":34}},{"start":{"line":43,"column":38},"end":{"line":43,"column":39}}],"line":43},"9":{"loc":{"start":{"line":58,"column":4},"end":{"line":58,"column":73}},"type":"if","locations":[{"start":{"line":58,"column":4},"end":{"line":58,"column":73}},{"start":{},"end":{}}],"line":58},"10":{"loc":{"start":{"line":66,"column":4},"end":{"line":66,"column":67}},"type":"if","locations":[{"start":{"line":66,"column":4},"end":{"line":66,"column":67}},{"start":{},"end":{}}],"line":66},"11":{"loc":{"start":{"line":81,"column":4},"end":{"line":81,"column":67}},"type":"if","locations":[{"start":{"line":81,"column":4},"end":{"line":81,"column":67}},{"start":{},"end":{}}],"line":81},"12":{"loc":{"start":{"line":94,"column":4},"end":{"line":94,"column":67}},"type":"if","locations":[{"start":{"line":94,"column":4},"end":{"line":94,"column":67}},{"start":{},"end":{}}],"line":94},"13":{"loc":{"start":{"line":109,"column":4},"end":{"line":109,"column":67}},"type":"if","locations":[{"start":{"line":109,"column":4},"end":{"line":109,"column":67}},{"start":{},"end":{}}],"line":109},"14":{"loc":{"start":{"line":120,"column":4},"end":{"line":120,"column":67}},"type":"if","locations":[{"start":{"line":120,"column":4},"end":{"line":120,"column":67}},{"start":{},"end":{}}],"line":120}},"s":{"0":1,"1":1,"2":1,"3":1,"4":1,"5":1,"6":1,"7":0,"8":0,"9":0,"10":0,"11":0,"12":0,"13":0,"14":0,"15":0,"16":1,"17":0,"18":0,"19":0,"20":0,"21":0,"22":0,"23":0,"24":0,"25":1,"26":0,"27":0,"28":0,"29":0,"30":0,"31":0,"32":0,"33":0,"34":0,"35":1,"36":0,"37":0,"38":0,"39":0,"40":0,"41":0,"42":1,"43":0,"44":0,"45":0,"46":0,"47":0,"48":0,"49":1,"50":0,"51":0,"52":0,"53":0,"54":0,"55":0,"56":1,"57":0,"58":0,"59":0,"60":0,"61":0,"62":0,"63":1},"f":{"0":0,"1":0,"2":0,"3":0,"4":0,"5":0,"6":0},"b":{"0":[0],"1":[0],"2":[0,0],"3":[0,0],"4":[0,0],"5":[0,0],"6":[0,0],"7":[0,0],"8":[0,0],"9":[0,0],"10":[0,0],"11":[0,0],"12":[0,0],"13":[0,0],"14":[0,0]},"_coverageSchema":"1a1c01bbd47fc00a2c39e90264f33305004495a9","hash":"732ce45796f19cd42da36751daacbae0e50f78e6"}
[...]
,"C:\\Users\\niban\\OneDrive\\Desktop\\residence-app-backend\\src\\utils\\logger.js": {"path":"C:\\Users\\niban\\OneDrive\\Desktop\\residence-app-backend\\src\\utils\\logger.js","statementMap":{"0":{"start":{"line":1,"column":16},"end":{"line":1,"column":34}},"1":{"start":{"line":2,"column":13},"end":{"line":2,"column":28}},"2":{"start":{"line":3,"column":15},"end":{"line":3,"column":47}},"3":{"start":{"line":5,"column":15},"end":{"line":26,"column":2}},"4":{"start":{"line":29,"column":0},"end":{"line":36,"column":1}},"5":{"start":{"line":30,"column":2},"end":{"line":35,"column":6}},"6":{"start":{"line":38,"column":0},"end":{"line":38,"column":24}}},"fnMap":{},"branchMap":{"0":{"loc":{"start":{"line":29,"column":0},"end":{"line":36,"column":1}},"type":"if","locations":[{"start":{"line":29,"column":0},"end":{"line":36,"column":1}},{"start":{},"end":{}}],"line":29}},"s":{"0":1,"1":1,"2":1,"3":1,"4":1,"5":1,"6":1},"f":{},"b":{"0":[1,0]},"_coverageSchema":"1a1c01bbd47fc00a2c39e90264f33305004495a9","hash":"d0328ec7495c25d041a0dd908c425124584ca2ef"}
,"C:\\Users\\niban\\OneDrive\\Desktop\\residence-app-backend\\src\\utils\\passwordUtils.js": {"path":"C:\\Users\\niban\\OneDrive\\Desktop\\residence-app-backend\\src\\utils\\passwordUtils.js","statementMap":{"0":{"start":{"line":1,"column":15},"end":{"line":1,"column":32}},"1":{"start":{"line":2,"column":15},"end":{"line":2,"column":34}},"2":{"start":{"line":9,"column":21},"end":{"line":25,"column":1}},"3":{"start":{"line":10,"column":2},"end":{"line":24,"column":3}},"4":{"start":{"line":11,"column":4},"end":{"line":13,"column":5}},"5":{"start":{"line":12,"column":6},"end":{"line":12,"column":61}},"6":{"start":{"line":15,"column":17},"end":{"line":15,"column":41}},"7":{"start":{"line":16,"column":27},"end":{"line":16,"column":60}},"8":{"start":{"line":18,"column":4},"end":{"line":18,"column":49}},"9":{"start":{"line":19,"column":4},"end":{"line":19,"column":26}},"10":{"start":{"line":22,"column":4},"end":{"line":22,"column":51}},"11":{"start":{"line":23,"column":4},"end":{"line":23,"column":16}},"12":{"start":{"line":33,"column":24},"end":{"line":52,"column":1}},"13":{"start":{"line":34,"column":2},"end":{"line":51,"column":3}},"14":{"start":{"line":35,"column":4},"end":{"line":37,"column":5}},"15":{"start":{"line":36,"column":6},"end":{"line":36,"column":69}},"16":{"start":{"line":39,"column":4},"end":{"line":41,"column":5}},"17":{"start":{"line":40,"column":6},"end":{"line":40,"column":68}},"18":{"start":{"line":43,"column":20},"end":{"line":43,"column":73}},"19":{"start":{"line":45,"column":4},"end":{"line":45,"column":59}},"20":{"start":{"line":46,"column":4},"end":{"line":46,"column":19}},"21":{"start":{"line":49,"column":4},"end":{"line":49,"column":54}},"22":{"start":{"line":50,"column":4},"end":{"line":50,"column":16}},"23":{"start":{"line":54,"column":0},"end":{"line":57,"column":2}}},"fnMap":{"0":{"name":"(anonymous_0)","decl":{"start":{"line":9,"column":21},"end":{"line":9,"column":22}},"loc":{"start":{"line":9,"column":41},"end":{"line":25,"column":1}},"line":9},"1":{"name":"(anonymous_1)","decl":{"start":{"line":33,"column":24},"end":{"line":33,"column":25}},"loc":{"start":{"line":33,"column":67},"end":{"line":52,"column":1}},"line":33}},"branchMap":{"0":{"loc":{"start":{"line":11,"column":4},"end":{"line":13,"column":5}},"type":"if","locations":[{"start":{"line":11,"column":4},"end":{"line":13,"column":5}},{"start":{},"end":{}}],"line":11},"1":{"loc":{"start":{"line":11,"column":8},"end":{"line":11,"column":49}},"type":"binary-expr","locations":[{"start":{"line":11,"column":8},"end":{"line":11,"column":17}},{"start":{"line":11,"column":21},"end":{"line":11,"column":49}}],"line":11},"2":{"loc":{"start":{"line":35,"column":4},"end":{"line":37,"column":5}},"type":"if","locations":[{"start":{"line":35,"column":4},"end":{"line":37,"column":5}},{"start":{},"end":{}}],"line":35},"3":{"loc":{"start":{"line":35,"column":8},"end":{"line":35,"column":63}},"type":"binary-expr","locations":[{"start":{"line":35,"column":8},"end":{"line":35,"column":24}},{"start":{"line":35,"column":28},"end":{"line":35,"column":63}}],"line":35},"4":{"loc":{"start":{"line":39,"column":4},"end":{"line":41,"column":5}},"type":"if","locations":[{"start":{"line":39,"column":4},"end":{"line":41,"column":5}},{"start":{},"end":{}}],"line":39},"5":{"loc":{"start":{"line":39,"column":8},"end":{"line":39,"column":61}},"type":"binary-expr","locations":[{"start":{"line":39,"column":8},"end":{"line":39,"column":23}},{"start":{"line":39,"column":27},"end":{"line":39,"column":61}}],"line":39}},"s":{"0":0,"1":0,"2":0,"3":0,"4":0,"5":0,"6":0,"7":0,"8":0,"9":0,"10":0,"11":0,"12":0,"13":0,"14":0,"15":0,"16":0,"17":0,"18":0,"19":0,"20":0,"21":0,"22":0,"23":0},"f":{"0":0,"1":0},"b":{"0":[0,0],"1":[0,0],"2":[0,0],"3":[0,0],"4":[0,0],"5":[0,0]}}
,"C:\\Users\\niban\\OneDrive\\Desktop\\residence-app-backend\\src\\utils\\responseFormatter.js": {"path":"C:\\Users\\niban\\OneDrive\\Desktop\\residence-app-backend\\src\\utils\\responseFormatter.js","statementMap":{"0":{"start":{"line":5,"column":4},"end":{"line":5,"column":33}},"1":{"start":{"line":6,"column":4},"end":{"line":6,"column":21}},"2":{"start":{"line":7,"column":4},"end":{"line":7,"column":27}},"3":{"start":{"line":8,"column":4},"end":{"line":8,"column":36}},"4":{"start":{"line":9,"column":4},"end":{"line":9,"column":32}},"5":{"start":{"line":13,"column":0},"end":{"line":13,"column":33}}},"fnMap":{"0":{"name":"(anonymous_0)","decl":{"start":{"line":4,"column":2},"end":{"line":4,"column":3}},"loc":{"start":{"line":4,"column":60},"end":{"line":10,"column":3}},"line":4}},"branchMap":{"0":{"loc":{"start":{"line":4,"column":26},"end":{"line":4,"column":37}},"type":"default-arg","locations":[{"start":{"line":4,"column":33},"end":{"line":4,"column":37}}],"line":4},"1":{"loc":{"start":{"line":4,"column":39},"end":{"line":4,"column":58}},"type":"default-arg","locations":[{"start":{"line":4,"column":49},"end":{"line":4,"column":58}}],"line":4}},"s":{"0":5,"1":5,"2":5,"3":5,"4":5,"5":1},"f":{"0":5},"b":{"0":[2],"1":[2]},"_coverageSchema":"1a1c01bbd47fc00a2c39e90264f33305004495a9","hash":"bbfd8f90565293d679cd8621376e286fbef2c1e1"}
,"C:\\Users\\niban\\OneDrive\\Desktop\\residence-app-backend\\src\\utils\\tokenUtils.js": {"path":"C:\\Users\\niban\\OneDrive\\Desktop\\residence-app-backend\\src\\utils\\tokenUtils.js","statementMap":{"0":{"start":{"line":1,"column":12},"end":{"line":1,"column":35}},"1":{"start":{"line":2,"column":15},"end":{"line":2,"column":47}},"2":{"start":{"line":3,"column":30},"end":{"line":3,"column":49}},"3":{"start":{"line":4,"column":15},"end":{"line":4,"column":34}},"4":{"start":{"line":7,"column":0},"end":{"line":9,"column":1}},"5":{"start":{"line":8,"column":2},"end":{"line":8,"column":76}},"6":{"start":{"line":12,"column":23},"end":{"line":12,"column":32}},"7":{"start":{"line":15,"column":23},"end":{"line":37,"column":1}},"8":{"start":{"line":16,"column":2},"end":{"line":18,"column":3}},"9":{"start":{"line":17,"column":4},"end":{"line":17,"column":73}},"10":{"start":{"line":20,"column":18},"end":{"line":20,"column":44}},"11":{"start":{"line":23,"column":22},"end":{"line":27,"column":3}},"12":{"start":{"line":30,"column":23},"end":{"line":34,"column":3}},"13":{"start":{"line":36,"column":2},"end":{"line":36,"column":39}},"14":{"start":{"line":40,"column":26},"end":{"line":62,"column":1}},"15":{"start":{"line":41,"column":2},"end":{"line":61,"column":3}},"16":{"start":{"line":43,"column":4},"end":{"line":45,"column":5}},"17":{"start":{"line":44,"column":6},"end":{"line":44,"column":60}},"18":{"start":{"line":47,"column":20},"end":{"line":47,"column":55}},"19":{"start":{"line":48,"column":4},"end":{"line":48,"column":63}},"20":{"start":{"line":49,"column":4},"end":{"line":49,"column":19}},"21":{"start":{"line":52,"column":4},"end":{"line":55,"column":5}},"22":{"start":{"line":53,"column":6},"end":{"line":53,"column":35}},"23":{"start":{"line":54,"column":6},"end":{"line":54,"column":51}},"24":{"start":{"line":56,"column":4},"end":{"line":58,"column":5}},"25":{"start":{"line":57,"column":6},"end":{"line":57,"column":18}},"26":{"start":{"line":59,"column":4},"end":{"line":59,"column":63}},"27":{"start":{"line":60,"column":4},"end":{"line":60,"column":49}},"28":{"start":{"line":65,"column":27},"end":{"line":80,"column":1}},"29":{"start":{"line":66,"column":2},"end":{"line":79,"column":3}},"30":{"start":{"line":67,"column":4},"end":{"line":69,"column":5}},"31":{"start":{"line":68,"column":6},"end":{"line":68,"column":68}},"32":{"start":{"line":71,"column":4},"end":{"line":71,"column":54}},"33":{"start":{"line":74,"column":4},"end":{"line":76,"column":5}},"34":{"start":{"line":75,"column":6},"end":{"line":75,"column":18}},"35":{"start":{"line":77,"column":4},"end":{"line":77,"column":71}},"36":{"start":{"line":78,"column":4},"end":{"line":78,"column":57}},"37":{"start":{"line":83,"column":20},"end":{"line":86,"column":1}},"38":{"start":{"line":84,"column":2},"end":{"line":84,"column":28}},"39":{"start":{"line":85,"column":2},"end":{"line":85,"column":31}},"40":{"start":{"line":88,"column":0},"end":{"line":93,"column":2}}},"fnMap":{"0":{"name":"(anonymous_0)","decl":{"start":{"line":15,"column":23},"end":{"line":15,"column":24}},"loc":{"start":{"line":15,"column":58},"end":{"line":37,"column":1}},"line":15},"1":{"name":"(anonymous_1)","decl":{"start":{"line":40,"column":26},"end":{"line":40,"column":27}},"loc":{"start":{"line":40,"column":37},"end":{"line":62,"column":1}},"line":40},"2":{"name":"(anonymous_2)","decl":{"start":{"line":65,"column":27},"end":{"line":65,"column":28}},"loc":{"start":{"line":65,"column":38},"end":{"line":80,"column":1}},"line":65},"3":{"name":"(anonymous_3)","decl":{"start":{"line":83,"column":20},"end":{"line":83,"column":21}},"loc":{"start":{"line":83,"column":31},"end":{"line":86,"column":1}},"line":83}},"branchMap":{"0":{"loc":{"start":{"line":7,"column":0},"end":{"line":9,"column":1}},"type":"if","locations":[{"start":{"line":7,"column":0},"end":{"line":9,"column":1}},{"start":{},"end":{}}],"line":7},"1":{"loc":{"start":{"line":7,"column":4},"end":{"line":7,"column":49}},"type":"binary-expr","locations":[{"start":{"line":7,"column":4},"end":{"line":7,"column":21}},{"start":{"line":7,"column":25},"end":{"line":7,"column":49}}],"line":7},"2":{"loc":{"start":{"line":15,"column":38},"end":{"line":15,"column":53}},"type":"default-arg","locations":[{"start":{"line":15,"column":49},"end":{"line":15,"column":53}}],"line":15},"3":{"loc":{"start":{"line":16,"column":2},"end":{"line":18,"column":3}},"type":"if","locations":[{"start":{"line":16,"column":2},"end":{"line":18,"column":3}},{"start":{},"end":{}}],"line":16},"4":{"loc":{"start":{"line":16,"column":6},"end":{"line":16,"column":22}},"type":"binary-expr","locations":[{"start":{"line":16,"column":6},"end":{"line":16,"column":13}},{"start":{"line":16,"column":17},"end":{"line":16,"column":22}}],"line":16},"5":{"loc":{"start":{"line":43,"column":4},"end":{"line":45,"column":5}},"type":"if","locations":[{"start":{"line":43,"column":4},"end":{"line":45,"column":5}},{"start":{},"end":{}}],"line":43},"6":{"loc":{"start":{"line":52,"column":4},"end":{"line":55,"column":5}},"type":"if","locations":[{"start":{"line":52,"column":4},"end":{"line":55,"column":5}},{"start":{},"end":{}}],"line":52},"7":{"loc":{"start":{"line":56,"column":4},"end":{"line":58,"column":5}},"type":"if","locations":[{"start":{"line":56,"column":4},"end":{"line":58,"column":5}},{"start":{},"end":{}}],"line":56},"8":{"loc":{"start":{"line":67,"column":4},"end":{"line":69,"column":5}},"type":"if","locations":[{"start":{"line":67,"column":4},"end":{"line":69,"column":5}},{"start":{},"end":{}}],"line":67},"9":{"loc":{"start":{"line":74,"column":4},"end":{"line":76,"column":5}},"type":"if","locations":[{"start":{"line":74,"column":4},"end":{"line":76,"column":5}},{"start":{},"end":{}}],"line":74}},"s":{"0":1,"1":1,"2":1,"3":1,"4":1,"5":0,"6":1,"7":1,"8":0,"9":0,"10":0,"11":0,"12":0,"13":0,"14":1,"15":0,"16":0,"17":0,"18":0,"19":0,"20":0,"21":0,"22":0,"23":0,"24":0,"25":0,"26":0,"27":0,"28":1,"29":0,"30":0,"31":0,"32":0,"33":0,"34":0,"35":0,"36":0,"37":1,"38":0,"39":0,"40":1},"f":{"0":0,"1":0,"2":0,"3":0},"b":{"0":[0,1],"1":[1,1],"2":[0],"3":[0,0],"4":[0,0],"5":[0,0],"6":[0,0],"7":[0,0],"8":[0,0],"9":[0,0]},"_coverageSchema":"1a1c01bbd47fc00a2c39e90264f33305004495a9","hash":"1d1b7242eaf169853516e81d67cbe3240b4e2766"}
,"C:\\Users\\niban\\OneDrive\\Desktop\\residence-app-backend\\src\\utils\\translator.js": {"path":"C:\\Users\\niban\\OneDrive\\Desktop\\residence-app-backend\\src\\utils\\translator.js","statementMap":{"0":{"start":{"line":1,"column":11},"end":{"line":1,"column":40}},"1":{"start":{"line":2,"column":11},"end":{"line":2,"column":40}},"2":{"start":{"line":3,"column":11},"end":{"line":3,"column":40}},"3":{"start":{"line":4,"column":15},"end":{"line":4,"column":34}},"4":{"start":{"line":7,"column":0},"end":{"line":9,"column":1}},"5":{"start":{"line":8,"column":2},"end":{"line":8,"column":52}},"6":{"start":{"line":11,"column":21},"end":{"line":15,"column":1}},"7":{"start":{"line":19,"column":4},"end":{"line":19,"column":43}},"8":{"start":{"line":20,"column":4},"end":{"line":20,"column":49}},"9":{"start":{"line":26,"column":4},"end":{"line":29,"column":5}},"10":{"start":{"line":27,"column":6},"end":{"line":27,"column":100}},"11":{"start":{"line":28,"column":6},"end":{"line":28,"column":38}},"12":{"start":{"line":32,"column":17},"end":{"line":32,"column":31}},"13":{"start":{"line":33,"column":22},"end":{"line":33,"column":44}},"14":{"start":{"line":35,"column":4},"end":{"line":42,"column":5}},"15":{"start":{"line":36,"column":6},"end":{"line":41,"column":7}},"16":{"start":{"line":37,"column":8},"end":{"line":37,"column":37}},"17":{"start":{"line":39,"column":8},"end":{"line":39,"column":77}},"18":{"start":{"line":40,"column":8},"end":{"line":40,"column":19}},"19":{"start":{"line":45,"column":17},"end":{"line":45,"column":35}},"20":{"start":{"line":47,"column":4},"end":{"line":51,"column":5}},"21":{"start":{"line":48,"column":6},"end":{"line":50,"column":9}},"22":{"start":{"line":49,"column":8},"end":{"line":49,"column":70}},"23":{"start":{"line":53,"column":4},"end":{"line":53,"column":18}},"24":{"start":{"line":58,"column":4},"end":{"line":60,"column":5}},"25":{"start":{"line":59,"column":6},"end":{"line":59,"column":48}},"26":{"start":{"line":61,"column":4},"end":{"line":61,"column":34}},"27":{"start":{"line":66,"column":4},"end":{"line":66,"column":54}},"28":{"start":{"line":71,"column":4},"end":{"line":71,"column":40}},"29":{"start":{"line":76,"column":4},"end":{"line":76,"column":37}},"30":{"start":{"line":81,"column":4},"end":{"line":81,"column":56}},"31":{"start":{"line":85,"column":0},"end":{"line":85,"column":34}}},"fnMap":{"0":{"name":"(anonymous_0)","decl":{"start":{"line":18,"column":2},"end":{"line":18,"column":3}},"loc":{"start":{"line":18,"column":38},"end":{"line":21,"column":3}},"line":18},"1":{"name":"(anonymous_1)","decl":{"start":{"line":24,"column":2},"end":{"line":24,"column":3}},"loc":{"start":{"line":24,"column":58},"end":{"line":54,"column":3}},"line":24},"2":{"name":"(anonymous_2)","decl":{"start":{"line":48,"column":37},"end":{"line":48,"column":38}},"loc":{"start":{"line":48,"column":49},"end":{"line":50,"column":7}},"line":48},"3":{"name":"(anonymous_3)","decl":{"start":{"line":57,"column":2},"end":{"line":57,"column":3}},"loc":{"start":{"line":57,"column":24},"end":{"line":62,"column":3}},"line":57},"4":{"name":"(anonymous_4)","decl":{"start":{"line":65,"column":2},"end":{"line":65,"column":3}},"loc":{"start":{"line":65,"column":24},"end":{"line":67,"column":3}},"line":65},"5":{"name":"(anonymous_5)","decl":{"start":{"line":70,"column":2},"end":{"line":70,"column":3}},"loc":{"start":{"line":70,"column":26},"end":{"line":72,"column":3}},"line":70},"6":{"name":"(anonymous_6)","decl":{"start":{"line":75,"column":2},"end":{"line":75,"column":3}},"loc":{"start":{"line":75,"column":26},"end":{"line":77,"column":3}},"line":75},"7":{"name":"(anonymous_7)","decl":{"start":{"line":80,"column":2},"end":{"line":80,"column":3}},"loc":{"start":{"line":80,"column":33},"end":{"line":82,"column":3}},"line":80}},"branchMap":{"0":{"loc":{"start":{"line":7,"column":0},"end":{"line":9,"column":1}},"type":"if","locations":[{"start":{"line":7,"column":0},"end":{"line":9,"column":1}},{"start":{},"end":{}}],"line":7},"1":{"loc":{"start":{"line":7,"column":4},"end":{"line":7,"column":21}},"type":"binary-expr","locations":[{"start":{"line":7,"column":4},"end":{"line":7,"column":7}},{"start":{"line":7,"column":11},"end":{"line":7,"column":14}},{"start":{"line":7,"column":18},"end":{"line":7,"column":21}}],"line":7},"2":{"loc":{"start":{"line":18,"column":14},"end":{"line":18,"column":36}},"type":"default-arg","locations":[{"start":{"line":18,"column":32},"end":{"line":18,"column":36}}],"line":18},"3":{"loc":{"start":{"line":24,"column":9},"end":{"line":24,"column":40}},"type":"default-arg","locations":[{"start":{"line":24,"column":20},"end":{"line":24,"column":40}}],"line":24},"4":{"loc":{"start":{"line":24,"column":42},"end":{"line":24,"column":56}},"type":"default-arg","locations":[{"start":{"line":24,"column":54},"end":{"line":24,"column":56}}],"line":24},"5":{"loc":{"start":{"line":26,"column":4},"end":{"line":29,"column":5}},"type":"if","locations":[{"start":{"line":26,"column":4},"end":{"line":29,"column":5}},{"start":{},"end":{}}],"line":26},"6":{"loc":{"start":{"line":36,"column":6},"end":{"line":41,"column":7}},"type":"if","locations":[{"start":{"line":36,"column":6},"end":{"line":41,"column":7}},{"start":{"line":38,"column":13},"end":{"line":41,"column":7}}],"line":36},"7":{"loc":{"start":{"line":36,"column":10},"end":{"line":36,"column":56}},"type":"binary-expr","locations":[{"start":{"line":36,"column":10},"end":{"line":36,"column":21}},{"start":{"line":36,"column":25},"end":{"line":36,"column":56}}],"line":36},"8":{"loc":{"start":{"line":45,"column":17},"end":{"line":45,"column":35}},"type":"binary-expr","locations":[{"start":{"line":45,"column":17},"end":{"line":45,"column":28}},{"start":{"line":45,"column":32},"end":{"line":45,"column":35}}],"line":45},"9":{"loc":{"start":{"line":47,"column":4},"end":{"line":51,"column":5}},"type":"if","locations":[{"start":{"line":47,"column":4},"end":{"line":51,"column":5}},{"start":{},"end":{}}],"line":47},"10":{"loc":{"start":{"line":58,"column":4},"end":{"line":60,"column":5}},"type":"if","locations":[{"start":{"line":58,"column":4},"end":{"line":60,"column":5}},{"start":{},"end":{}}],"line":58},"11":{"loc":{"start":{"line":81,"column":11},"end":{"line":81,"column":55}},"type":"cond-expr","locations":[{"start":{"line":81,"column":42},"end":{"line":81,"column":47}},{"start":{"line":81,"column":50},"end":{"line":81,"column":55}}],"line":81}},"s":{"0":1,"1":1,"2":1,"3":1,"4":1,"5":0,"6":1,"7":1,"8":1,"9":0,"10":0,"11":0,"12":0,"13":0,"14":0,"15":0,"16":0,"17":0,"18":0,"19":0,"20":0,"21":0,"22":0,"23":0,"24":0,"25":0,"26":0,"27":4,"28":0,"29":0,"30":0,"31":1},"f":{"0":1,"1":0,"2":0,"3":0,"4":4,"5":0,"6":0,"7":0},"b":{"0":[0,1],"1":[1,1,1],"2":[1],"3":[0],"4":[0],"5":[0,0],"6":[0,0],"7":[0,0],"8":[0,0],"9":[0,0],"10":[0,0],"11":[0,0]},"_coverageSchema":"1a1c01bbd47fc00a2c39e90264f33305004495a9","hash":"deb9f0672a91e27369dbe63f04a384b10ddf3bb2"}
}
