TN:
SF:src\server.js
FN:73,(anonymous_0)
FN:110,(anonymous_1)
FN:127,(anonymous_2)
FN:134,(anonymous_3)
FN:136,(anonymous_4)
FNF:5
FNH:2
FNDA:1,(anonymous_0)
FNDA:1,(anonymous_1)
FNDA:0,(anonymous_2)
FNDA:0,(anonymous_3)
FNDA:0,(anonymous_4)
DA:1,15
DA:2,15
DA:3,15
DA:4,15
DA:5,15
DA:6,15
DA:9,15
DA:10,15
DA:13,15
DA:14,15
DA:15,15
DA:16,15
DA:19,15
DA:20,15
DA:21,15
DA:22,15
DA:23,15
DA:24,15
DA:25,15
DA:26,15
DA:27,15
DA:28,15
DA:29,15
DA:30,15
DA:31,15
DA:32,15
DA:35,15
DA:39,15
DA:42,15
DA:47,15
DA:50,15
DA:58,15
DA:61,15
DA:64,15
DA:67,15
DA:70,15
DA:73,15
DA:74,1
DA:75,1
DA:85,0
DA:94,15
DA:95,15
DA:96,15
DA:97,15
DA:98,15
DA:99,15
DA:100,15
DA:101,15
DA:102,15
DA:103,15
DA:104,15
DA:105,15
DA:106,15
DA:107,15
DA:110,15
DA:111,1
DA:120,15
DA:123,15
DA:124,0
DA:126,0
DA:127,0
DA:128,0
DA:129,0
DA:130,0
DA:131,0
DA:134,0
DA:135,0
DA:136,0
DA:137,0
DA:138,0
DA:139,0
DA:144,15
LF:72
LH:58
BRDA:81,0,0,1
BRDA:81,0,1,0
BRDA:123,1,0,0
BRDA:123,1,1,15
BRF:4
BRH:2
end_of_record
TN:
SF:src\config\constants.js
FNF:0
FNH:0
DA:2,15
DA:9,15
DA:22,15
DA:30,15
DA:42,15
LF:5
LH:5
BRF:0
BRH:0
end_of_record
TN:
SF:src\config\database.js
FN:6,(anonymous_0)
FN:31,(anonymous_1)
FN:37,(anonymous_2)
FN:40,(anonymous_3)
FN:44,(anonymous_4)
FN:48,(anonymous_5)
FN:52,(anonymous_6)
FN:57,(anonymous_7)
FNF:8
FNH:0
FNDA:0,(anonymous_0)
FNDA:0,(anonymous_1)
FNDA:0,(anonymous_2)
FNDA:0,(anonymous_3)
FNDA:0,(anonymous_4)
FNDA:0,(anonymous_5)
FNDA:0,(anonymous_6)
FNDA:0,(anonymous_7)
DA:1,0
DA:2,0
DA:3,0
DA:7,0
DA:8,0
DA:10,0
DA:16,0
DA:19,0
DA:21,0
DA:24,0
DA:27,0
DA:28,0
DA:30,0
DA:31,0
DA:32,0
DA:38,0
DA:40,0
DA:41,0
DA:44,0
DA:45,0
DA:48,0
DA:49,0
DA:52,0
DA:53,0
DA:58,0
DA:59,0
DA:60,0
DA:62,0
DA:63,0
DA:68,0
LF:30
LH:0
BRDA:27,0,0,0
BRDA:27,0,1,0
BRF:2
BRH:0
end_of_record
TN:
SF:src\config\environment.js
FN:18,(anonymous_0)
FNF:1
FNH:1
FNDA:90,(anonymous_0)
DA:1,15
DA:2,15
DA:5,15
DA:8,15
DA:18,15
DA:19,90
DA:20,0
DA:25,15
DA:26,15
DA:27,0
DA:30,15
LF:11
LH:9
BRDA:19,0,0,0
BRDA:19,0,1,90
BRDA:26,1,0,0
BRDA:26,1,1,15
BRDA:26,2,0,15
BRDA:26,2,1,15
BRDA:26,2,2,15
BRDA:31,3,0,15
BRDA:31,3,1,0
BRDA:36,4,0,15
BRDA:36,4,1,15
BRDA:41,5,0,15
BRDA:41,5,1,0
BRDA:42,6,0,15
BRDA:42,6,1,0
BRDA:48,7,0,15
BRDA:48,7,1,0
BRF:17
BRH:11
end_of_record
TN:
SF:src\middleware\authMiddleware.js
FN:6,(anonymous_0)
FNF:1
FNH:1
FNDA:7,(anonymous_0)
DA:1,2
DA:2,2
DA:3,2
DA:4,2
DA:6,2
DA:7,7
DA:9,7
DA:11,7
DA:12,3
DA:16,4
DA:19,4
DA:23,4
DA:24,0
DA:27,4
DA:28,0
DA:32,4
DA:33,4
DA:34,4
DA:36,4
DA:39,3
DA:40,3
DA:44,2
LF:22
LH:20
BRDA:11,0,0,3
BRDA:11,0,1,4
BRDA:23,1,0,0
BRDA:23,1,1,4
BRDA:27,2,0,0
BRDA:27,2,1,4
BRF:6
BRH:4
end_of_record
TN:
SF:src\middleware\errorHandler.js
FN:4,(anonymous_0)
FN:21,(anonymous_1)
FNF:2
FNH:1
FNDA:92,(anonymous_0)
FNDA:0,(anonymous_1)
DA:1,15
DA:2,15
DA:4,15
DA:5,92
DA:7,92
DA:8,92
DA:10,92
DA:20,92
DA:21,0
DA:22,0
DA:23,0
DA:27,92
DA:28,0
DA:29,0
DA:30,0
DA:34,92
DA:35,0
DA:36,0
DA:40,92
DA:41,0
DA:42,0
DA:45,92
DA:46,0
DA:47,0
DA:51,92
DA:59,92
DA:62,0
DA:63,0
DA:72,15
LF:29
LH:15
BRDA:7,0,0,92
BRDA:7,0,1,0
BRDA:8,1,0,92
BRDA:8,1,1,0
BRDA:20,2,0,0
BRDA:20,2,1,92
BRDA:20,3,0,92
BRDA:20,3,1,37
BRDA:27,4,0,0
BRDA:27,4,1,92
BRDA:28,5,0,0
BRDA:28,5,1,0
BRDA:30,6,0,0
BRDA:30,6,1,0
BRDA:34,7,0,0
BRDA:34,7,1,92
BRDA:40,8,0,0
BRDA:40,8,1,92
BRDA:45,9,0,0
BRDA:45,9,1,92
BRDA:56,10,0,92
BRDA:56,10,1,0
BRF:22
BRH:10
end_of_record
TN:
SF:src\middleware\languageMiddleware.js
FN:4,(anonymous_0)
FN:29,(anonymous_1)
FN:39,(anonymous_2)
FNF:3
FNH:2
FNDA:188,(anonymous_0)
FNDA:7,(anonymous_1)
FNDA:0,(anonymous_2)
DA:1,15
DA:2,15
DA:4,15
DA:5,188
DA:13,188
DA:14,188
DA:15,188
DA:16,188
DA:18,188
DA:21,188
DA:22,0
DA:23,0
DA:25,188
DA:29,188
DA:32,188
DA:34,188
DA:36,0
DA:38,0
DA:39,0
DA:40,0
DA:44,15
LF:21
LH:15
BRDA:13,0,0,188
BRDA:13,0,1,188
BRDA:18,1,0,188
BRDA:18,1,1,188
BRDA:18,1,2,188
BRDA:18,1,3,188
BRDA:18,1,4,188
BRDA:21,2,0,0
BRDA:21,2,1,188
BRDA:29,3,0,0
BRDA:39,4,0,0
BRF:11
BRH:8
end_of_record
TN:
SF:src\middleware\morganLogger.js
FN:5,(anonymous_0)
FNF:1
FNH:1
FNDA:188,(anonymous_0)
DA:1,15
DA:2,15
DA:4,15
DA:5,188
DA:8,15
DA:13,15
LF:6
LH:6
BRF:0
BRH:0
end_of_record
TN:
SF:src\middleware\roleMiddleware.js
FN:3,(anonymous_0)
FN:9,(anonymous_1)
FNF:2
FNH:2
FNDA:690,(anonymous_0)
FNDA:94,(anonymous_1)
DA:1,15
DA:3,15
DA:5,690
DA:6,0
DA:9,690
DA:10,94
DA:12,94
DA:13,0
DA:17,94
DA:18,7
DA:25,7
DA:28,87
DA:31,0
DA:36,15
LF:14
LH:11
BRDA:5,0,0,0
BRDA:5,0,1,690
BRDA:5,1,0,690
BRDA:5,1,1,690
BRDA:5,1,2,690
BRDA:12,2,0,0
BRDA:12,2,1,94
BRDA:17,3,0,7
BRDA:17,3,1,87
BRDA:18,4,0,7
BRDA:18,4,1,0
BRF:11
BRH:8
end_of_record
TN:
SF:src\models\Announcement.js
FN:107,(anonymous_0)
FNF:1
FNH:0
FNDA:0,(anonymous_0)
DA:1,14
DA:3,14
DA:103,14
DA:104,14
DA:105,14
DA:107,14
DA:108,0
DA:109,0
DA:112,14
LF:9
LH:7
BRF:0
BRH:0
end_of_record
TN:
SF:src\models\Apartment.js
FN:81,(anonymous_0)
FNF:1
FNH:0
FNDA:0,(anonymous_0)
DA:1,11
DA:3,11
DA:77,11
DA:78,11
DA:79,11
DA:81,11
DA:82,0
DA:83,0
DA:86,11
LF:9
LH:7
BRF:0
BRH:0
end_of_record
TN:
SF:src\models\Budget.js
FN:117,(anonymous_0)
FN:123,(anonymous_1)
FN:131,(anonymous_2)
FN:137,(anonymous_3)
FNF:4
FNH:0
FNDA:0,(anonymous_0)
FNDA:0,(anonymous_1)
FNDA:0,(anonymous_2)
FNDA:0,(anonymous_3)
DA:1,13
DA:2,13
DA:4,13
DA:111,13
DA:112,13
DA:113,13
DA:114,13
DA:117,13
DA:118,0
DA:119,0
DA:123,13
DA:124,0
DA:125,0
DA:127,0
DA:131,13
DA:132,0
DA:133,0
DA:134,0
DA:137,13
DA:138,0
DA:141,13
LF:21
LH:12
BRDA:124,0,0,0
BRDA:124,0,1,0
BRF:2
BRH:0
end_of_record
TN:
SF:src\models\Building.js
FN:72,(anonymous_0)
FNF:1
FNH:0
FNDA:0,(anonymous_0)
DA:1,12
DA:3,12
DA:69,12
DA:70,12
DA:72,12
DA:73,0
DA:74,0
DA:77,12
LF:8
LH:6
BRF:0
BRH:0
end_of_record
TN:
SF:src\models\Charge.js
FN:103,(anonymous_0)
FNF:1
FNH:0
FNDA:0,(anonymous_0)
DA:1,12
DA:3,12
DA:98,12
DA:99,12
DA:100,12
DA:101,12
DA:103,12
DA:104,0
DA:107,0
DA:108,0
DA:109,0
DA:110,0
DA:113,0
DA:116,12
LF:14
LH:8
BRDA:107,0,0,0
BRDA:107,0,1,0
BRF:2
BRH:0
end_of_record
TN:
SF:src\models\Complaint.js
FN:156,(anonymous_0)
FNF:1
FNH:0
FNDA:0,(anonymous_0)
DA:1,13
DA:3,13
DA:151,13
DA:152,13
DA:153,13
DA:154,13
DA:156,13
DA:157,0
DA:158,0
DA:161,13
LF:10
LH:8
BRF:0
BRH:0
end_of_record
TN:
SF:src\models\FinancialReport.js
FN:188,(anonymous_0)
FNF:1
FNH:0
FNDA:0,(anonymous_0)
DA:1,14
DA:3,14
DA:184,14
DA:185,14
DA:186,14
DA:188,14
DA:189,0
DA:192,0
DA:194,0
DA:195,0
DA:196,0
DA:199,0
DA:202,14
LF:13
LH:7
BRDA:194,0,0,0
BRDA:194,0,1,0
BRF:2
BRH:0
end_of_record
TN:
SF:src\models\Notification.js
FN:162,(anonymous_0)
FNF:1
FNH:0
FNDA:0,(anonymous_0)
DA:1,14
DA:3,14
DA:156,14
DA:157,14
DA:158,14
DA:159,14
DA:160,14
DA:162,14
DA:163,0
DA:164,0
DA:167,14
LF:11
LH:9
BRF:0
BRH:0
end_of_record
TN:
SF:src\models\Payment.js
FN:124,(anonymous_0)
FNF:1
FNH:0
FNDA:0,(anonymous_0)
DA:1,13
DA:3,13
DA:119,13
DA:120,13
DA:121,13
DA:122,13
DA:124,13
DA:125,0
DA:126,0
DA:129,13
LF:10
LH:8
BRF:0
BRH:0
end_of_record
TN:
SF:src\models\Task.js
FN:161,(anonymous_0)
FNF:1
FNH:0
FNDA:0,(anonymous_0)
DA:1,14
DA:2,14
DA:4,14
DA:156,14
DA:157,14
DA:158,14
DA:159,14
DA:161,14
DA:162,0
DA:163,0
DA:166,14
LF:11
LH:9
BRF:0
BRH:0
end_of_record
TN:
SF:src\models\TaskPhoto.js
FN:137,(anonymous_0)
FN:157,(anonymous_1)
FNF:2
FNH:0
FNDA:0,(anonymous_0)
FNDA:0,(anonymous_1)
DA:1,14
DA:3,14
DA:137,0
DA:152,14
DA:153,14
DA:154,14
DA:155,14
DA:157,14
DA:158,0
DA:159,0
DA:162,14
LF:11
LH:8
BRF:0
BRH:0
end_of_record
TN:
SF:src\models\TransactionAuditLog.js
FNF:0
FNH:0
DA:1,0
DA:3,0
DA:109,0
DA:110,0
DA:111,0
DA:112,0
DA:113,0
DA:115,0
LF:8
LH:0
BRF:0
BRH:0
end_of_record
TN:
SF:src\models\User.js
FN:126,(anonymous_0)
FN:144,(anonymous_1)
FN:152,(anonymous_2)
FN:161,(anonymous_3)
FN:169,(anonymous_4)
FNF:5
FNH:0
FNDA:0,(anonymous_0)
FNDA:0,(anonymous_1)
FNDA:0,(anonymous_2)
FNDA:0,(anonymous_3)
FNDA:0,(anonymous_4)
DA:1,12
DA:2,12
DA:3,12
DA:4,12
DA:7,12
DA:119,12
DA:120,12
DA:121,12
DA:122,12
DA:123,12
DA:126,12
DA:127,0
DA:128,0
DA:129,0
DA:132,0
DA:133,0
DA:135,0
DA:136,0
DA:139,0
DA:140,0
DA:144,12
DA:145,0
DA:146,0
DA:148,0
DA:152,12
DA:153,0
DA:154,0
DA:156,0
DA:157,0
DA:161,12
DA:162,0
DA:163,0
DA:164,0
DA:165,0
DA:166,0
DA:169,12
DA:170,0
DA:174,12
LF:38
LH:16
BRDA:128,0,0,0
BRDA:128,0,1,0
BRDA:145,1,0,0
BRDA:145,1,1,0
BRF:4
BRH:0
end_of_record
TN:
SF:src\models\Vote.js
FN:121,(anonymous_0)
FNF:1
FNH:0
FNDA:0,(anonymous_0)
DA:1,14
DA:3,14
DA:117,14
DA:118,14
DA:119,14
DA:121,14
DA:122,0
DA:124,0
DA:125,0
DA:126,0
DA:129,0
DA:132,14
LF:12
LH:7
BRDA:124,0,0,0
BRDA:124,0,1,0
BRDA:124,1,0,0
BRDA:124,1,1,0
BRF:4
BRH:0
end_of_record
TN:
SF:src\models\VoteOption.js
FN:71,(anonymous_0)
FNF:1
FNH:0
FNDA:0,(anonymous_0)
DA:1,14
DA:3,14
DA:68,14
DA:69,14
DA:71,14
DA:72,0
DA:73,0
DA:76,14
LF:8
LH:6
BRF:0
BRH:0
end_of_record
TN:
SF:src\routes\announcements.js
FN:10,(anonymous_0)
FN:29,(anonymous_1)
FN:52,(anonymous_2)
FN:67,(anonymous_3)
FN:86,(anonymous_4)
FN:101,(anonymous_5)
FN:113,(anonymous_6)
FN:132,(anonymous_7)
FNF:8
FNH:8
FNDA:1,(anonymous_0)
FNDA:2,(anonymous_1)
FNDA:2,(anonymous_2)
FNDA:2,(anonymous_3)
FNDA:2,(anonymous_4)
FNDA:2,(anonymous_5)
FNDA:2,(anonymous_6)
FNDA:2,(anonymous_7)
DA:1,15
DA:2,15
DA:4,15
DA:5,15
DA:6,15
DA:7,15
DA:10,15
DA:11,1
DA:12,1
DA:13,1
DA:14,1
DA:16,1
DA:21,1
DA:22,1
DA:24,0
DA:29,15
DA:30,2
DA:31,2
DA:32,2
DA:34,1
DA:43,1
DA:45,1
DA:47,1
DA:52,15
DA:53,2
DA:54,2
DA:59,2
DA:60,1
DA:62,1
DA:67,15
DA:68,2
DA:69,2
DA:70,2
DA:72,1
DA:78,1
DA:79,1
DA:81,1
DA:86,15
DA:87,2
DA:88,2
DA:93,2
DA:94,1
DA:96,1
DA:101,15
DA:102,2
DA:103,2
DA:105,2
DA:106,1
DA:108,1
DA:113,15
DA:114,2
DA:115,2
DA:116,2
DA:117,2
DA:118,2
DA:119,2
DA:120,2
DA:121,2
DA:123,2
DA:124,2
DA:125,1
DA:127,1
DA:132,15
DA:133,2
DA:134,2
DA:135,2
DA:136,1
DA:138,1
DA:142,15
LF:69
LH:68
BRDA:12,0,0,1
BRDA:12,1,0,1
BRDA:14,2,0,0
BRDA:14,2,1,1
BRDA:32,3,0,1
BRDA:32,3,1,1
BRDA:32,4,0,2
BRDA:32,4,1,2
BRDA:32,4,2,1
BRDA:37,5,0,1
BRDA:37,5,1,1
BRDA:38,6,0,1
BRDA:38,6,1,1
BRDA:59,7,0,1
BRDA:59,7,1,1
BRDA:70,8,0,1
BRDA:70,8,1,1
BRDA:78,9,0,0
BRDA:78,9,1,1
BRDA:93,10,0,1
BRDA:93,10,1,1
BRDA:94,11,0,1
BRDA:94,11,1,1
BRDA:105,12,0,1
BRDA:105,12,1,1
BRDA:117,13,0,2
BRDA:117,13,1,0
BRDA:118,14,0,0
BRDA:118,14,1,2
BRDA:119,15,0,0
BRDA:119,15,1,2
BRDA:120,16,0,0
BRDA:120,16,1,2
BRDA:121,17,0,0
BRDA:121,17,1,2
BRDA:124,18,0,1
BRDA:124,18,1,1
BRDA:135,19,0,1
BRDA:135,19,1,1
BRF:39
BRH:32
end_of_record
TN:
SF:src\routes\apartments.js
FN:10,(anonymous_0)
FN:30,(anonymous_1)
FN:55,(anonymous_2)
FN:74,(anonymous_3)
FN:89,(anonymous_4)
FN:102,(anonymous_5)
FN:117,(anonymous_6)
FNF:7
FNH:7
FNDA:1,(anonymous_0)
FNDA:2,(anonymous_1)
FNDA:2,(anonymous_2)
FNDA:1,(anonymous_3)
FNDA:2,(anonymous_4)
FNDA:2,(anonymous_5)
FNDA:2,(anonymous_6)
DA:1,15
DA:2,15
DA:4,15
DA:5,15
DA:6,15
DA:7,15
DA:10,15
DA:11,1
DA:12,1
DA:13,1
DA:14,1
DA:16,1
DA:22,1
DA:23,1
DA:25,0
DA:30,15
DA:31,2
DA:32,2
DA:33,2
DA:35,1
DA:46,1
DA:48,1
DA:50,1
DA:55,15
DA:56,2
DA:57,2
DA:58,2
DA:60,1
DA:66,1
DA:67,1
DA:69,1
DA:74,15
DA:75,1
DA:76,1
DA:81,1
DA:82,1
DA:84,0
DA:89,15
DA:90,2
DA:91,2
DA:94,2
DA:95,1
DA:97,1
DA:102,15
DA:103,2
DA:104,2
DA:109,2
DA:110,1
DA:112,1
DA:117,15
DA:118,2
DA:119,2
DA:120,2
DA:121,1
DA:123,1
DA:127,15
LF:56
LH:54
BRDA:12,0,0,1
BRDA:12,1,0,1
BRDA:14,2,0,0
BRDA:14,2,1,1
BRDA:33,3,0,1
BRDA:33,3,1,1
BRDA:33,4,0,2
BRDA:33,4,1,2
BRDA:39,5,0,1
BRDA:39,5,1,1
BRDA:40,6,0,1
BRDA:40,6,1,1
BRDA:41,7,0,1
BRDA:41,7,1,1
BRDA:43,8,0,1
BRDA:43,8,1,1
BRDA:58,9,0,1
BRDA:58,9,1,1
BRDA:66,10,0,0
BRDA:66,10,1,1
BRDA:81,11,0,0
BRDA:81,11,1,1
BRDA:94,12,0,1
BRDA:94,12,1,1
BRDA:109,13,0,1
BRDA:109,13,1,1
BRDA:120,14,0,1
BRDA:120,14,1,1
BRF:28
BRH:25
end_of_record
TN:
SF:src\routes\auth.js
FN:17,(anonymous_0)
FN:25,(anonymous_1)
FN:61,(anonymous_2)
FN:101,(anonymous_3)
FN:119,(anonymous_4)
FN:131,(anonymous_5)
FN:157,(anonymous_6)
FNF:7
FNH:7
FNDA:11,(anonymous_0)
FNDA:6,(anonymous_1)
FNDA:5,(anonymous_2)
FNDA:3,(anonymous_3)
FNDA:1,(anonymous_4)
FNDA:2,(anonymous_5)
FNDA:1,(anonymous_6)
DA:1,15
DA:2,15
DA:3,15
DA:5,15
DA:6,15
DA:7,15
DA:8,15
DA:10,15
DA:13,15
DA:17,11
DA:21,15
DA:25,15
DA:26,6
DA:27,6
DA:29,6
DA:30,6
DA:32,6
DA:33,2
DA:36,4
DA:37,1
DA:40,3
DA:41,1
DA:44,2
DA:45,2
DA:48,1
DA:49,1
DA:51,1
DA:53,1
DA:55,5
DA:61,15
DA:62,5
DA:63,5
DA:64,5
DA:66,5
DA:69,3
DA:70,0
DA:73,3
DA:74,3
DA:75,1
DA:76,1
DA:79,2
DA:80,2
DA:81,1
DA:82,1
DA:85,1
DA:87,1
DA:88,1
DA:89,1
DA:91,1
DA:93,1
DA:95,4
DA:101,15
DA:102,3
DA:103,3
DA:104,3
DA:106,2
DA:107,1
DA:108,1
DA:110,1
DA:111,1
DA:113,2
DA:119,15
DA:120,1
DA:121,1
DA:122,1
DA:123,1
DA:125,0
DA:131,15
DA:132,2
DA:133,2
DA:135,2
DA:136,1
DA:138,1
DA:139,1
DA:141,1
DA:142,1
DA:143,1
DA:146,0
DA:147,0
DA:149,0
DA:151,2
DA:157,15
DA:158,1
DA:159,1
DA:161,0
DA:165,15
LF:86
LH:80
BRDA:32,0,0,2
BRDA:32,0,1,4
BRDA:32,1,0,6
BRDA:32,1,1,4
BRDA:32,1,2,4
BRDA:32,1,3,4
BRDA:32,1,4,4
BRDA:36,2,0,1
BRDA:36,2,1,3
BRDA:40,3,0,1
BRDA:40,3,1,2
BRDA:45,4,0,1
BRDA:45,4,1,1
BRDA:66,5,0,2
BRDA:66,5,1,3
BRDA:66,6,0,5
BRDA:66,6,1,3
BRDA:69,7,0,0
BRDA:69,7,1,3
BRDA:69,8,0,3
BRDA:69,8,1,2
BRDA:74,9,0,1
BRDA:74,9,1,2
BRDA:75,10,0,1
BRDA:75,10,1,1
BRDA:80,11,0,1
BRDA:80,11,1,1
BRDA:81,12,0,1
BRDA:81,12,1,1
BRDA:85,13,0,0
BRDA:85,13,1,1
BRDA:104,14,0,1
BRDA:104,14,1,2
BRDA:108,15,0,0
BRDA:108,15,1,1
BRDA:122,16,0,0
BRDA:122,16,1,1
BRDA:135,17,0,1
BRDA:135,17,1,1
BRDA:135,18,0,2
BRDA:135,18,1,1
BRDA:135,18,2,1
BRDA:138,19,0,0
BRDA:138,19,1,1
BRDA:139,20,0,0
BRDA:139,20,1,1
BRDA:143,21,0,1
BRDA:143,21,1,0
BRF:48
BRH:41
end_of_record
TN:
SF:src\routes\budgets.js
FN:11,(anonymous_0)
FN:33,(anonymous_1)
FN:61,(anonymous_2)
FN:78,(anonymous_3)
FN:88,(anonymous_4)
FN:104,(anonymous_5)
FN:118,(anonymous_6)
FN:138,(anonymous_7)
FN:154,(anonymous_8)
FNF:9
FNH:9
FNDA:1,(anonymous_0)
FNDA:3,(anonymous_1)
FNDA:2,(anonymous_2)
FNDA:2,(anonymous_3)
FNDA:1,(anonymous_4)
FNDA:2,(anonymous_5)
FNDA:2,(anonymous_6)
FNDA:2,(anonymous_7)
FNDA:2,(anonymous_8)
DA:1,15
DA:2,15
DA:4,15
DA:5,15
DA:6,15
DA:7,15
DA:8,15
DA:11,15
DA:12,1
DA:13,1
DA:14,1
DA:15,1
DA:16,1
DA:17,1
DA:18,1
DA:20,1
DA:26,1
DA:28,0
DA:33,15
DA:34,3
DA:35,3
DA:36,3
DA:37,1
DA:40,2
DA:41,2
DA:43,1
DA:50,1
DA:51,1
DA:52,1
DA:54,1
DA:56,2
DA:61,15
DA:62,2
DA:63,2
DA:64,2
DA:66,1
DA:71,1
DA:73,1
DA:78,15
DA:79,2
DA:80,2
DA:81,2
DA:83,1
DA:85,1
DA:86,1
DA:88,1
DA:89,1
DA:90,1
DA:91,1
DA:92,1
DA:93,1
DA:94,1
DA:97,1
DA:99,1
DA:104,15
DA:105,2
DA:106,2
DA:110,2
DA:111,1
DA:113,1
DA:118,15
DA:119,2
DA:120,2
DA:121,2
DA:122,1
DA:123,1
DA:125,1
DA:126,1
DA:127,1
DA:128,1
DA:129,1
DA:131,1
DA:133,1
DA:138,15
DA:139,2
DA:140,2
DA:141,2
DA:142,1
DA:144,1
DA:145,1
DA:147,1
DA:149,1
DA:154,15
DA:155,2
DA:156,2
DA:157,2
DA:158,1
DA:160,1
DA:161,1
DA:162,1
DA:163,1
DA:164,1
DA:166,1
DA:168,1
DA:172,15
LF:95
LH:94
BRDA:15,0,0,0
BRDA:15,0,1,1
BRDA:16,1,0,0
BRDA:16,1,1,1
BRDA:17,2,0,0
BRDA:17,2,1,1
BRDA:18,3,0,0
BRDA:18,3,1,1
BRDA:36,4,0,1
BRDA:36,4,1,2
BRDA:36,5,0,3
BRDA:36,5,1,2
BRDA:36,5,2,2
BRDA:36,5,3,2
BRDA:36,5,4,2
BRDA:41,6,0,1
BRDA:41,6,1,1
BRDA:45,7,0,1
BRDA:45,7,1,0
BRDA:64,8,0,1
BRDA:64,8,1,1
BRDA:64,9,0,2
BRDA:64,9,1,2
BRDA:64,9,2,1
BRDA:81,10,0,1
BRDA:81,10,1,1
BRDA:81,11,0,2
BRDA:81,11,1,2
BRDA:91,12,0,1
BRDA:91,12,1,0
BRDA:110,13,0,1
BRDA:110,13,1,1
BRDA:121,14,0,1
BRDA:121,14,1,1
BRDA:122,15,0,0
BRDA:122,15,1,1
BRDA:123,16,0,0
BRDA:123,16,1,1
BRDA:126,17,0,1
BRDA:126,17,1,0
BRDA:127,18,0,0
BRDA:127,18,1,1
BRDA:128,19,0,0
BRDA:128,19,1,1
BRDA:141,20,0,1
BRDA:141,20,1,1
BRDA:142,21,0,0
BRDA:142,21,1,1
BRDA:157,22,0,1
BRDA:157,22,1,1
BRDA:158,23,0,0
BRDA:158,23,1,1
BRF:52
BRH:39
end_of_record
TN:
SF:src\routes\buildings.js
FN:13,(anonymous_0)
FN:30,(anonymous_1)
FN:53,(anonymous_2)
FN:82,(anonymous_3)
FN:117,(anonymous_4)
FN:144,(anonymous_5)
FN:157,(anonymous_6)
FN:161,(anonymous_7)
FN:173,(anonymous_8)
FNF:9
FNH:9
FNDA:2,(anonymous_0)
FNDA:1,(anonymous_1)
FNDA:3,(anonymous_2)
FNDA:2,(anonymous_3)
FNDA:2,(anonymous_4)
FNDA:2,(anonymous_5)
FNDA:2,(anonymous_6)
FNDA:16,(anonymous_7)
FNDA:3,(anonymous_8)
DA:1,15
DA:2,15
DA:4,15
DA:5,15
DA:6,15
DA:7,15
DA:8,15
DA:9,15
DA:10,15
DA:13,15
DA:14,2
DA:15,2
DA:16,2
DA:18,1
DA:21,1
DA:23,1
DA:25,1
DA:30,15
DA:31,1
DA:32,1
DA:33,1
DA:34,1
DA:35,1
DA:37,1
DA:46,1
DA:48,0
DA:53,15
DA:54,3
DA:55,3
DA:56,3
DA:57,1
DA:60,2
DA:61,2
DA:63,1
DA:70,1
DA:73,1
DA:75,1
DA:77,2
DA:82,15
DA:83,2
DA:84,2
DA:85,2
DA:86,2
DA:88,1
DA:98,1
DA:100,1
DA:112,1
DA:117,15
DA:118,2
DA:119,2
DA:120,2
DA:122,1
DA:127,1
DA:128,1
DA:129,1
DA:131,1
DA:137,1
DA:139,1
DA:144,15
DA:145,2
DA:146,2
DA:149,2
DA:150,1
DA:152,1
DA:157,15
DA:158,2
DA:159,2
DA:160,2
DA:161,16
DA:163,2
DA:165,2
DA:166,1
DA:168,1
DA:173,15
DA:174,3
DA:175,3
DA:176,3
DA:178,2
DA:179,2
DA:181,1
DA:182,1
DA:184,2
DA:188,15
LF:83
LH:82
BRDA:16,0,0,1
BRDA:16,0,1,1
BRDA:21,1,0,0
BRDA:21,1,1,1
BRDA:32,2,0,1
BRDA:32,3,0,1
BRDA:34,4,0,0
BRDA:34,4,1,1
BRDA:35,5,0,0
BRDA:35,5,1,1
BRDA:56,6,0,1
BRDA:56,6,1,2
BRDA:56,7,0,3
BRDA:56,7,1,3
BRDA:56,7,2,2
BRDA:56,7,3,2
BRDA:61,8,0,1
BRDA:61,8,1,1
BRDA:65,9,0,1
BRDA:65,9,1,1
BRDA:66,10,0,1
BRDA:66,10,1,1
BRDA:67,11,0,1
BRDA:67,11,1,1
BRDA:84,12,0,2
BRDA:84,12,1,0
BRDA:86,13,0,1
BRDA:86,13,1,1
BRDA:98,14,0,0
BRDA:98,14,1,1
BRDA:120,15,0,1
BRDA:120,15,1,1
BRDA:127,16,0,0
BRDA:127,16,1,1
BRDA:128,17,0,0
BRDA:128,17,1,1
BRDA:129,18,0,0
BRDA:129,18,1,1
BRDA:149,19,0,1
BRDA:149,19,1,1
BRDA:161,20,0,2
BRDA:161,20,1,14
BRDA:165,21,0,1
BRDA:165,21,1,1
BRDA:176,22,0,1
BRDA:176,22,1,2
BRDA:179,23,0,1
BRDA:179,23,1,1
BRF:48
BRH:40
end_of_record
TN:
SF:src\routes\charges.js
FN:10,(anonymous_0)
FN:30,(anonymous_1)
FN:56,(anonymous_2)
FN:71,(anonymous_3)
FN:81,(anonymous_4)
FN:92,(anonymous_5)
FN:107,(anonymous_6)
FNF:7
FNH:7
FNDA:1,(anonymous_0)
FNDA:2,(anonymous_1)
FNDA:1,(anonymous_2)
FNDA:1,(anonymous_3)
FNDA:2,(anonymous_4)
FNDA:2,(anonymous_5)
FNDA:2,(anonymous_6)
DA:1,15
DA:2,15
DA:4,15
DA:5,15
DA:6,15
DA:7,15
DA:10,15
DA:11,1
DA:12,1
DA:13,1
DA:14,1
DA:15,1
DA:17,1
DA:22,1
DA:23,1
DA:25,0
DA:30,15
DA:31,2
DA:32,2
DA:33,2
DA:34,1
DA:37,1
DA:47,1
DA:49,1
DA:51,1
DA:56,15
DA:57,1
DA:58,1
DA:64,1
DA:66,0
DA:71,15
DA:72,1
DA:73,1
DA:74,1
DA:76,0
DA:81,15
DA:82,2
DA:83,2
DA:84,2
DA:85,1
DA:87,1
DA:92,15
DA:93,2
DA:94,2
DA:95,2
DA:96,2
DA:98,2
DA:99,2
DA:100,1
DA:102,1
DA:107,15
DA:108,2
DA:109,2
DA:110,2
DA:111,1
DA:113,1
DA:117,15
LF:57
LH:54
BRDA:12,0,0,1
BRDA:12,1,0,1
BRDA:14,2,0,0
BRDA:14,2,1,1
BRDA:15,3,0,0
BRDA:15,3,1,1
BRDA:33,4,0,1
BRDA:33,4,1,1
BRDA:33,5,0,2
BRDA:33,5,1,1
BRDA:33,5,2,1
BRDA:33,5,3,1
BRDA:84,6,0,1
BRDA:84,6,1,1
BRDA:99,7,0,1
BRDA:99,7,1,1
BRDA:110,8,0,1
BRDA:110,8,1,1
BRF:18
BRH:16
end_of_record
TN:
SF:src\routes\complaints.js
FN:10,(anonymous_0)
FN:30,(anonymous_1)
FN:53,(anonymous_2)
FN:65,(anonymous_3)
FN:86,(anonymous_4)
FN:105,(anonymous_5)
FN:123,(anonymous_6)
FNF:7
FNH:5
FNDA:1,(anonymous_0)
FNDA:2,(anonymous_1)
FNDA:0,(anonymous_2)
FNDA:3,(anonymous_3)
FNDA:3,(anonymous_4)
FNDA:0,(anonymous_5)
FNDA:2,(anonymous_6)
DA:1,15
DA:2,15
DA:4,15
DA:5,15
DA:6,15
DA:7,15
DA:10,15
DA:11,1
DA:12,1
DA:13,1
DA:14,1
DA:16,1
DA:22,1
DA:23,1
DA:25,0
DA:30,15
DA:31,2
DA:32,2
DA:33,2
DA:35,1
DA:44,1
DA:46,1
DA:48,1
DA:53,15
DA:54,0
DA:55,0
DA:58,0
DA:60,0
DA:65,15
DA:66,3
DA:67,3
DA:68,3
DA:70,2
DA:78,2
DA:79,1
DA:81,2
DA:86,15
DA:87,3
DA:88,3
DA:89,3
DA:91,2
DA:97,2
DA:98,1
DA:100,2
DA:105,15
DA:106,0
DA:107,0
DA:108,0
DA:110,0
DA:115,0
DA:116,0
DA:118,0
DA:123,15
DA:124,2
DA:125,2
DA:127,2
DA:128,1
DA:130,1
DA:134,15
LF:59
LH:47
BRDA:12,0,0,1
BRDA:12,1,0,1
BRDA:14,2,0,0
BRDA:14,2,1,1
BRDA:33,3,0,1
BRDA:33,3,1,1
BRDA:33,4,0,2
BRDA:33,4,1,2
BRDA:33,4,2,1
BRDA:40,5,0,1
BRDA:40,5,1,1
BRDA:68,6,0,1
BRDA:68,6,1,2
BRDA:78,7,0,1
BRDA:78,7,1,1
BRDA:89,8,0,1
BRDA:89,8,1,2
BRDA:97,9,0,1
BRDA:97,9,1,1
BRDA:108,10,0,0
BRDA:108,10,1,0
BRDA:108,11,0,0
BRDA:108,11,1,0
BRDA:108,11,2,0
BRDA:115,12,0,0
BRDA:115,12,1,0
BRDA:127,13,0,1
BRDA:127,13,1,1
BRF:28
BRH:20
end_of_record
TN:
SF:src\routes\notifications.js
FN:8,(anonymous_0)
FN:19,(anonymous_1)
FN:29,(anonymous_2)
FN:39,(anonymous_3)
FN:49,(anonymous_4)
FNF:5
FNH:5
FNDA:1,(anonymous_0)
FNDA:1,(anonymous_1)
FNDA:1,(anonymous_2)
FNDA:1,(anonymous_3)
FNDA:1,(anonymous_4)
DA:1,15
DA:2,15
DA:4,15
DA:5,15
DA:8,15
DA:9,1
DA:10,1
DA:11,1
DA:12,1
DA:14,0
DA:19,15
DA:20,1
DA:21,1
DA:22,1
DA:24,0
DA:29,15
DA:30,1
DA:31,1
DA:32,1
DA:34,0
DA:39,15
DA:40,1
DA:41,1
DA:42,1
DA:44,0
DA:49,15
DA:50,1
DA:51,1
DA:52,1
DA:54,0
DA:58,15
LF:31
LH:26
BRDA:10,0,0,1
BRDA:11,1,0,1
BRDA:11,1,1,1
BRF:3
BRH:3
end_of_record
TN:
SF:src\routes\payments.js
FN:11,(anonymous_0)
FN:32,(anonymous_1)
FN:59,(anonymous_2)
FN:71,(anonymous_3)
FN:86,(anonymous_4)
FN:106,(anonymous_5)
FN:122,(anonymous_6)
FNF:7
FNH:5
FNDA:1,(anonymous_0)
FNDA:0,(anonymous_1)
FNDA:0,(anonymous_2)
FNDA:1,(anonymous_3)
FNDA:2,(anonymous_4)
FNDA:2,(anonymous_5)
FNDA:2,(anonymous_6)
DA:1,15
DA:2,15
DA:4,15
DA:5,15
DA:6,15
DA:7,15
DA:8,15
DA:11,15
DA:12,1
DA:13,1
DA:14,1
DA:15,1
DA:17,1
DA:24,1
DA:25,1
DA:27,0
DA:32,15
DA:33,0
DA:34,0
DA:35,0
DA:37,0
DA:38,0
DA:40,0
DA:50,0
DA:52,0
DA:54,0
DA:59,15
DA:60,0
DA:61,0
DA:64,0
DA:66,0
DA:71,15
DA:72,1
DA:73,1
DA:74,1
DA:79,1
DA:81,0
DA:86,15
DA:87,2
DA:88,2
DA:89,2
DA:94,2
DA:97,1
DA:99,1
DA:101,1
DA:106,15
DA:107,2
DA:108,2
DA:109,2
DA:114,2
DA:115,1
DA:117,1
DA:122,15
DA:123,2
DA:124,2
DA:126,2
DA:127,1
DA:129,1
DA:133,15
LF:59
LH:44
BRDA:13,0,0,1
BRDA:13,1,0,1
BRDA:15,2,0,0
BRDA:15,2,1,1
BRDA:35,3,0,0
BRDA:35,3,1,0
BRDA:35,4,0,0
BRDA:35,4,1,0
BRDA:38,5,0,0
BRDA:38,5,1,0
BRDA:94,6,0,1
BRDA:94,6,1,1
BRDA:114,7,0,1
BRDA:114,7,1,1
BRDA:126,8,0,1
BRDA:126,8,1,1
BRF:16
BRH:9
end_of_record
TN:
SF:src\routes\photos.js
FN:10,(anonymous_0)
FN:23,(anonymous_1)
FN:33,(anonymous_2)
FN:43,(anonymous_3)
FN:53,(anonymous_4)
FN:63,(anonymous_5)
FN:73,(anonymous_6)
FN:83,(anonymous_7)
FN:95,(anonymous_8)
FNF:9
FNH:8
FNDA:0,(anonymous_0)
FNDA:1,(anonymous_1)
FNDA:1,(anonymous_2)
FNDA:1,(anonymous_3)
FNDA:1,(anonymous_4)
FNDA:1,(anonymous_5)
FNDA:1,(anonymous_6)
FNDA:2,(anonymous_7)
FNDA:1,(anonymous_8)
DA:1,15
DA:2,15
DA:4,15
DA:5,15
DA:6,15
DA:7,15
DA:10,15
DA:11,0
DA:12,0
DA:13,0
DA:15,0
DA:16,0
DA:18,0
DA:23,15
DA:24,1
DA:25,1
DA:26,1
DA:28,0
DA:33,15
DA:34,1
DA:35,1
DA:36,1
DA:38,0
DA:43,15
DA:44,1
DA:45,1
DA:46,1
DA:48,0
DA:53,15
DA:54,1
DA:55,1
DA:56,1
DA:58,0
DA:63,15
DA:64,1
DA:65,1
DA:66,1
DA:68,0
DA:73,15
DA:74,1
DA:75,1
DA:76,1
DA:78,0
DA:83,15
DA:84,2
DA:85,2
DA:86,2
DA:87,1
DA:88,1
DA:90,1
DA:95,15
DA:96,1
DA:97,1
DA:98,1
DA:100,0
DA:104,15
LF:56
LH:43
BRDA:13,0,0,0
BRDA:13,0,1,0
BRDA:13,1,0,0
BRDA:13,1,1,0
BRDA:86,2,0,1
BRDA:86,2,1,1
BRF:6
BRH:2
end_of_record
TN:
SF:src\routes\reports.js
FN:17,(anonymous_0)
FN:33,(anonymous_1)
FN:47,(anonymous_2)
FN:57,(anonymous_3)
FN:68,(anonymous_4)
FN:72,(anonymous_5)
FN:76,(anonymous_6)
FN:77,(anonymous_7)
FN:78,(anonymous_8)
FN:84,(anonymous_9)
FN:104,(anonymous_10)
FN:114,(anonymous_11)
FN:123,(anonymous_12)
FN:146,(anonymous_13)
FN:149,(anonymous_14)
FN:167,(anonymous_15)
FN:199,(anonymous_16)
FNF:17
FNH:11
FNDA:1,(anonymous_0)
FNDA:0,(anonymous_1)
FNDA:0,(anonymous_2)
FNDA:2,(anonymous_3)
FNDA:1,(anonymous_4)
FNDA:1,(anonymous_5)
FNDA:0,(anonymous_6)
FNDA:0,(anonymous_7)
FNDA:0,(anonymous_8)
FNDA:1,(anonymous_9)
FNDA:2,(anonymous_10)
FNDA:1,(anonymous_11)
FNDA:2,(anonymous_12)
FNDA:1,(anonymous_13)
FNDA:0,(anonymous_14)
FNDA:2,(anonymous_15)
FNDA:2,(anonymous_16)
DA:1,15
DA:2,15
DA:4,15
DA:5,15
DA:6,15
DA:7,15
DA:8,15
DA:9,15
DA:10,15
DA:11,15
DA:14,15
DA:17,15
DA:18,1
DA:19,1
DA:20,1
DA:21,1
DA:22,1
DA:24,1
DA:25,1
DA:26,1
DA:29,1
DA:30,1
DA:31,0
DA:33,1
DA:34,0
DA:37,1
DA:47,0
DA:52,0
DA:57,15
DA:58,2
DA:59,2
DA:60,2
DA:62,1
DA:63,1
DA:64,1
DA:67,1
DA:68,1
DA:71,1
DA:72,1
DA:75,1
DA:76,1
DA:77,1
DA:78,1
DA:81,1
DA:82,1
DA:83,1
DA:84,1
DA:86,1
DA:95,1
DA:97,1
DA:99,1
DA:104,15
DA:105,2
DA:106,2
DA:107,2
DA:109,1
DA:110,1
DA:112,1
DA:113,1
DA:114,1
DA:116,1
DA:118,1
DA:123,15
DA:124,2
DA:125,2
DA:126,2
DA:128,1
DA:129,1
DA:130,12
DA:131,12
DA:132,12
DA:136,12
DA:139,1
DA:141,1
DA:146,15
DA:147,1
DA:148,1
DA:149,1
DA:150,0
DA:151,0
DA:160,1
DA:162,0
DA:167,15
DA:168,2
DA:169,2
DA:170,2
DA:172,1
DA:173,1
DA:174,1
DA:176,1
DA:187,1
DA:188,1
DA:189,1
DA:190,1
DA:192,1
DA:194,1
DA:199,15
DA:200,2
DA:201,2
DA:202,2
DA:204,1
DA:205,1
DA:207,1
DA:212,1
DA:213,1
DA:215,1
DA:219,15
LF:107
LH:100
BRDA:30,0,0,0
BRDA:30,0,1,1
BRDA:34,1,0,0
BRDA:34,1,1,0
BRDA:42,2,0,1
BRDA:42,2,1,1
BRDA:43,3,0,1
BRDA:43,3,1,1
BRDA:44,4,0,1
BRDA:44,4,1,1
BRDA:45,5,0,1
BRDA:45,5,1,1
BRDA:60,6,0,1
BRDA:60,6,1,1
BRDA:60,7,0,2
BRDA:60,7,1,2
BRDA:72,8,0,1
BRDA:72,8,1,0
BRDA:107,9,0,1
BRDA:107,9,1,1
BRDA:107,10,0,2
BRDA:107,10,1,2
BRDA:114,11,0,1
BRDA:114,11,1,0
BRDA:126,12,0,1
BRDA:126,12,1,1
BRDA:136,13,0,12
BRDA:136,13,1,0
BRDA:153,14,0,0
BRDA:153,14,1,0
BRDA:154,15,0,0
BRDA:154,15,1,0
BRDA:170,16,0,1
BRDA:170,16,1,1
BRDA:187,17,0,1
BRDA:187,17,1,0
BRDA:188,18,0,1
BRDA:188,18,1,0
BRDA:190,19,0,1
BRDA:190,19,1,0
BRDA:202,20,0,1
BRDA:202,20,1,1
BRDA:202,21,0,2
BRDA:202,21,1,2
BRDA:212,22,0,1
BRDA:212,22,1,0
BRF:46
BRH:32
end_of_record
TN:
SF:src\routes\tasks.js
FN:10,(anonymous_0)
FN:31,(anonymous_1)
FN:51,(anonymous_2)
FN:64,(anonymous_3)
FN:83,(anonymous_4)
FN:97,(anonymous_5)
FN:112,(anonymous_6)
FN:127,(anonymous_7)
FN:145,(anonymous_8)
FNF:9
FNH:7
FNDA:1,(anonymous_0)
FNDA:2,(anonymous_1)
FNDA:0,(anonymous_2)
FNDA:3,(anonymous_3)
FNDA:3,(anonymous_4)
FNDA:0,(anonymous_5)
FNDA:2,(anonymous_6)
FNDA:3,(anonymous_7)
FNDA:2,(anonymous_8)
DA:1,15
DA:2,15
DA:4,15
DA:5,15
DA:6,15
DA:7,15
DA:10,15
DA:11,1
DA:12,1
DA:13,1
DA:14,1
DA:15,1
DA:17,1
DA:23,1
DA:24,1
DA:26,0
DA:31,15
DA:32,2
DA:33,2
DA:34,2
DA:36,1
DA:42,1
DA:44,1
DA:46,1
DA:51,15
DA:52,0
DA:53,0
DA:57,0
DA:59,0
DA:64,15
DA:65,3
DA:66,3
DA:67,3
DA:69,2
DA:75,2
DA:76,1
DA:78,2
DA:83,15
DA:84,3
DA:85,3
DA:86,3
DA:88,2
DA:89,2
DA:90,1
DA:92,2
DA:97,15
DA:98,0
DA:99,0
DA:104,0
DA:105,0
DA:107,0
DA:112,15
DA:113,2
DA:114,2
DA:119,2
DA:120,1
DA:122,1
DA:127,15
DA:128,3
DA:129,3
DA:130,3
DA:132,2
DA:137,2
DA:138,1
DA:140,2
DA:145,15
DA:146,2
DA:147,2
DA:149,2
DA:150,1
DA:152,1
DA:156,15
LF:72
LH:62
BRDA:12,0,0,1
BRDA:12,1,0,1
BRDA:14,2,0,0
BRDA:14,2,1,1
BRDA:15,3,0,0
BRDA:15,3,1,1
BRDA:34,4,0,1
BRDA:34,4,1,1
BRDA:34,5,0,2
BRDA:34,5,1,2
BRDA:34,5,2,1
BRDA:67,6,0,1
BRDA:67,6,1,2
BRDA:75,7,0,1
BRDA:75,7,1,1
BRDA:86,8,0,1
BRDA:86,8,1,2
BRDA:89,9,0,1
BRDA:89,9,1,1
BRDA:104,10,0,0
BRDA:104,10,1,0
BRDA:119,11,0,1
BRDA:119,11,1,1
BRDA:130,12,0,1
BRDA:130,12,1,2
BRDA:137,13,0,1
BRDA:137,13,1,1
BRDA:149,14,0,1
BRDA:149,14,1,1
BRF:29
BRH:25
end_of_record
TN:
SF:src\routes\users.js
FN:12,(anonymous_0)
FN:30,(anonymous_1)
FN:48,(anonymous_2)
FN:65,(anonymous_3)
FN:82,(anonymous_4)
FN:95,(anonymous_5)
FN:113,(anonymous_6)
FN:131,(anonymous_7)
FN:152,(anonymous_8)
FNF:9
FNH:8
FNDA:1,(anonymous_0)
FNDA:3,(anonymous_1)
FNDA:1,(anonymous_2)
FNDA:1,(anonymous_3)
FNDA:2,(anonymous_4)
FNDA:2,(anonymous_5)
FNDA:2,(anonymous_6)
FNDA:0,(anonymous_7)
FNDA:2,(anonymous_8)
DA:1,15
DA:2,15
DA:4,15
DA:5,15
DA:6,15
DA:7,15
DA:8,15
DA:9,15
DA:12,15
DA:13,1
DA:14,1
DA:15,1
DA:16,1
DA:17,1
DA:19,1
DA:20,1
DA:21,1
DA:23,1
DA:25,0
DA:30,15
DA:31,3
DA:32,3
DA:33,3
DA:35,2
DA:36,2
DA:38,1
DA:39,1
DA:41,1
DA:43,2
DA:48,15
DA:49,1
DA:50,1
DA:51,1
DA:53,1
DA:56,1
DA:58,1
DA:60,0
DA:65,15
DA:66,1
DA:67,1
DA:68,1
DA:75,1
DA:77,0
DA:82,15
DA:83,2
DA:84,2
DA:87,2
DA:88,1
DA:90,1
DA:95,15
DA:96,2
DA:97,2
DA:98,2
DA:99,2
DA:101,1
DA:102,1
DA:103,1
DA:104,1
DA:106,1
DA:108,1
DA:113,15
DA:114,2
DA:115,2
DA:116,2
DA:119,1
DA:120,0
DA:123,1
DA:124,1
DA:126,1
DA:131,15
DA:132,0
DA:133,0
DA:134,0
DA:135,0
DA:137,0
DA:143,0
DA:145,0
DA:147,0
DA:152,15
DA:153,2
DA:154,2
DA:155,2
DA:157,1
DA:162,1
DA:163,1
DA:165,1
DA:166,1
DA:167,1
DA:169,1
DA:170,1
DA:171,1
DA:173,1
DA:175,1
DA:179,15
LF:94
LH:82
BRDA:14,0,0,1
BRDA:14,1,0,1
BRDA:16,2,0,0
BRDA:16,2,1,1
BRDA:17,3,0,0
BRDA:17,3,1,1
BRDA:33,4,0,1
BRDA:33,4,1,2
BRDA:33,5,0,3
BRDA:33,5,1,3
BRDA:33,5,2,2
BRDA:33,5,3,2
BRDA:36,6,0,1
BRDA:36,6,1,1
BRDA:50,7,0,1
BRDA:50,8,0,1
BRDA:87,9,0,1
BRDA:87,9,1,1
BRDA:99,10,0,1
BRDA:99,10,1,1
BRDA:101,11,0,1
BRDA:101,11,1,0
BRDA:102,12,0,0
BRDA:102,12,1,1
BRDA:103,13,0,0
BRDA:103,13,1,1
BRDA:116,14,0,1
BRDA:116,14,1,1
BRDA:119,15,0,0
BRDA:119,15,1,1
BRDA:119,16,0,1
BRDA:119,16,1,0
BRDA:135,17,0,0
BRDA:135,17,1,0
BRDA:138,18,0,0
BRDA:138,18,1,0
BRDA:139,19,0,0
BRDA:139,19,1,0
BRDA:140,20,0,0
BRDA:140,20,1,0
BRDA:141,21,0,0
BRDA:141,21,1,0
BRDA:155,22,0,1
BRDA:155,22,1,1
BRDA:155,23,0,2
BRDA:155,23,1,1
BRDA:162,24,0,0
BRDA:162,24,1,1
BRDA:162,25,0,1
BRDA:162,25,1,1
BRDA:163,26,0,0
BRDA:163,26,1,1
BRF:52
BRH:33
end_of_record
TN:
SF:src\routes\votes.js
FN:11,(anonymous_0)
FN:31,(anonymous_1)
FN:52,(anonymous_2)
FN:57,(anonymous_3)
FN:67,(anonymous_4)
FN:73,(anonymous_5)
FN:92,(anonymous_6)
FN:98,(anonymous_7)
FN:102,(anonymous_8)
FN:112,(anonymous_9)
FN:127,(anonymous_10)
FNF:11
FNH:10
FNDA:1,(anonymous_0)
FNDA:3,(anonymous_1)
FNDA:2,(anonymous_2)
FNDA:2,(anonymous_3)
FNDA:2,(anonymous_4)
FNDA:0,(anonymous_5)
FNDA:2,(anonymous_6)
FNDA:2,(anonymous_7)
FNDA:4,(anonymous_8)
FNDA:2,(anonymous_9)
FNDA:2,(anonymous_10)
DA:1,15
DA:2,15
DA:4,15
DA:5,15
DA:6,15
DA:7,15
DA:8,15
DA:11,15
DA:12,1
DA:13,1
DA:14,1
DA:15,1
DA:17,1
DA:23,1
DA:24,1
DA:26,0
DA:31,15
DA:32,3
DA:33,3
DA:34,3
DA:35,2
DA:38,1
DA:48,1
DA:51,1
DA:53,2
DA:57,2
DA:58,1
DA:60,1
DA:62,2
DA:67,15
DA:68,2
DA:69,2
DA:70,2
DA:73,1
DA:74,1
DA:77,1
DA:80,1
DA:81,1
DA:82,1
DA:84,1
DA:85,1
DA:87,1
DA:92,15
DA:93,2
DA:94,2
DA:95,2
DA:97,1
DA:98,2
DA:102,4
DA:105,1
DA:107,1
DA:112,15
DA:113,2
DA:114,2
DA:119,2
DA:120,1
DA:122,1
DA:127,15
DA:128,2
DA:129,2
DA:130,2
DA:131,1
DA:133,1
DA:137,15
LF:64
LH:63
BRDA:13,0,0,1
BRDA:13,1,0,1
BRDA:15,2,0,0
BRDA:15,2,1,1
BRDA:34,3,0,2
BRDA:34,3,1,1
BRDA:34,4,0,3
BRDA:34,4,1,3
BRDA:34,4,2,2
BRDA:34,4,3,2
BRDA:41,5,0,1
BRDA:41,5,1,0
BRDA:70,6,0,1
BRDA:70,6,1,1
BRDA:74,7,0,0
BRDA:74,7,1,1
BRDA:81,8,0,1
BRDA:81,8,1,1
BRDA:95,9,0,1
BRDA:95,9,1,1
BRDA:101,10,0,0
BRDA:101,10,1,2
BRDA:119,11,0,1
BRDA:119,11,1,1
BRDA:130,12,0,1
BRDA:130,12,1,1
BRF:26
BRH:22
end_of_record
TN:
SF:src\services\notificationService.js
FN:7,(anonymous_0)
FN:62,(anonymous_1)
FN:81,(anonymous_2)
FN:89,(anonymous_3)
FN:102,(anonymous_4)
FN:122,(anonymous_5)
FN:138,(anonymous_6)
FN:155,(anonymous_7)
FN:171,(anonymous_8)
FN:186,(anonymous_9)
FN:220,(anonymous_10)
FN:250,(anonymous_11)
FN:279,(anonymous_12)
FN:313,(anonymous_13)
FN:329,(anonymous_14)
FN:360,(anonymous_15)
FNF:16
FNH:0
FNDA:0,(anonymous_0)
FNDA:0,(anonymous_1)
FNDA:0,(anonymous_2)
FNDA:0,(anonymous_3)
FNDA:0,(anonymous_4)
FNDA:0,(anonymous_5)
FNDA:0,(anonymous_6)
FNDA:0,(anonymous_7)
FNDA:0,(anonymous_8)
FNDA:0,(anonymous_9)
FNDA:0,(anonymous_10)
FNDA:0,(anonymous_11)
FNDA:0,(anonymous_12)
FNDA:0,(anonymous_13)
FNDA:0,(anonymous_14)
FNDA:0,(anonymous_15)
DA:1,14
DA:2,14
DA:3,14
DA:8,0
DA:17,0
DA:20,0
DA:21,0
DA:22,0
DA:26,0
DA:45,0
DA:48,0
DA:49,0
DA:52,0
DA:54,0
DA:56,0
DA:57,0
DA:63,0
DA:64,0
DA:66,0
DA:67,0
DA:68,0
DA:71,0
DA:73,0
DA:75,0
DA:76,0
DA:82,0
DA:83,0
DA:89,0
DA:90,0
DA:92,0
DA:94,0
DA:96,0
DA:97,0
DA:103,0
DA:104,0
DA:106,0
DA:107,0
DA:110,0
DA:114,0
DA:116,0
DA:117,0
DA:123,0
DA:124,0
DA:130,0
DA:132,0
DA:133,0
DA:139,0
DA:140,0
DA:145,0
DA:147,0
DA:149,0
DA:150,0
DA:156,0
DA:157,0
DA:163,0
DA:165,0
DA:166,0
DA:172,0
DA:173,0
DA:178,0
DA:180,0
DA:181,0
DA:187,0
DA:188,0
DA:189,0
DA:193,0
DA:195,0
DA:197,0
DA:210,0
DA:212,0
DA:214,0
DA:215,0
DA:221,0
DA:222,0
DA:223,0
DA:225,0
DA:227,0
DA:240,0
DA:242,0
DA:244,0
DA:245,0
DA:251,0
DA:252,0
DA:253,0
DA:255,0
DA:257,0
DA:269,0
DA:271,0
DA:273,0
DA:274,0
DA:280,0
DA:281,0
DA:282,0
DA:284,0
DA:286,0
DA:303,0
DA:304,0
DA:305,0
DA:307,0
DA:312,0
DA:313,0
DA:318,0
DA:321,0
DA:323,0
DA:324,0
DA:330,0
DA:333,0
DA:334,0
DA:335,0
DA:338,0
DA:339,0
DA:340,0
DA:343,0
DA:344,0
DA:345,0
DA:348,0
DA:349,0
DA:351,0
DA:353,0
DA:354,0
DA:355,0
DA:361,0
DA:362,0
DA:364,0
DA:369,0
DA:371,0
DA:373,0
DA:374,0
DA:379,14
LF:129
LH:4
BRDA:14,0,0,0
BRDA:15,1,0,0
BRDA:16,2,0,0
BRDA:21,3,0,0
BRDA:21,3,1,0
BRDA:36,4,0,0
BRDA:36,4,1,0
BRDA:48,5,0,0
BRDA:48,5,1,0
BRDA:102,6,0,0
BRDA:102,7,0,0
BRDA:106,8,0,0
BRDA:106,8,1,0
BRDA:193,9,0,0
BRDA:193,9,1,0
BRDA:198,10,0,0
BRDA:198,10,1,0
BRDA:199,11,0,0
BRDA:199,11,1,0
BRDA:200,12,0,0
BRDA:200,12,1,0
BRDA:206,13,0,0
BRDA:206,13,1,0
BRDA:225,14,0,0
BRDA:225,14,1,0
BRDA:228,15,0,0
BRDA:228,15,1,0
BRDA:229,16,0,0
BRDA:229,16,1,0
BRDA:236,17,0,0
BRDA:236,17,1,0
BRDA:255,18,0,0
BRDA:255,18,1,0
BRDA:284,19,0,0
BRDA:284,19,1,0
BRDA:288,20,0,0
BRDA:288,20,1,0
BRDA:294,21,0,0
BRDA:294,21,1,0
BRDA:303,22,0,0
BRDA:303,22,1,0
BRDA:333,23,0,0
BRDA:333,23,1,0
BRDA:338,24,0,0
BRDA:338,24,1,0
BRDA:343,25,0,0
BRDA:343,25,1,0
BRF:47
BRH:0
end_of_record
TN:
SF:src\services\photoService.js
FN:8,(anonymous_0)
FN:57,(anonymous_1)
FN:100,(anonymous_2)
FN:115,(anonymous_3)
FN:130,(anonymous_4)
FN:154,(anonymous_5)
FN:178,(anonymous_6)
FN:196,(anonymous_7)
FN:201,(anonymous_8)
FN:219,(anonymous_9)
FN:225,(anonymous_10)
FN:226,(anonymous_11)
FN:227,(anonymous_12)
FN:228,(anonymous_13)
FN:229,(anonymous_14)
FN:230,(anonymous_15)
FN:242,(anonymous_16)
FN:266,(anonymous_17)
FN:272,(anonymous_18)
FN:278,(anonymous_19)
FN:281,(anonymous_20)
FNF:21
FNH:0
FNDA:0,(anonymous_0)
FNDA:0,(anonymous_1)
FNDA:0,(anonymous_2)
FNDA:0,(anonymous_3)
FNDA:0,(anonymous_4)
FNDA:0,(anonymous_5)
FNDA:0,(anonymous_6)
FNDA:0,(anonymous_7)
FNDA:0,(anonymous_8)
FNDA:0,(anonymous_9)
FNDA:0,(anonymous_10)
FNDA:0,(anonymous_11)
FNDA:0,(anonymous_12)
FNDA:0,(anonymous_13)
FNDA:0,(anonymous_14)
FNDA:0,(anonymous_15)
FNDA:0,(anonymous_16)
FNDA:0,(anonymous_17)
FNDA:0,(anonymous_18)
FNDA:0,(anonymous_19)
FNDA:0,(anonymous_20)
DA:1,14
DA:2,14
DA:3,14
DA:4,14
DA:9,0
DA:10,0
DA:13,0
DA:14,0
DA:15,0
DA:19,0
DA:20,0
DA:21,0
DA:25,0
DA:41,0
DA:44,0
DA:45,0
DA:47,0
DA:49,0
DA:51,0
DA:52,0
DA:58,0
DA:59,0
DA:60,0
DA:61,0
DA:72,0
DA:75,0
DA:88,0
DA:90,0
DA:92,0
DA:94,0
DA:95,0
DA:101,0
DA:102,0
DA:107,0
DA:109,0
DA:110,0
DA:116,0
DA:117,0
DA:122,0
DA:124,0
DA:125,0
DA:131,0
DA:132,0
DA:133,0
DA:134,0
DA:137,0
DA:138,0
DA:139,0
DA:140,0
DA:142,0
DA:144,0
DA:146,0
DA:148,0
DA:149,0
DA:155,0
DA:156,0
DA:157,0
DA:158,0
DA:161,0
DA:162,0
DA:163,0
DA:164,0
DA:166,0
DA:168,0
DA:170,0
DA:172,0
DA:173,0
DA:179,0
DA:180,0
DA:185,0
DA:190,0
DA:191,0
DA:195,0
DA:196,0
DA:201,0
DA:211,0
DA:213,0
DA:214,0
DA:220,0
DA:221,0
DA:223,0
DA:225,0
DA:226,0
DA:227,0
DA:228,0
DA:229,0
DA:230,0
DA:234,0
DA:236,0
DA:237,0
DA:243,0
DA:244,0
DA:245,0
DA:246,0
DA:250,0
DA:254,0
DA:256,0
DA:258,0
DA:260,0
DA:261,0
DA:267,0
DA:268,0
DA:274,0
DA:279,0
DA:281,0
DA:282,0
DA:285,0
DA:289,14
LF:108
LH:5
BRDA:14,0,0,0
BRDA:14,0,1,0
BRDA:20,1,0,0
BRDA:20,1,1,0
BRDA:60,2,0,0
BRDA:60,2,1,0
BRDA:76,3,0,0
BRDA:76,3,1,0
BRDA:77,4,0,0
BRDA:77,4,1,0
BRDA:78,5,0,0
BRDA:78,5,1,0
BRDA:79,6,0,0
BRDA:79,6,1,0
BRDA:80,7,0,0
BRDA:80,7,1,0
BRDA:81,8,0,0
BRDA:81,8,1,0
BRDA:84,9,0,0
BRDA:84,9,1,0
BRDA:130,10,0,0
BRDA:133,11,0,0
BRDA:133,11,1,0
BRDA:157,12,0,0
BRDA:157,12,1,0
BRDA:190,13,0,0
BRDA:190,13,1,0
BRDA:190,14,0,0
BRDA:190,14,1,0
BRDA:245,15,0,0
BRDA:245,15,1,0
BRDA:266,16,0,0
BRDA:266,17,0,0
BRDA:266,18,0,0
BRDA:272,19,0,0
BRDA:272,20,0,0
BRDA:274,21,0,0
BRDA:274,21,1,0
BRDA:279,22,0,0
BRDA:279,22,1,0
BRDA:282,23,0,0
BRDA:282,23,1,0
BRF:42
BRH:0
end_of_record
TN:
SF:src\utils\errors.js
FN:4,(anonymous_0)
FN:12,(anonymous_1)
FN:19,(anonymous_2)
FN:26,(anonymous_3)
FN:33,(anonymous_4)
FN:40,(anonymous_5)
FN:47,(anonymous_6)
FNF:7
FNH:6
FNDA:92,(anonymous_0)
FNDA:37,(anonymous_1)
FNDA:7,(anonymous_2)
FNDA:7,(anonymous_3)
FNDA:38,(anonymous_4)
FNDA:3,(anonymous_5)
FNDA:0,(anonymous_6)
DA:5,92
DA:6,92
DA:7,92
DA:13,37
DA:14,37
DA:20,7
DA:21,7
DA:27,7
DA:28,7
DA:34,38
DA:35,38
DA:41,3
DA:42,3
DA:48,0
DA:49,0
DA:53,15
LF:16
LH:14
BRDA:19,0,0,0
BRDA:26,1,0,0
BRDA:33,2,0,0
BRDA:47,3,0,0
BRF:4
BRH:0
end_of_record
TN:
SF:src\utils\logger.js
FNF:0
FNH:0
DA:1,15
DA:2,15
DA:3,15
DA:5,15
DA:29,15
DA:30,15
DA:38,15
LF:7
LH:7
BRDA:29,0,0,15
BRDA:29,0,1,0
BRF:2
BRH:1
end_of_record
TN:
SF:src\utils\passwordUtils.js
FN:9,(anonymous_0)
FN:33,(anonymous_1)
FNF:2
FNH:0
FNDA:0,(anonymous_0)
FNDA:0,(anonymous_1)
DA:1,0
DA:2,0
DA:9,0
DA:10,0
DA:11,0
DA:12,0
DA:15,0
DA:16,0
DA:18,0
DA:19,0
DA:22,0
DA:23,0
DA:33,0
DA:34,0
DA:35,0
DA:36,0
DA:39,0
DA:40,0
DA:43,0
DA:45,0
DA:46,0
DA:49,0
DA:50,0
DA:54,0
LF:24
LH:0
BRDA:11,0,0,0
BRDA:11,0,1,0
BRDA:11,1,0,0
BRDA:11,1,1,0
BRDA:35,2,0,0
BRDA:35,2,1,0
BRDA:35,3,0,0
BRDA:35,3,1,0
BRDA:39,4,0,0
BRDA:39,4,1,0
BRDA:39,5,0,0
BRDA:39,5,1,0
BRF:12
BRH:0
end_of_record
TN:
SF:src\utils\responseFormatter.js
FN:4,(anonymous_0)
FNF:1
FNH:1
FNDA:5,(anonymous_0)
DA:5,5
DA:6,5
DA:7,5
DA:8,5
DA:9,5
DA:13,1
LF:6
LH:6
BRDA:4,0,0,2
BRDA:4,1,0,2
BRF:2
BRH:2
end_of_record
TN:
SF:src\utils\tokenUtils.js
FN:15,(anonymous_0)
FN:40,(anonymous_1)
FN:65,(anonymous_2)
FN:83,(anonymous_3)
FNF:4
FNH:3
FNDA:3,(anonymous_0)
FNDA:4,(anonymous_1)
FNDA:2,(anonymous_2)
FNDA:0,(anonymous_3)
DA:1,15
DA:2,15
DA:3,15
DA:4,15
DA:7,15
DA:8,0
DA:12,15
DA:15,15
DA:16,3
DA:17,0
DA:20,3
DA:23,3
DA:30,3
DA:36,3
DA:40,15
DA:41,4
DA:43,4
DA:44,0
DA:47,4
DA:48,4
DA:49,4
DA:52,0
DA:53,0
DA:54,0
DA:56,0
DA:57,0
DA:59,0
DA:60,0
DA:65,15
DA:66,2
DA:67,2
DA:68,0
DA:71,2
DA:74,1
DA:75,0
DA:77,1
DA:78,1
DA:83,15
DA:84,0
DA:85,0
DA:88,15
LF:41
LH:27
BRDA:7,0,0,0
BRDA:7,0,1,15
BRDA:7,1,0,15
BRDA:7,1,1,15
BRDA:15,2,0,1
BRDA:16,3,0,0
BRDA:16,3,1,3
BRDA:16,4,0,3
BRDA:16,4,1,3
BRDA:43,5,0,0
BRDA:43,5,1,4
BRDA:52,6,0,0
BRDA:52,6,1,0
BRDA:56,7,0,0
BRDA:56,7,1,0
BRDA:67,8,0,0
BRDA:67,8,1,2
BRDA:74,9,0,0
BRDA:74,9,1,1
BRF:19
BRH:10
end_of_record
TN:
SF:src\utils\translator.js
FN:18,(anonymous_0)
FN:24,(anonymous_1)
FN:48,(anonymous_2)
FN:57,(anonymous_3)
FN:65,(anonymous_4)
FN:70,(anonymous_5)
FN:75,(anonymous_6)
FN:80,(anonymous_7)
FNF:8
FNH:4
FNDA:15,(anonymous_0)
FNDA:7,(anonymous_1)
FNDA:14,(anonymous_2)
FNDA:0,(anonymous_3)
FNDA:188,(anonymous_4)
FNDA:0,(anonymous_5)
FNDA:0,(anonymous_6)
FNDA:0,(anonymous_7)
DA:1,15
DA:2,15
DA:3,15
DA:4,15
DA:7,15
DA:8,0
DA:11,15
DA:19,15
DA:20,15
DA:26,7
DA:27,0
DA:28,0
DA:32,7
DA:33,7
DA:35,7
DA:36,14
DA:37,14
DA:39,0
DA:40,0
DA:45,7
DA:47,7
DA:48,7
DA:49,14
DA:53,7
DA:58,0
DA:59,0
DA:61,0
DA:66,188
DA:71,0
DA:76,0
DA:81,0
DA:85,15
LF:32
LH:21
BRDA:7,0,0,0
BRDA:7,0,1,15
BRDA:7,1,0,15
BRDA:7,1,1,15
BRDA:7,1,2,15
BRDA:18,2,0,15
BRDA:24,3,0,0
BRDA:24,4,0,0
BRDA:26,5,0,0
BRDA:26,5,1,7
BRDA:36,6,0,14
BRDA:36,6,1,0
BRDA:36,7,0,14
BRDA:36,7,1,14
BRDA:45,8,0,7
BRDA:45,8,1,0
BRDA:47,9,0,7
BRDA:47,9,1,0
BRDA:58,10,0,0
BRDA:58,10,1,0
BRDA:81,11,0,0
BRDA:81,11,1,0
BRF:22
BRH:11
end_of_record
